************************************************************
*                                                          *
*                      W E L C O M E to                    *
*             M A D G R A P H 5 _ a M C @ N L O            *
*                      M A D E V E N T                     *
*                                                          *
*                 *                       *                *
*                   *        * *        *                  *
*                     * * * * 5 * * * *                    *
*                   *        * *        *                  *
*                 *                       *                *
*                                                          *
*         VERSION 2.9.7                 20xx-xx-xx         *
*                                                          *
*    The MadGraph5_aMC@NLO Development Team - Find us at   *
*    https://server06.fynu.ucl.ac.be/projects/madgraph     *
*                                                          *
*               Type 'help' for in-line help.              *
*                                                          *
************************************************************
INFO: load configuration from /home/bruno/NewScalars/Work/MG5_aMC_v2_9_7/gg_eta_s3/Cards/me5_configuration.txt  
INFO: load configuration from /home/bruno/NewScalars/Work/MG5_aMC_v2_9_7/input/mg5_configuration.txt  
INFO: load configuration from /home/bruno/NewScalars/Work/MG5_aMC_v2_9_7/gg_eta_s3/Cards/me5_configuration.txt  
No valid eps viewer found. Please set in ./input/mg5_configuration.txt
Using default web browser "firefox". Set another one in ./input/mg5_configuration.txt
generate_events 
stty: 'standard input': Inappropriate ioctl for device
The following switches determine which programs are run:
/===========================================================================\
| 1. Choose the shower/hadronization program   [1m  shower[0m = [01mNot Avail.[0m        |
| 2. Choose the detector simulation program    [1mdetector[0m = [01mNot Avail.[0m        |
| 3. Choose an analysis package (plot/convert) [1manalysis[0m = [01mNot Avail.[0m        |
| 4. Decay onshell particles                   [1m madspin[0m = [31mOFF[0m               |
| 5. Add weights to events for new hypp.       [1mreweight[0m = [31mOFF[0m               |
\===========================================================================/
Either type the switch number (1 to 5) to change its setting,
Set any switch explicitly (e.g. type 'madspin=ON' at the prompt)
Type 'help' for the list of all valid option
Type '0', 'auto', 'done' or just press enter when you are done.[60s to answer] 
>stty: 'standard input': Inappropriate ioctl for device
Do you want to edit a card (press enter to bypass editing)?
/------------------------------------------------------------\
|  [31m1[0m. param         : [32mparam_card.dat[0m                         |
|  [31m2[0m. run           : [32mrun_card.dat[0m                           |
|  [31m3[0m. MadLoopParams : [32mMadLoopParams.dat[0m                      |
\------------------------------------------------------------/
 you can also
   - enter the path to a valid card or banner.
   - use the 'set' command to modify a parameter directly.
     The set option works only for param_card and run_card.
     Type 'help set' for more information on this command.
   - call an external program (ASperGE/MadWidth/...).
     Type 'help' for the list of available command
 [[4m0[0m, done, 1, param, 2, run, 3, MadLoopParams, enter path][90s to answer] 
>INFO: Update the dependent parameter of the param_card.dat 
Generating 10000 events with run name run_06
survey  run_06 
INFO: compile directory 
initMadLoop -r -f
Initializing MadLoop loop-induced matrix elements (this can take some time)...
MadLoop initialization finished.
compile Source Directory
Using random number seed offset = 51
INFO: Running Survey 
Creating Jobs
Working on SubProcesses
INFO:     P0_gg_hh  
INFO:  Idle: 4,  Running: 0,  Completed: 0 [ current time: 23h36 ] 
INFO:  Idle: 0,  Running: 3,  Completed: 1 [  55s  ] 
INFO: P0_gg_hh/G1 is at 0.0208 +- 0.00143 pb. Now submitting iteration #2. 
INFO: P0_gg_hh/G2 is at 0.0125 +- 0.000449 pb. Now submitting iteration #2. 
INFO:  Idle: 0,  Running: 3,  Completed: 7 [  2m 33s  ] 
INFO: P0_gg_hh/G1 is at 0.0193 +- 0.000566 pb. Now submitting iteration #3. 
INFO: P0_gg_hh/G2 is at 0.0116 +- 0.000309 pb. Now submitting iteration #3. 
INFO:  Idle: 0,  Running: 3,  Completed: 13 [  5m 36s  ] 
INFO:  Idle: 1,  Running: 1,  Completed: 15 [  5m 39s  ] 
INFO: Survey finished for P0_gg_hh/G1 at 0.0196 +- 0.0002 pb 
INFO:  Idle: 1,  Running: 0,  Completed: 17 [  5m 43s  ] 
INFO: Survey finished for P0_gg_hh/G2 at 0.01152 +- 0.000109 pb 
INFO:  Idle: 0,  Running: 0,  Completed: 18 [  5m 43s  ] 
INFO: End survey 
refine 10000
Creating Jobs
INFO: Refine results to 10000 
INFO: Generating 10000.0 unweighted events. 
sum of cpu time of last step: 0 second
INFO: Effective Luminosity 369394.83489656943 pb^-1 
INFO: need to improve 2 channels 
- Current estimate of cross-section: 0.031132 +- 0.00022780006782264136
INFO:  Idle: 2,  Running: 7,  Completed: 0 [ current time: 23h42 ] 
INFO:  Idle: 1,  Running: 8,  Completed: 1 [  1m 17s  ] 
INFO:  Idle: 0,  Running: 8,  Completed: 2 [  5m 44s  ] 
INFO: P0_gg_hh/G2 is at 1004/4269 (24%) event. Resubmit 2 job at iteration 1. 
INFO:  Idle: 0,  Running: 6,  Completed: 6 [  5m 48s  ] 
INFO:  Idle: 1,  Running: 2,  Completed: 10 [  7m 2s  ] 
INFO: P0_gg_hh/G1 is at 281/7358 (3.8%) event. Resubmit 20 job at iteration 1. 
INFO:  Idle: 12,  Running: 8,  Completed: 14 [  12m 27s  ] 
INFO:  Idle: 9,  Running: 8,  Completed: 17 [  12m 31s  ] 
INFO:  Idle: 6,  Running: 8,  Completed: 20 [  12m 35s  ] 
INFO:  Idle: 4,  Running: 8,  Completed: 22 [  17m 25s  ] 
INFO:  Idle: 3,  Running: 8,  Completed: 23 [  17m 31s  ] 
INFO: P0_gg_hh/G2 is at 3005/4252 (71%) event. Resubmit 2 job at iteration 2. 
INFO:  Idle: 0,  Running: 6,  Completed: 30 [  17m 38s  ] 
INFO:  Idle: 0,  Running: 5,  Completed: 31 [  18m 34s  ] 
INFO: found enough event for P0_gg_hh/G2 
INFO:  Idle: 0,  Running: 3,  Completed: 34 [  21m 37s  ] 
INFO:  Idle: 1,  Running: 0,  Completed: 37 [  21m 41s  ] 
INFO: P0_gg_hh/G1 is at 944/7372 (13%) event. Resubmit 50 job at iteration 2. 
INFO:  Idle: 41,  Running: 8,  Completed: 39 [  26m 51s  ] 
INFO:  Idle: 38,  Running: 8,  Completed: 42 [  26m 55s  ] 
INFO:  Idle: 34,  Running: 8,  Completed: 46 [  26m 58s  ] 
INFO:  Idle: 33,  Running: 8,  Completed: 47 [  32m 46s  ] 
INFO:  Idle: 31,  Running: 8,  Completed: 49 [  32m 53s  ] 
INFO:  Idle: 25,  Running: 8,  Completed: 55 [  38m 28s  ] 
INFO:  Idle: 23,  Running: 8,  Completed: 57 [  38m 35s  ] 
INFO:  Idle: 18,  Running: 8,  Completed: 62 [  38m 38s  ] 
INFO:  Idle: 17,  Running: 8,  Completed: 63 [  42m 28s  ] 
INFO:  Idle: 15,  Running: 8,  Completed: 65 [  42m 34s  ] 
INFO:  Idle: 11,  Running: 8,  Completed: 69 [  42m 37s  ] 
INFO:  Idle: 9,  Running: 8,  Completed: 71 [  47m 4s  ] 
INFO:  Idle: 7,  Running: 8,  Completed: 73 [  47m 8s  ] 
INFO:  Idle: 2,  Running: 8,  Completed: 78 [  47m 11s  ] 
INFO:  Idle: 1,  Running: 8,  Completed: 79 [  51m 39s  ] 
INFO:  Idle: 0,  Running: 7,  Completed: 81 [  51m 44s  ] 
INFO:  Idle: 0,  Running: 4,  Completed: 84 [  51m 47s  ] 
INFO:  Idle: 0,  Running: 1,  Completed: 87 [  56m 7s  ] 
INFO: P0_gg_hh/G1 is at 3347/7361 ('45%') event. Resubmit 75 job at iteration 3. 
INFO:  Idle: 66,  Running: 8,  Completed: 90 [  1h 1m  ] 
INFO:  Idle: 63,  Running: 8,  Completed: 93 [  1h 1m  ] 
INFO:  Idle: 58,  Running: 8,  Completed: 98 [  1h 6m  ] 
INFO:  Idle: 54,  Running: 8,  Completed: 102 [  1h 6m  ] 
INFO:  Idle: 51,  Running: 8,  Completed: 105 [  1h 6m  ] 
INFO:  Idle: 50,  Running: 8,  Completed: 106 [  1h 10m  ] 
INFO:  Idle: 44,  Running: 8,  Completed: 112 [  1h 10m  ] 
INFO:  Idle: 42,  Running: 8,  Completed: 114 [  1h 14m  ] 
INFO:  Idle: 41,  Running: 8,  Completed: 115 [  1h 14m  ] 
INFO:  Idle: 38,  Running: 8,  Completed: 118 [  1h 14m  ] 
INFO:  Idle: 35,  Running: 8,  Completed: 121 [  1h 14m  ] 
INFO:  Idle: 34,  Running: 8,  Completed: 122 [  1h 18m  ] 
INFO:  Idle: 33,  Running: 8,  Completed: 123 [  1h 18m  ] 
INFO:  Idle: 31,  Running: 8,  Completed: 125 [  1h 18m  ] 
INFO:  Idle: 28,  Running: 8,  Completed: 128 [  1h 18m  ] 
INFO:  Idle: 26,  Running: 8,  Completed: 130 [  1h 21m  ] 
INFO:  Idle: 25,  Running: 8,  Completed: 131 [  1h 22m  ] 
INFO:  Idle: 22,  Running: 8,  Completed: 134 [  1h 22m  ] 
INFO:  Idle: 19,  Running: 8,  Completed: 137 [  1h 22m  ] 
INFO:  Idle: 18,  Running: 8,  Completed: 138 [  1h 26m  ] 
INFO:  Idle: 17,  Running: 8,  Completed: 139 [  1h 26m  ] 
INFO:  Idle: 15,  Running: 8,  Completed: 141 [  1h 26m  ] 
INFO:  Idle: 11,  Running: 8,  Completed: 145 [  1h 26m  ] 
INFO:  Idle: 10,  Running: 8,  Completed: 146 [  1h 31m  ] 
INFO:  Idle: 9,  Running: 8,  Completed: 147 [  1h 31m  ] 
INFO:  Idle: 6,  Running: 8,  Completed: 150 [  1h 31m  ] 
INFO:  Idle: 4,  Running: 8,  Completed: 152 [  1h 31m  ] 
INFO:  Idle: 2,  Running: 8,  Completed: 154 [  1h 36m  ] 
INFO:  Idle: 1,  Running: 8,  Completed: 155 [  1h 36m  ] 
INFO:  Idle: 0,  Running: 5,  Completed: 159 [  1h 36m  ] 
INFO:  Idle: 0,  Running: 2,  Completed: 162 [  1h 40m  ] 
INFO:  Idle: 0,  Running: 1,  Completed: 163 [  1h 40m  ] 
INFO:  Idle: 1,  Running: 0,  Completed: 164 [  1h 40m  ] 
INFO: P0_gg_hh/G1 is at 4725/7363 ('64%') event. Resubmit 81 job at iteration 4. 
INFO:  Idle: 72,  Running: 8,  Completed: 166 [  1h 45m  ] 
INFO:  Idle: 69,  Running: 8,  Completed: 169 [  1h 45m  ] 
INFO:  Idle: 67,  Running: 8,  Completed: 171 [  1h 45m  ] 
INFO:  Idle: 64,  Running: 8,  Completed: 174 [  1h 50m  ] 
INFO:  Idle: 60,  Running: 8,  Completed: 178 [  1h 50m  ] 
INFO:  Idle: 59,  Running: 8,  Completed: 179 [  1h 50m  ] 
INFO:  Idle: 56,  Running: 8,  Completed: 182 [  1h 54m  ] 
INFO:  Idle: 55,  Running: 8,  Completed: 183 [  1h 54m  ] 
INFO:  Idle: 52,  Running: 8,  Completed: 186 [  1h 54m  ] 
INFO:  Idle: 50,  Running: 8,  Completed: 188 [  1h 54m  ] 
INFO:  Idle: 48,  Running: 8,  Completed: 190 [  1h 59m  ] 
INFO:  Idle: 47,  Running: 8,  Completed: 191 [  1h 59m  ] 
INFO:  Idle: 44,  Running: 8,  Completed: 194 [  1h 59m  ] 
INFO:  Idle: 42,  Running: 8,  Completed: 196 [  2h 0m  ] 
INFO:  Idle: 40,  Running: 8,  Completed: 198 [  2h 5m  ] 
INFO:  Idle: 39,  Running: 8,  Completed: 199 [  2h 5m  ] 
INFO:  Idle: 33,  Running: 8,  Completed: 205 [  2h 5m  ] 
INFO:  Idle: 32,  Running: 8,  Completed: 206 [  2h 9m  ] 
INFO:  Idle: 31,  Running: 8,  Completed: 207 [  2h 9m  ] 
INFO:  Idle: 27,  Running: 8,  Completed: 211 [  2h 9m  ] 
INFO:  Idle: 24,  Running: 8,  Completed: 214 [  2h 13m  ] 
INFO:  Idle: 20,  Running: 8,  Completed: 218 [  2h 13m  ] 
INFO:  Idle: 17,  Running: 8,  Completed: 221 [  2h 13m  ] 
INFO:  Idle: 16,  Running: 8,  Completed: 222 [  2h 17m  ] 
INFO:  Idle: 13,  Running: 8,  Completed: 225 [  2h 17m  ] 
INFO:  Idle: 11,  Running: 8,  Completed: 227 [  2h 17m  ] 
INFO:  Idle: 8,  Running: 8,  Completed: 230 [  2h 21m  ] 
INFO:  Idle: 7,  Running: 8,  Completed: 231 [  2h 21m  ] 
INFO:  Idle: 3,  Running: 8,  Completed: 235 [  2h 21m  ] 
INFO:  Idle: 1,  Running: 8,  Completed: 237 [  2h 21m  ] 
INFO:  Idle: 0,  Running: 8,  Completed: 238 [  2h 25m  ] 
INFO:  Idle: 0,  Running: 6,  Completed: 240 [  2h 25m  ] 
INFO:  Idle: 0,  Running: 4,  Completed: 242 [  2h 25m  ] 
INFO:  Idle: 0,  Running: 1,  Completed: 245 [  2h 26m  ] 
INFO:  Idle: 1,  Running: 0,  Completed: 246 [  2h 30m  ] 
INFO: found enough event for P0_gg_hh/G1 
INFO:  Idle: 0,  Running: 0,  Completed: 247 [  2h 30m  ] 
INFO: Combining runs 
sum of cpu time of last step: 0 second
INFO: finish refine 
refine 10000 --treshold=0.9
No need for second refine due to stability of cross-section
INFO: Combining Events 
 
 
 
  === Results Summary for run: run_06 tag: tag_1 ===

     Cumulative sequential time for this run: 3h45m41s
     Cross-section :   0.03145 +- 1.905e-05 pb
     Nb of events :  10000
 
INFO: No version of lhapdf. Can not run systematics computation 
store_events
INFO: Storing parton level results 
INFO: End Parton 
reweight -from_cards
decay_events -from_cards
INFO: storing files of previous run 
INFO: Done 
quit
INFO:  
