************************************************************
*                                                          *
*                      W E L C O M E to                    *
*             M A D G R A P H 5 _ a M C @ N L O            *
*                      M A D E V E N T                     *
*                                                          *
*                 *                       *                *
*                   *        * *        *                  *
*                     * * * * 5 * * * *                    *
*                   *        * *        *                  *
*                 *                       *                *
*                                                          *
*         VERSION 2.9.7                 20xx-xx-xx         *
*                                                          *
*    The MadGraph5_aMC@NLO Development Team - Find us at   *
*    https://server06.fynu.ucl.ac.be/projects/madgraph     *
*                                                          *
*               Type 'help' for in-line help.              *
*                                                          *
************************************************************
INFO: load configuration from /home/bruno/NewScalars/Work/MG5_aMC_v2_9_7/gg_eta_s4/Cards/me5_configuration.txt  
INFO: load configuration from /home/bruno/NewScalars/Work/MG5_aMC_v2_9_7/input/mg5_configuration.txt  
INFO: load configuration from /home/bruno/NewScalars/Work/MG5_aMC_v2_9_7/gg_eta_s4/Cards/me5_configuration.txt  
No valid eps viewer found. Please set in ./input/mg5_configuration.txt
Using default web browser "firefox". Set another one in ./input/mg5_configuration.txt
generate_events 
stty: 'standard input': Inappropriate ioctl for device
The following switches determine which programs are run:
/===========================================================================\
| 1. Choose the shower/hadronization program   [1m  shower[0m = [01mNot Avail.[0m        |
| 2. Choose the detector simulation program    [1mdetector[0m = [01mNot Avail.[0m        |
| 3. Choose an analysis package (plot/convert) [1manalysis[0m = [01mNot Avail.[0m        |
| 4. Decay onshell particles                   [1m madspin[0m = [31mOFF[0m               |
| 5. Add weights to events for new hypp.       [1mreweight[0m = [31mOFF[0m               |
\===========================================================================/
Either type the switch number (1 to 5) to change its setting,
Set any switch explicitly (e.g. type 'madspin=ON' at the prompt)
Type 'help' for the list of all valid option
Type '0', 'auto', 'done' or just press enter when you are done.[60s to answer] 
>stty: 'standard input': Inappropriate ioctl for device
Do you want to edit a card (press enter to bypass editing)?
/------------------------------------------------------------\
|  [31m1[0m. param         : [32mparam_card.dat[0m                         |
|  [31m2[0m. run           : [32mrun_card.dat[0m                           |
|  [31m3[0m. MadLoopParams : [32mMadLoopParams.dat[0m                      |
\------------------------------------------------------------/
 you can also
   - enter the path to a valid card or banner.
   - use the 'set' command to modify a parameter directly.
     The set option works only for param_card and run_card.
     Type 'help set' for more information on this command.
   - call an external program (ASperGE/MadWidth/...).
     Type 'help' for the list of available command
 [[4m0[0m, done, 1, param, 2, run, 3, MadLoopParams, enter path][90s to answer] 
>INFO: Update the dependent parameter of the param_card.dat 
Generating 10000 events with run name run_05
survey  run_05 
INFO: compile directory 
initMadLoop -r -f
Initializing MadLoop loop-induced matrix elements (this can take some time)...
MadLoop initialization finished.
compile Source Directory
Using random number seed offset = 45
INFO: Running Survey 
Creating Jobs
Working on SubProcesses
INFO:     P0_gg_hh  
INFO:  Idle: 4,  Running: 0,  Completed: 0 [ current time: 22h13 ] 
INFO:  Idle: 0,  Running: 3,  Completed: 1 [  55.8s  ] 
INFO: P0_gg_hh/G1 is at 0.0156 +- 0.000901 pb. Now submitting iteration #2. 
INFO:  Idle: 1,  Running: 2,  Completed: 5 [  59.4s  ] 
INFO: P0_gg_hh/G2 is at 0.00979 +- 0.000383 pb. Now submitting iteration #2. 
INFO:  Idle: 0,  Running: 3,  Completed: 7 [  2m 37s  ] 
INFO: P0_gg_hh/G1 is at 0.0148 +- 0.000401 pb. Now submitting iteration #3. 
INFO:  Idle: 0,  Running: 3,  Completed: 10 [  2m 41s  ] 
INFO: P0_gg_hh/G2 is at 0.009539 +- 9.04e-05 pb. Now submitting iteration #3. 
INFO:  Idle: 0,  Running: 3,  Completed: 13 [  5m 38s  ] 
INFO: Survey finished for P0_gg_hh/G1 at 0.01466 +- 0.000111 pb 
INFO:  Idle: 1,  Running: 0,  Completed: 17 [  5m 43s  ] 
INFO: Survey finished for P0_gg_hh/G2 at 0.009537 +- 2.82e-05 pb 
INFO:  Idle: 0,  Running: 0,  Completed: 18 [  5m 43s  ] 
INFO: End survey 
refine 10000
Creating Jobs
INFO: Refine results to 10000 
INFO: Generating 10000.0 unweighted events. 
sum of cpu time of last step: 0 second
INFO: Effective Luminosity 475277.3139805922 pb^-1 
INFO: need to improve 2 channels 
- Current estimate of cross-section: 0.0241964 +- 0.00011449773868509368
INFO:  Idle: 3,  Running: 6,  Completed: 0 [ current time: 22h19 ] 
INFO:  Idle: 1,  Running: 8,  Completed: 1 [  3m 45s  ] 
INFO:  Idle: 0,  Running: 8,  Completed: 2 [  5m 30s  ] 
INFO: P0_gg_hh/G2 is at 2595/4537 (57%) event. Resubmit 1 job at iteration 1. 
INFO:  Idle: 1,  Running: 1,  Completed: 10 [  7m 59s  ] 
INFO: found enough event for P0_gg_hh/G2 
INFO: P0_gg_hh/G1 is at 221/7124 (3.1%) event. Resubmit 20 job at iteration 1. 
INFO:  Idle: 11,  Running: 8,  Completed: 14 [  13m 19s  ] 
INFO:  Idle: 7,  Running: 8,  Completed: 18 [  13m 22s  ] 
INFO:  Idle: 3,  Running: 8,  Completed: 22 [  19m 1s  ] 
INFO:  Idle: 0,  Running: 8,  Completed: 25 [  19m 5s  ] 
INFO:  Idle: 0,  Running: 3,  Completed: 30 [  23m 27s  ] 
INFO:  Idle: 0,  Running: 1,  Completed: 32 [  23m 31s  ] 
INFO: P0_gg_hh/G1 is at 398/7116 (5.6%) event. Resubmit 50 job at iteration 2. 
INFO:  Idle: 41,  Running: 8,  Completed: 35 [  27m 51s  ] 
INFO:  Idle: 39,  Running: 8,  Completed: 37 [  27m 55s  ] 
INFO:  Idle: 35,  Running: 8,  Completed: 41 [  27m 59s  ] 
INFO:  Idle: 34,  Running: 8,  Completed: 42 [  28m 4s  ] 
INFO:  Idle: 33,  Running: 8,  Completed: 43 [  33m 8s  ] 
INFO:  Idle: 32,  Running: 8,  Completed: 44 [  33m 13s  ] 
INFO:  Idle: 31,  Running: 8,  Completed: 45 [  33m 16s  ] 
INFO:  Idle: 29,  Running: 8,  Completed: 47 [  33m 19s  ] 
INFO:  Idle: 26,  Running: 8,  Completed: 50 [  33m 24s  ] 
INFO:  Idle: 25,  Running: 8,  Completed: 51 [  37m 48s  ] 
INFO:  Idle: 23,  Running: 8,  Completed: 53 [  37m 55s  ] 
INFO:  Idle: 21,  Running: 8,  Completed: 55 [  37m 58s  ] 
INFO:  Idle: 18,  Running: 8,  Completed: 58 [  38m 1s  ] 
INFO:  Idle: 17,  Running: 8,  Completed: 59 [  42m 5s  ] 
INFO:  Idle: 15,  Running: 8,  Completed: 61 [  42m 12s  ] 
INFO:  Idle: 12,  Running: 8,  Completed: 64 [  42m 17s  ] 
INFO:  Idle: 10,  Running: 8,  Completed: 66 [  42m 20s  ] 
INFO:  Idle: 9,  Running: 8,  Completed: 67 [  46m 11s  ] 
INFO:  Idle: 7,  Running: 8,  Completed: 69 [  46m 18s  ] 
INFO:  Idle: 4,  Running: 8,  Completed: 72 [  46m 22s  ] 
INFO:  Idle: 2,  Running: 8,  Completed: 74 [  46m 27s  ] 
INFO:  Idle: 1,  Running: 8,  Completed: 75 [  51m 12s  ] 
INFO:  Idle: 0,  Running: 7,  Completed: 77 [  51m 19s  ] 
INFO:  Idle: 0,  Running: 5,  Completed: 79 [  51m 24s  ] 
INFO:  Idle: 0,  Running: 3,  Completed: 81 [  51m 27s  ] 
INFO:  Idle: 0,  Running: 1,  Completed: 83 [  55m 44s  ] 
INFO:  Idle: 1,  Running: 0,  Completed: 84 [  55m 48s  ] 
INFO: P0_gg_hh/G1 is at 845/7093 ('12%') event. Resubmit 75 job at iteration 3. 
INFO:  Idle: 66,  Running: 8,  Completed: 86 [  1h 0m  ] 
INFO:  Idle: 61,  Running: 8,  Completed: 91 [  1h 0m  ] 
INFO:  Idle: 58,  Running: 8,  Completed: 94 [  1h 5m  ] 
INFO:  Idle: 51,  Running: 8,  Completed: 101 [  1h 5m  ] 
INFO:  Idle: 50,  Running: 8,  Completed: 102 [  1h 8m  ] 
INFO:  Idle: 49,  Running: 8,  Completed: 103 [  1h 8m  ] 
INFO:  Idle: 44,  Running: 8,  Completed: 108 [  1h 8m  ] 
INFO:  Idle: 42,  Running: 8,  Completed: 110 [  1h 12m  ] 
INFO:  Idle: 40,  Running: 8,  Completed: 112 [  1h 12m  ] 
INFO:  Idle: 36,  Running: 8,  Completed: 116 [  1h 12m  ] 
INFO:  Idle: 34,  Running: 8,  Completed: 118 [  1h 16m  ] 
INFO:  Idle: 31,  Running: 8,  Completed: 121 [  1h 16m  ] 
INFO:  Idle: 27,  Running: 8,  Completed: 125 [  1h 16m  ] 
INFO:  Idle: 26,  Running: 8,  Completed: 126 [  1h 20m  ] 
INFO:  Idle: 24,  Running: 8,  Completed: 128 [  1h 20m  ] 
INFO:  Idle: 20,  Running: 8,  Completed: 132 [  1h 20m  ] 
INFO:  Idle: 18,  Running: 8,  Completed: 134 [  1h 24m  ] 
INFO:  Idle: 16,  Running: 8,  Completed: 136 [  1h 24m  ] 
INFO:  Idle: 14,  Running: 8,  Completed: 138 [  1h 25m  ] 
INFO:  Idle: 12,  Running: 8,  Completed: 140 [  1h 25m  ] 
INFO:  Idle: 10,  Running: 8,  Completed: 142 [  1h 29m  ] 
INFO:  Idle: 9,  Running: 8,  Completed: 143 [  1h 29m  ] 
INFO:  Idle: 8,  Running: 8,  Completed: 144 [  1h 29m  ] 
INFO:  Idle: 4,  Running: 8,  Completed: 148 [  1h 29m  ] 
INFO:  Idle: 3,  Running: 8,  Completed: 149 [  1h 29m  ] 
INFO:  Idle: 2,  Running: 8,  Completed: 150 [  1h 33m  ] 
INFO:  Idle: 0,  Running: 8,  Completed: 152 [  1h 34m  ] 
INFO:  Idle: 0,  Running: 5,  Completed: 155 [  1h 34m  ] 
INFO:  Idle: 0,  Running: 2,  Completed: 158 [  1h 38m  ] 
INFO:  Idle: 0,  Running: 1,  Completed: 159 [  1h 38m  ] 
INFO: found enough event for P0_gg_hh/G1 
INFO:  Idle: 0,  Running: 0,  Completed: 161 [  1h 39m  ] 
INFO:  Idle: 0,  Running: 0,  Completed: 161 [  1h 39m  ] 
INFO: Combining runs 
sum of cpu time of last step: 0 second
INFO: finish refine 
refine 10000 --treshold=0.9
No need for second refine due to stability of cross-section
INFO: Combining Events 
 
 
 
  === Results Summary for run: run_05 tag: tag_1 ===

     Cumulative sequential time for this run: 2h00m50s
     Cross-section :   0.02437 +- 5.469e-05 pb
     Nb of events :  10000
 
INFO: No version of lhapdf. Can not run systematics computation 
store_events
INFO: Storing parton level results 
INFO: End Parton 
reweight -from_cards
decay_events -from_cards
INFO: storing files of previous run 
INFO: Done 
quit
INFO:  
