************************************************************
*                                                          *
*                      W E L C O M E to                    *
*             M A D G R A P H 5 _ a M C @ N L O            *
*                      M A D E V E N T                     *
*                                                          *
*                 *                       *                *
*                   *        * *        *                  *
*                     * * * * 5 * * * *                    *
*                   *        * *        *                  *
*                 *                       *                *
*                                                          *
*         VERSION 2.9.7                 20xx-xx-xx         *
*                                                          *
*    The MadGraph5_aMC@NLO Development Team - Find us at   *
*    https://server06.fynu.ucl.ac.be/projects/madgraph     *
*                                                          *
*               Type 'help' for in-line help.              *
*                                                          *
************************************************************
INFO: load configuration from /home/bruno/NewScalars/Work/MG5_aMC_v2_9_7/gg_eta_s5/Cards/me5_configuration.txt  
INFO: load configuration from /home/bruno/NewScalars/Work/MG5_aMC_v2_9_7/input/mg5_configuration.txt  
INFO: load configuration from /home/bruno/NewScalars/Work/MG5_aMC_v2_9_7/gg_eta_s5/Cards/me5_configuration.txt  
No valid eps viewer found. Please set in ./input/mg5_configuration.txt
Using default web browser "firefox". Set another one in ./input/mg5_configuration.txt
generate_events 
stty: 'standard input': Inappropriate ioctl for device
The following switches determine which programs are run:
/===========================================================================\
| 1. Choose the shower/hadronization program   [1m  shower[0m = [01mNot Avail.[0m        |
| 2. Choose the detector simulation program    [1mdetector[0m = [01mNot Avail.[0m        |
| 3. Choose an analysis package (plot/convert) [1manalysis[0m = [01mNot Avail.[0m        |
| 4. Decay onshell particles                   [1m madspin[0m = [31mOFF[0m               |
| 5. Add weights to events for new hypp.       [1mreweight[0m = [31mOFF[0m               |
\===========================================================================/
Either type the switch number (1 to 5) to change its setting,
Set any switch explicitly (e.g. type 'madspin=ON' at the prompt)
Type 'help' for the list of all valid option
Type '0', 'auto', 'done' or just press enter when you are done.[60s to answer] 
>stty: 'standard input': Inappropriate ioctl for device
Do you want to edit a card (press enter to bypass editing)?
/------------------------------------------------------------\
|  [31m1[0m. param         : [32mparam_card.dat[0m                         |
|  [31m2[0m. run           : [32mrun_card.dat[0m                           |
|  [31m3[0m. MadLoopParams : [32mMadLoopParams.dat[0m                      |
\------------------------------------------------------------/
 you can also
   - enter the path to a valid card or banner.
   - use the 'set' command to modify a parameter directly.
     The set option works only for param_card and run_card.
     Type 'help set' for more information on this command.
   - call an external program (ASperGE/MadWidth/...).
     Type 'help' for the list of available command
 [[4m0[0m, done, 1, param, 2, run, 3, MadLoopParams, enter path][90s to answer] 
>INFO: Update the dependent parameter of the param_card.dat 
Generating 10000 events with run name run_13
survey  run_13 
INFO: compile directory 
initMadLoop -r -f
Initializing MadLoop loop-induced matrix elements (this can take some time)...
MadLoop initialization finished.
compile Source Directory
Using random number seed offset = 93
INFO: Running Survey 
Creating Jobs
Working on SubProcesses
INFO:     P0_gg_hh  
INFO:  Idle: 1,  Running: 3,  Completed: 0 [ current time: 00h23 ] 
INFO:  Idle: 0,  Running: 3,  Completed: 1 [  42.2s  ] 
INFO: P0_gg_hh/G1 is at 0.0108 +- 0.00077 pb. Now submitting iteration #2. 
INFO:  Idle: 1,  Running: 2,  Completed: 5 [  46.5s  ] 
INFO: P0_gg_hh/G2 is at 0.00739 +- 0.000295 pb. Now submitting iteration #2. 
INFO:  Idle: 0,  Running: 3,  Completed: 7 [  2m 1s  ] 
INFO: P0_gg_hh/G1 is at 0.01076 +- 1.42e-05 pb. Now submitting iteration #3. 
INFO:  Idle: 0,  Running: 3,  Completed: 10 [  2m 5s  ] 
INFO: P0_gg_hh/G2 is at 0.0071 +- 9.94e-05 pb. Now submitting iteration #3. 
INFO:  Idle: 0,  Running: 3,  Completed: 13 [  4m 43s  ] 
INFO: Survey finished for P0_gg_hh/G1 at 0.01072 +- 1.31e-05 pb 
INFO:  Idle: 0,  Running: 1,  Completed: 16 [  4m 50s  ] 
INFO: Survey finished for P0_gg_hh/G2 at 0.007252 +- 6.17e-05 pb 
INFO:  Idle: 0,  Running: 0,  Completed: 18 [  4m 50s  ] 
INFO: End survey 
refine 10000
Creating Jobs
INFO: Refine results to 10000 
INFO: Generating 10000.0 unweighted events. 
sum of cpu time of last step: 0 second
INFO: Effective Luminosity 640023.1521418514 pb^-1 
INFO: need to improve 2 channels 
- Current estimate of cross-section: 0.0179681 +- 6.31092335954098e-05
INFO:  Idle: 3,  Running: 6,  Completed: 0 [ current time: 00h28 ] 
INFO:  Idle: 0,  Running: 8,  Completed: 1 [  48.7s  ] 
INFO: P0_gg_hh/G2 is at 1341/4668 (29%) event. Resubmit 2 job at iteration 1. 
INFO:  Idle: 0,  Running: 2,  Completed: 10 [  1m 25s  ] 
INFO: P0_gg_hh/G1 is at 241/6998 (3.4%) event. Resubmit 18 job at iteration 1. 
INFO:  Idle: 11,  Running: 8,  Completed: 13 [  1m 29s  ] 
INFO:  Idle: 10,  Running: 8,  Completed: 14 [  2m 17s  ] 
INFO:  Idle: 3,  Running: 8,  Completed: 21 [  2m 21s  ] 
INFO:  Idle: 2,  Running: 8,  Completed: 22 [  3m 12s  ] 
INFO: P0_gg_hh/G2 is at 2644/4611 (57%) event. Resubmit 4 job at iteration 2. 
INFO:  Idle: 0,  Running: 7,  Completed: 29 [  3m 15s  ] 
INFO:  Idle: 0,  Running: 5,  Completed: 31 [  4m 3s  ] 
INFO: P0_gg_hh/G1 is at 705/6983 (10%) event. Resubmit 45 job at iteration 2. 
INFO:  Idle: 37,  Running: 8,  Completed: 38 [  4m 52s  ] 
INFO:  Idle: 29,  Running: 8,  Completed: 46 [  5m 35s  ] 
INFO:  Idle: 21,  Running: 8,  Completed: 54 [  6m 17s  ] 
INFO:  Idle: 13,  Running: 8,  Completed: 62 [  7m 2s  ] 
INFO:  Idle: 6,  Running: 8,  Completed: 69 [  7m 7s  ] 
INFO:  Idle: 5,  Running: 8,  Completed: 70 [  7m 49s  ] 
INFO: P0_gg_hh/G2 is at 1432/4600 ('31%') event. Resubmit 6 job at iteration 3. 
INFO:  Idle: 4,  Running: 8,  Completed: 77 [  7m 53s  ] 
INFO:  Idle: 3,  Running: 8,  Completed: 78 [  7m 56s  ] 
INFO:  Idle: 2,  Running: 8,  Completed: 79 [  8m 39s  ] 
INFO:  Idle: 0,  Running: 7,  Completed: 82 [  8m 43s  ] 
INFO: P0_gg_hh/G1 is at 2272/6960 ('33%') event. Resubmit 67 job at iteration 3. 
INFO:  Idle: 62,  Running: 8,  Completed: 87 [  8m 47s  ] 
INFO:  Idle: 61,  Running: 8,  Completed: 88 [  9m 29s  ] 
INFO:  Idle: 59,  Running: 8,  Completed: 91 [  9m 35s  ] 
INFO:  Idle: 55,  Running: 8,  Completed: 95 [  9m 38s  ] 
INFO:  Idle: 54,  Running: 8,  Completed: 96 [  10m 26s  ] 
INFO:  Idle: 52,  Running: 8,  Completed: 98 [  10m 29s  ] 
INFO:  Idle: 51,  Running: 8,  Completed: 99 [  10m 33s  ] 
INFO:  Idle: 46,  Running: 8,  Completed: 104 [  11m 24s  ] 
INFO:  Idle: 43,  Running: 8,  Completed: 107 [  11m 32s  ] 
INFO:  Idle: 38,  Running: 8,  Completed: 112 [  12m 24s  ] 
INFO:  Idle: 35,  Running: 8,  Completed: 115 [  12m 32s  ] 
INFO:  Idle: 31,  Running: 8,  Completed: 119 [  12m 37s  ] 
INFO:  Idle: 30,  Running: 8,  Completed: 120 [  13m 25s  ] 
INFO:  Idle: 28,  Running: 8,  Completed: 122 [  13m 28s  ] 
INFO:  Idle: 27,  Running: 8,  Completed: 123 [  13m 32s  ] 
INFO:  Idle: 23,  Running: 8,  Completed: 127 [  13m 36s  ] 
INFO:  Idle: 22,  Running: 8,  Completed: 128 [  14m 21s  ] 
INFO:  Idle: 20,  Running: 8,  Completed: 130 [  14m 24s  ] 
INFO:  Idle: 19,  Running: 8,  Completed: 131 [  14m 28s  ] 
INFO:  Idle: 18,  Running: 8,  Completed: 132 [  14m 31s  ] 
INFO:  Idle: 14,  Running: 8,  Completed: 136 [  15m 18s  ] 
INFO:  Idle: 12,  Running: 8,  Completed: 138 [  15m 23s  ] 
INFO:  Idle: 11,  Running: 8,  Completed: 139 [  15m 26s  ] 
INFO:  Idle: 6,  Running: 8,  Completed: 144 [  16m 10s  ] 
INFO:  Idle: 4,  Running: 8,  Completed: 146 [  16m 16s  ] 
INFO:  Idle: 1,  Running: 8,  Completed: 149 [  16m 19s  ] 
INFO: found enough event for P0_gg_hh/G2 
INFO:  Idle: 0,  Running: 6,  Completed: 152 [  16m 36s  ] 
INFO:  Idle: 0,  Running: 5,  Completed: 153 [  17m 2s  ] 
INFO:  Idle: 0,  Running: 3,  Completed: 155 [  17m 7s  ] 
INFO:  Idle: 1,  Running: 0,  Completed: 158 [  17m 11s  ] 
INFO: P0_gg_hh/G1 is at 5667/6953 ('82%') event. Resubmit 26 job at iteration 4. 
INFO:  Idle: 17,  Running: 8,  Completed: 160 [  18m 5s  ] 
INFO:  Idle: 9,  Running: 8,  Completed: 168 [  18m 54s  ] 
INFO:  Idle: 4,  Running: 8,  Completed: 173 [  18m 57s  ] 
INFO:  Idle: 1,  Running: 8,  Completed: 176 [  19m 42s  ] 
INFO:  Idle: 0,  Running: 8,  Completed: 177 [  19m 45s  ] 
INFO:  Idle: 0,  Running: 2,  Completed: 183 [  19m 49s  ] 
INFO:  Idle: 0,  Running: 1,  Completed: 184 [  20m 27s  ] 
INFO:  Idle: 1,  Running: 0,  Completed: 185 [  20m 31s  ] 
INFO: found enough event for P0_gg_hh/G1 
INFO:  Idle: 0,  Running: 0,  Completed: 186 [  20m 31s  ] 
INFO: Combining runs 
sum of cpu time of last step: 0 second
INFO: finish refine 
refine 10000 --treshold=0.9
No need for second refine due to stability of cross-section
INFO: Combining Events 
 
 
 
  === Results Summary for run: run_13 tag: tag_1 ===

     Cumulative sequential time for this run: 32m45s
     Cross-section :   0.01805 +- 3.027e-05 pb
     Nb of events :  10000
 
INFO: No version of lhapdf. Can not run systematics computation 
store_events
INFO: Storing parton level results 
INFO: End Parton 
reweight -from_cards
decay_events -from_cards
INFO: storing files of previous run 
INFO: Done 
quit
INFO:  
