************************************************************
*                                                          *
*                      W E L C O M E to                    *
*             M A D G R A P H 5 _ a M C @ N L O            *
*                      M A D E V E N T                     *
*                                                          *
*                 *                       *                *
*                   *        * *        *                  *
*                     * * * * 5 * * * *                    *
*                   *        * *        *                  *
*                 *                       *                *
*                                                          *
*         VERSION 2.9.7                 20xx-xx-xx         *
*                                                          *
*    The MadGraph5_aMC@NLO Development Team - Find us at   *
*    https://server06.fynu.ucl.ac.be/projects/madgraph     *
*                                                          *
*               Type 'help' for in-line help.              *
*                                                          *
************************************************************
INFO: load configuration from /home/bruno/NewScalars/Work/MG5_aMC_v2_9_7/gg_eta_s2/Cards/me5_configuration.txt  
INFO: load configuration from /home/bruno/NewScalars/Work/MG5_aMC_v2_9_7/input/mg5_configuration.txt  
INFO: load configuration from /home/bruno/NewScalars/Work/MG5_aMC_v2_9_7/gg_eta_s2/Cards/me5_configuration.txt  
No valid eps viewer found. Please set in ./input/mg5_configuration.txt
Using default web browser "firefox". Set another one in ./input/mg5_configuration.txt
generate_events 
stty: 'standard input': Inappropriate ioctl for device
The following switches determine which programs are run:
/===========================================================================\
| 1. Choose the shower/hadronization program   [1m  shower[0m = [01mNot Avail.[0m        |
| 2. Choose the detector simulation program    [1mdetector[0m = [01mNot Avail.[0m        |
| 3. Choose an analysis package (plot/convert) [1manalysis[0m = [01mNot Avail.[0m        |
| 4. Decay onshell particles                   [1m madspin[0m = [31mOFF[0m               |
| 5. Add weights to events for new hypp.       [1mreweight[0m = [31mOFF[0m               |
\===========================================================================/
Either type the switch number (1 to 5) to change its setting,
Set any switch explicitly (e.g. type 'madspin=ON' at the prompt)
Type 'help' for the list of all valid option
Type '0', 'auto', 'done' or just press enter when you are done.[60s to answer] 
>stty: 'standard input': Inappropriate ioctl for device
Do you want to edit a card (press enter to bypass editing)?
/------------------------------------------------------------\
|  [31m1[0m. param         : [32mparam_card.dat[0m                         |
|  [31m2[0m. run           : [32mrun_card.dat[0m                           |
|  [31m3[0m. MadLoopParams : [32mMadLoopParams.dat[0m                      |
\------------------------------------------------------------/
 you can also
   - enter the path to a valid card or banner.
   - use the 'set' command to modify a parameter directly.
     The set option works only for param_card and run_card.
     Type 'help set' for more information on this command.
   - call an external program (ASperGE/MadWidth/...).
     Type 'help' for the list of available command
 [[4m0[0m, done, 1, param, 2, run, 3, MadLoopParams, enter path][90s to answer] 
>INFO: Update the dependent parameter of the param_card.dat 
Generating 10000 events with run name run_06
survey  run_06 
INFO: compile directory 
initMadLoop -r -f
Initializing MadLoop loop-induced matrix elements (this can take some time)...
MadLoop initialization finished.
compile Source Directory
Using random number seed offset = 51
INFO: Running Survey 
Creating Jobs
Working on SubProcesses
INFO:     P0_gg_hh  
INFO:  Idle: 4,  Running: 0,  Completed: 0 [ current time: 07h28 ] 
INFO:  Idle: 0,  Running: 3,  Completed: 1 [  16.9s  ] 
INFO: P0_gg_hh/G1 is at 0.0112 +- 0.000817 pb. Now submitting iteration #2. 
INFO: P0_gg_hh/G2 is at 0.0143 +- 0.000508 pb. Now submitting iteration #2. 
INFO:  Idle: 0,  Running: 3,  Completed: 7 [  50.8s  ] 
INFO: P0_gg_hh/G1 is at 0.0105 +- 0.000279 pb. Now submitting iteration #3. 
INFO: P0_gg_hh/G2 is at 0.0133 +- 0.000356 pb. Now submitting iteration #3. 
INFO:  Idle: 0,  Running: 3,  Completed: 13 [  1m 59s  ] 
INFO: Survey finished for P0_gg_hh/G1 at 0.01062 +- 9.25e-05 pb 
INFO:  Idle: 1,  Running: 0,  Completed: 17 [  2m 4s  ] 
INFO: Survey finished for P0_gg_hh/G2 at 0.01313 +- 0.000127 pb 
INFO:  Idle: 0,  Running: 0,  Completed: 18 [  2m 4s  ] 
INFO: End survey 
refine 10000
Creating Jobs
INFO: Refine results to 10000 
INFO: Generating 10000.0 unweighted events. 
sum of cpu time of last step: 0 second
INFO: Effective Luminosity 484108.608713955 pb^-1 
INFO: need to improve 2 channels 
- Current estimate of cross-section: 0.023755 +- 0.00015676607314403203
INFO:  Idle: 2,  Running: 7,  Completed: 0 [ current time: 07h30 ] 
INFO:  Idle: 1,  Running: 8,  Completed: 1 [  59s  ] 
INFO:  Idle: 0,  Running: 8,  Completed: 2 [  1m 34s  ] 
INFO: P0_gg_hh/G2 is at 1613/6330 (25%) event. Resubmit 1 job at iteration 1. 
INFO:  Idle: 0,  Running: 7,  Completed: 4 [  1m 38s  ] 
INFO:  Idle: 1,  Running: 1,  Completed: 10 [  2m 20s  ] 
INFO: P0_gg_hh/G2 is at 3258/6303 (52%) event. Resubmit 2 job at iteration 2. 
INFO:  Idle: 1,  Running: 2,  Completed: 12 [  2m 26s  ] 
INFO: P0_gg_hh/G1 is at 190/5298 (3.6%) event. Resubmit 20 job at iteration 1. 
INFO:  Idle: 13,  Running: 8,  Completed: 14 [  3m 14s  ] 
INFO:  Idle: 12,  Running: 8,  Completed: 16 [  3m 58s  ] 
INFO:  Idle: 11,  Running: 8,  Completed: 17 [  4m 1s  ] 
INFO:  Idle: 6,  Running: 8,  Completed: 22 [  4m 31s  ] 
INFO:  Idle: 4,  Running: 8,  Completed: 24 [  4m 52s  ] 
INFO:  Idle: 3,  Running: 8,  Completed: 25 [  4m 55s  ] 
INFO:  Idle: 0,  Running: 8,  Completed: 28 [  4m 58s  ] 
INFO: found enough event for P0_gg_hh/G2 
INFO:  Idle: 0,  Running: 5,  Completed: 31 [  5m 20s  ] 
INFO:  Idle: 0,  Running: 3,  Completed: 33 [  5m 38s  ] 
INFO: P0_gg_hh/G1 is at 639/5263 (12%) event. Resubmit 50 job at iteration 2. 
INFO:  Idle: 41,  Running: 8,  Completed: 38 [  6m 31s  ] 
INFO:  Idle: 40,  Running: 8,  Completed: 39 [  6m 36s  ] 
INFO:  Idle: 34,  Running: 8,  Completed: 45 [  6m 39s  ] 
INFO:  Idle: 33,  Running: 8,  Completed: 46 [  7m 36s  ] 
INFO:  Idle: 32,  Running: 8,  Completed: 47 [  7m 41s  ] 
INFO:  Idle: 30,  Running: 8,  Completed: 49 [  7m 45s  ] 
INFO:  Idle: 27,  Running: 8,  Completed: 52 [  7m 49s  ] 
INFO:  Idle: 25,  Running: 8,  Completed: 54 [  8m 55s  ] 
INFO:  Idle: 24,  Running: 8,  Completed: 55 [  9m 7s  ] 
INFO:  Idle: 21,  Running: 8,  Completed: 58 [  9m 10s  ] 
INFO:  Idle: 17,  Running: 8,  Completed: 62 [  10m 11s  ] 
INFO:  Idle: 16,  Running: 8,  Completed: 63 [  10m 21s  ] 
INFO:  Idle: 15,  Running: 8,  Completed: 64 [  10m 26s  ] 
INFO:  Idle: 9,  Running: 8,  Completed: 70 [  11m 11s  ] 
INFO:  Idle: 7,  Running: 8,  Completed: 72 [  11m 17s  ] 
INFO:  Idle: 3,  Running: 8,  Completed: 76 [  11m 20s  ] 
INFO:  Idle: 1,  Running: 8,  Completed: 78 [  12m 18s  ] 
INFO:  Idle: 0,  Running: 8,  Completed: 79 [  12m 24s  ] 
INFO:  Idle: 0,  Running: 7,  Completed: 80 [  12m 29s  ] 
INFO:  Idle: 0,  Running: 2,  Completed: 85 [  12m 35s  ] 
INFO:  Idle: 0,  Running: 1,  Completed: 86 [  13m 21s  ] 
INFO:  Idle: 1,  Running: 0,  Completed: 87 [  13m 27s  ] 
INFO: P0_gg_hh/G1 is at 1489/5255 ('28%') event. Resubmit 75 job at iteration 3. 
INFO:  Idle: 66,  Running: 8,  Completed: 89 [  14m 42s  ] 
INFO:  Idle: 59,  Running: 8,  Completed: 96 [  14m 45s  ] 
INFO:  Idle: 58,  Running: 8,  Completed: 97 [  15m 59s  ] 
INFO:  Idle: 54,  Running: 8,  Completed: 101 [  16m 2s  ] 
INFO:  Idle: 50,  Running: 8,  Completed: 105 [  17m 36s  ] 
INFO:  Idle: 48,  Running: 8,  Completed: 107 [  17m 40s  ] 
INFO:  Idle: 44,  Running: 8,  Completed: 111 [  17m 44s  ] 
INFO:  Idle: 42,  Running: 8,  Completed: 113 [  18m 56s  ] 
INFO:  Idle: 40,  Running: 8,  Completed: 115 [  19m 0s  ] 
INFO:  Idle: 37,  Running: 8,  Completed: 118 [  19m 4s  ] 
INFO:  Idle: 34,  Running: 8,  Completed: 121 [  20m 17s  ] 
INFO:  Idle: 32,  Running: 8,  Completed: 123 [  20m 21s  ] 
INFO:  Idle: 29,  Running: 8,  Completed: 126 [  20m 26s  ] 
INFO:  Idle: 26,  Running: 8,  Completed: 129 [  21m 40s  ] 
INFO:  Idle: 25,  Running: 8,  Completed: 130 [  21m 44s  ] 
INFO:  Idle: 24,  Running: 8,  Completed: 131 [  21m 47s  ] 
INFO:  Idle: 22,  Running: 8,  Completed: 133 [  21m 51s  ] 
INFO:  Idle: 19,  Running: 8,  Completed: 136 [  21m 55s  ] 
INFO:  Idle: 18,  Running: 8,  Completed: 137 [  23m 12s  ] 
INFO:  Idle: 17,  Running: 8,  Completed: 138 [  23m 17s  ] 
INFO:  Idle: 16,  Running: 8,  Completed: 139 [  23m 23s  ] 
INFO:  Idle: 14,  Running: 8,  Completed: 141 [  23m 27s  ] 
INFO:  Idle: 13,  Running: 8,  Completed: 142 [  23m 30s  ] 
INFO:  Idle: 11,  Running: 8,  Completed: 144 [  23m 38s  ] 
INFO:  Idle: 10,  Running: 8,  Completed: 145 [  24m 55s  ] 
INFO:  Idle: 9,  Running: 8,  Completed: 146 [  25m 0s  ] 
INFO:  Idle: 8,  Running: 8,  Completed: 147 [  25m 6s  ] 
INFO:  Idle: 6,  Running: 8,  Completed: 149 [  25m 10s  ] 
INFO:  Idle: 4,  Running: 8,  Completed: 151 [  25m 15s  ] 
INFO:  Idle: 2,  Running: 8,  Completed: 153 [  26m 35s  ] 
INFO:  Idle: 1,  Running: 8,  Completed: 154 [  26m 42s  ] 
INFO:  Idle: 0,  Running: 8,  Completed: 155 [  26m 49s  ] 
INFO:  Idle: 0,  Running: 5,  Completed: 158 [  26m 53s  ] 
INFO:  Idle: 0,  Running: 3,  Completed: 160 [  26m 59s  ] 
INFO:  Idle: 0,  Running: 2,  Completed: 161 [  27m 57s  ] 
INFO:  Idle: 0,  Running: 1,  Completed: 162 [  28m 0s  ] 
INFO:  Idle: 1,  Running: 0,  Completed: 163 [  28m 5s  ] 
INFO: found enough event for P0_gg_hh/G1 
INFO:  Idle: 0,  Running: 0,  Completed: 164 [  28m 32s  ] 
INFO:  Idle: 0,  Running: 0,  Completed: 164 [  28m 32s  ] 
INFO: Combining runs 
sum of cpu time of last step: 0 second
INFO: finish refine 
refine 10000 --treshold=0.9
No need for second refine due to stability of cross-section
INFO: Combining Events 
 
 
 
  === Results Summary for run: run_06 tag: tag_1 ===

     Cumulative sequential time for this run: 1h31m51s
     Cross-section :   0.02393 +- 4.798e-05 pb
     Nb of events :  10000
 
INFO: No version of lhapdf. Can not run systematics computation 
store_events
INFO: Storing parton level results 
INFO: End Parton 
reweight -from_cards
decay_events -from_cards
INFO: storing files of previous run 
INFO: Done 
quit
INFO:  
