************************************************************
*                                                          *
*                      W E L C O M E to                    *
*             M A D G R A P H 5 _ a M C @ N L O            *
*                      M A D E V E N T                     *
*                                                          *
*                 *                       *                *
*                   *        * *        *                  *
*                     * * * * 5 * * * *                    *
*                   *        * *        *                  *
*                 *                       *                *
*                                                          *
*         VERSION 2.9.7                 20xx-xx-xx         *
*                                                          *
*    The MadGraph5_aMC@NLO Development Team - Find us at   *
*    https://server06.fynu.ucl.ac.be/projects/madgraph     *
*                                                          *
*               Type 'help' for in-line help.              *
*                                                          *
************************************************************
INFO: load configuration from /home/bruno/NewScalars/Work/MG5_aMC_v2_9_7/gg_eta_s8/Cards/me5_configuration.txt  
INFO: load configuration from /home/bruno/NewScalars/Work/MG5_aMC_v2_9_7/input/mg5_configuration.txt  
INFO: load configuration from /home/bruno/NewScalars/Work/MG5_aMC_v2_9_7/gg_eta_s8/Cards/me5_configuration.txt  
No valid eps viewer found. Please set in ./input/mg5_configuration.txt
Using default web browser "firefox". Set another one in ./input/mg5_configuration.txt
generate_events 
stty: 'standard input': Inappropriate ioctl for device
The following switches determine which programs are run:
/===========================================================================\
| 1. Choose the shower/hadronization program   [1m  shower[0m = [01mNot Avail.[0m        |
| 2. Choose the detector simulation program    [1mdetector[0m = [01mNot Avail.[0m        |
| 3. Choose an analysis package (plot/convert) [1manalysis[0m = [01mNot Avail.[0m        |
| 4. Decay onshell particles                   [1m madspin[0m = [31mOFF[0m               |
| 5. Add weights to events for new hypp.       [1mreweight[0m = [31mOFF[0m               |
\===========================================================================/
Either type the switch number (1 to 5) to change its setting,
Set any switch explicitly (e.g. type 'madspin=ON' at the prompt)
Type 'help' for the list of all valid option
Type '0', 'auto', 'done' or just press enter when you are done.[60s to answer] 
>stty: 'standard input': Inappropriate ioctl for device
Do you want to edit a card (press enter to bypass editing)?
/------------------------------------------------------------\
|  [31m1[0m. param         : [32mparam_card.dat[0m                         |
|  [31m2[0m. run           : [32mrun_card.dat[0m                           |
|  [31m3[0m. MadLoopParams : [32mMadLoopParams.dat[0m                      |
\------------------------------------------------------------/
 you can also
   - enter the path to a valid card or banner.
   - use the 'set' command to modify a parameter directly.
     The set option works only for param_card and run_card.
     Type 'help set' for more information on this command.
   - call an external program (ASperGE/MadWidth/...).
     Type 'help' for the list of available command
 [[4m0[0m, done, 1, param, 2, run, 3, MadLoopParams, enter path][90s to answer] 
>INFO: Update the dependent parameter of the param_card.dat 
Generating 10000 events with run name run_12
survey  run_12 
INFO: compile directory 
initMadLoop -r -f
Initializing MadLoop loop-induced matrix elements (this can take some time)...
MadLoop initialization finished.
compile Source Directory
Using random number seed offset = 87
INFO: Running Survey 
Creating Jobs
Working on SubProcesses
INFO:     P0_gg_hh  
INFO:  Idle: 4,  Running: 0,  Completed: 0 [ current time: 19h47 ] 
INFO:  Idle: 0,  Running: 3,  Completed: 1 [  1m 5s  ] 
INFO: P0_gg_hh/G1 is at 0.00298 +- 0.000145 pb. Now submitting iteration #2. 
INFO: P0_gg_hh/G2 is at 0.00139 +- 5.86e-05 pb. Now submitting iteration #2. 
INFO:  Idle: 0,  Running: 3,  Completed: 7 [  2m 53s  ] 
INFO: P0_gg_hh/G2 is at 0.00143 +- 1.53e-05 pb. Now submitting iteration #3. 
INFO:  Idle: 1,  Running: 2,  Completed: 11 [  2m 57s  ] 
INFO: P0_gg_hh/G1 is at 0.00287 +- 3.44e-05 pb. Now submitting iteration #3. 
INFO:  Idle: 0,  Running: 3,  Completed: 13 [  6m 21s  ] 
INFO:  Idle: 0,  Running: 2,  Completed: 14 [  6m 36s  ] 
INFO: Survey finished for P0_gg_hh/G1 at 0.002837 +- 1.47e-05 pb 
INFO:  Idle: 1,  Running: 0,  Completed: 17 [  6m 40s  ] 
INFO: Survey finished for P0_gg_hh/G2 at 0.001412 +- 9.12e-06 pb 
INFO:  Idle: 0,  Running: 0,  Completed: 18 [  6m 40s  ] 
INFO: End survey 
refine 10000
Creating Jobs
INFO: Refine results to 10000 
INFO: Generating 10000.0 unweighted events. 
sum of cpu time of last step: 0 second
INFO: Effective Luminosity 2706582.8802748946 pb^-1 
INFO: need to improve 2 channels 
- Current estimate of cross-section: 0.0042489 +- 1.729076343022482e-05
INFO:  Idle: 3,  Running: 6,  Completed: 0 [ current time: 19h53 ] 
INFO:  Idle: 0,  Running: 8,  Completed: 1 [  42.6s  ] 
INFO: P0_gg_hh/G2 is at 1093/3787 (29%) event. Resubmit 2 job at iteration 1. 
INFO:  Idle: 1,  Running: 2,  Completed: 10 [  1m 26s  ] 
INFO: P0_gg_hh/G1 is at 734/7782 (9.4%) event. Resubmit 18 job at iteration 1. 
INFO:  Idle: 11,  Running: 8,  Completed: 13 [  1m 30s  ] 
INFO:  Idle: 10,  Running: 8,  Completed: 14 [  2m 16s  ] 
INFO:  Idle: 3,  Running: 8,  Completed: 21 [  2m 21s  ] 
INFO:  Idle: 2,  Running: 8,  Completed: 22 [  3m 6s  ] 
INFO: P0_gg_hh/G2 is at 2027/3805 (53%) event. Resubmit 4 job at iteration 2. 
INFO:  Idle: 1,  Running: 8,  Completed: 27 [  3m 9s  ] 
INFO:  Idle: 0,  Running: 7,  Completed: 29 [  3m 13s  ] 
INFO:  Idle: 0,  Running: 6,  Completed: 30 [  3m 17s  ] 
INFO:  Idle: 0,  Running: 5,  Completed: 31 [  3m 52s  ] 
INFO:  Idle: 0,  Running: 4,  Completed: 32 [  3m 57s  ] 
INFO:  Idle: 0,  Running: 2,  Completed: 34 [  4m 2s  ] 
INFO: P0_gg_hh/G2 is at 367/3825 ('9.6%') event. Resubmit 6 job at iteration 3. 
INFO: P0_gg_hh/G1 is at 1266/7750 (16%) event. Resubmit 45 job at iteration 2. 
INFO:  Idle: 42,  Running: 8,  Completed: 39 [  4m 53s  ] 
INFO:  Idle: 39,  Running: 8,  Completed: 42 [  4m 58s  ] 
INFO:  Idle: 36,  Running: 8,  Completed: 46 [  5m 1s  ] 
INFO:  Idle: 35,  Running: 8,  Completed: 47 [  5m 44s  ] 
INFO:  Idle: 32,  Running: 8,  Completed: 50 [  5m 48s  ] 
INFO:  Idle: 28,  Running: 8,  Completed: 54 [  5m 51s  ] 
INFO:  Idle: 27,  Running: 8,  Completed: 55 [  6m 36s  ] 
INFO:  Idle: 23,  Running: 8,  Completed: 59 [  6m 40s  ] 
INFO:  Idle: 21,  Running: 8,  Completed: 61 [  6m 43s  ] 
INFO:  Idle: 19,  Running: 8,  Completed: 63 [  7m 30s  ] 
INFO:  Idle: 14,  Running: 8,  Completed: 68 [  7m 34s  ] 
INFO:  Idle: 11,  Running: 8,  Completed: 71 [  8m 22s  ] 
INFO:  Idle: 6,  Running: 8,  Completed: 76 [  8m 26s  ] 
INFO:  Idle: 3,  Running: 8,  Completed: 79 [  9m 16s  ] 
INFO:  Idle: 0,  Running: 5,  Completed: 85 [  9m 22s  ] 
INFO: found enough event for P0_gg_hh/G2 
INFO:  Idle: 0,  Running: 3,  Completed: 87 [  9m 34s  ] 
INFO:  Idle: 0,  Running: 2,  Completed: 88 [  10m 2s  ] 
INFO: P0_gg_hh/G1 is at 3123/7714 ('40%') event. Resubmit 67 job at iteration 3. 
INFO:  Idle: 58,  Running: 8,  Completed: 92 [  10m 40s  ] 
INFO:  Idle: 57,  Running: 8,  Completed: 93 [  10m 51s  ] 
INFO:  Idle: 55,  Running: 8,  Completed: 95 [  10m 54s  ] 
INFO:  Idle: 53,  Running: 8,  Completed: 97 [  10m 58s  ] 
INFO:  Idle: 50,  Running: 8,  Completed: 100 [  11m 32s  ] 
INFO:  Idle: 49,  Running: 8,  Completed: 101 [  11m 40s  ] 
INFO:  Idle: 48,  Running: 8,  Completed: 102 [  11m 44s  ] 
INFO:  Idle: 45,  Running: 8,  Completed: 105 [  11m 48s  ] 
INFO:  Idle: 42,  Running: 8,  Completed: 108 [  12m 24s  ] 
INFO:  Idle: 41,  Running: 8,  Completed: 109 [  12m 30s  ] 
INFO:  Idle: 39,  Running: 8,  Completed: 111 [  12m 34s  ] 
INFO:  Idle: 37,  Running: 8,  Completed: 113 [  12m 38s  ] 
INFO:  Idle: 35,  Running: 8,  Completed: 115 [  12m 41s  ] 
INFO:  Idle: 34,  Running: 8,  Completed: 116 [  13m 16s  ] 
INFO:  Idle: 33,  Running: 8,  Completed: 117 [  13m 22s  ] 
INFO:  Idle: 31,  Running: 8,  Completed: 119 [  13m 26s  ] 
INFO:  Idle: 28,  Running: 8,  Completed: 122 [  13m 30s  ] 
INFO:  Idle: 26,  Running: 8,  Completed: 124 [  14m 9s  ] 
INFO:  Idle: 25,  Running: 8,  Completed: 125 [  14m 14s  ] 
INFO:  Idle: 24,  Running: 8,  Completed: 126 [  14m 17s  ] 
INFO:  Idle: 21,  Running: 8,  Completed: 129 [  14m 21s  ] 
INFO:  Idle: 19,  Running: 8,  Completed: 131 [  14m 25s  ] 
INFO:  Idle: 18,  Running: 8,  Completed: 132 [  15m 7s  ] 
INFO:  Idle: 17,  Running: 8,  Completed: 133 [  15m 11s  ] 
INFO:  Idle: 16,  Running: 8,  Completed: 134 [  15m 16s  ] 
INFO:  Idle: 13,  Running: 8,  Completed: 137 [  15m 20s  ] 
INFO:  Idle: 11,  Running: 8,  Completed: 139 [  15m 24s  ] 
INFO:  Idle: 10,  Running: 8,  Completed: 140 [  16m 5s  ] 
INFO:  Idle: 9,  Running: 8,  Completed: 141 [  16m 9s  ] 
INFO:  Idle: 8,  Running: 8,  Completed: 142 [  16m 15s  ] 
INFO:  Idle: 5,  Running: 8,  Completed: 145 [  16m 19s  ] 
INFO:  Idle: 2,  Running: 8,  Completed: 148 [  17m 3s  ] 
INFO:  Idle: 1,  Running: 8,  Completed: 149 [  17m 6s  ] 
INFO:  Idle: 0,  Running: 8,  Completed: 150 [  17m 9s  ] 
INFO:  Idle: 0,  Running: 5,  Completed: 153 [  17m 13s  ] 
INFO:  Idle: 0,  Running: 2,  Completed: 156 [  17m 46s  ] 
INFO:  Idle: 0,  Running: 1,  Completed: 157 [  17m 51s  ] 
INFO: found enough event for P0_gg_hh/G1 
INFO:  Idle: 0,  Running: 0,  Completed: 159 [  17m 54s  ] 
INFO:  Idle: 0,  Running: 0,  Completed: 159 [  17m 54s  ] 
INFO: Combining runs 
sum of cpu time of last step: 0 second
INFO: finish refine 
refine 10000 --treshold=0.9
No need for second refine due to stability of cross-section
INFO: Combining Events 
 
 
 
  === Results Summary for run: run_12 tag: tag_1 ===

     Cumulative sequential time for this run: 20m40s
     Cross-section :   0.004268 +- 7.224e-06 pb
     Nb of events :  10000
 
INFO: No version of lhapdf. Can not run systematics computation 
store_events
INFO: Storing parton level results 
INFO: End Parton 
reweight -from_cards
decay_events -from_cards
INFO: storing files of previous run 
INFO: Done 
quit
INFO:  
