************************************************************
*                                                          *
*                      W E L C O M E to                    *
*             M A D G R A P H 5 _ a M C @ N L O            *
*                      M A D E V E N T                     *
*                                                          *
*                 *                       *                *
*                   *        * *        *                  *
*                     * * * * 5 * * * *                    *
*                   *        * *        *                  *
*                 *                       *                *
*                                                          *
*         VERSION 2.9.7                 20xx-xx-xx         *
*                                                          *
*    The MadGraph5_aMC@NLO Development Team - Find us at   *
*    https://server06.fynu.ucl.ac.be/projects/madgraph     *
*                                                          *
*               Type 'help' for in-line help.              *
*                                                          *
************************************************************
INFO: load configuration from /home/bruno/NewScalars/Work/MG5_aMC_v2_9_7/gg_eta_s2/Cards/me5_configuration.txt  
INFO: load configuration from /home/bruno/NewScalars/Work/MG5_aMC_v2_9_7/input/mg5_configuration.txt  
INFO: load configuration from /home/bruno/NewScalars/Work/MG5_aMC_v2_9_7/gg_eta_s2/Cards/me5_configuration.txt  
No valid eps viewer found. Please set in ./input/mg5_configuration.txt
Using default web browser "firefox". Set another one in ./input/mg5_configuration.txt
generate_events 
stty: 'standard input': Inappropriate ioctl for device
The following switches determine which programs are run:
/===========================================================================\
| 1. Choose the shower/hadronization program   [1m  shower[0m = [01mNot Avail.[0m        |
| 2. Choose the detector simulation program    [1mdetector[0m = [01mNot Avail.[0m        |
| 3. Choose an analysis package (plot/convert) [1manalysis[0m = [01mNot Avail.[0m        |
| 4. Decay onshell particles                   [1m madspin[0m = [31mOFF[0m               |
| 5. Add weights to events for new hypp.       [1mreweight[0m = [31mOFF[0m               |
\===========================================================================/
Either type the switch number (1 to 5) to change its setting,
Set any switch explicitly (e.g. type 'madspin=ON' at the prompt)
Type 'help' for the list of all valid option
Type '0', 'auto', 'done' or just press enter when you are done.[60s to answer] 
>stty: 'standard input': Inappropriate ioctl for device
Do you want to edit a card (press enter to bypass editing)?
/------------------------------------------------------------\
|  [31m1[0m. param         : [32mparam_card.dat[0m                         |
|  [31m2[0m. run           : [32mrun_card.dat[0m                           |
|  [31m3[0m. MadLoopParams : [32mMadLoopParams.dat[0m                      |
\------------------------------------------------------------/
 you can also
   - enter the path to a valid card or banner.
   - use the 'set' command to modify a parameter directly.
     The set option works only for param_card and run_card.
     Type 'help set' for more information on this command.
   - call an external program (ASperGE/MadWidth/...).
     Type 'help' for the list of available command
 [[4m0[0m, done, 1, param, 2, run, 3, MadLoopParams, enter path][90s to answer] 
>INFO: Update the dependent parameter of the param_card.dat 
Generating 10000 events with run name run_02
survey  run_02 
INFO: compile directory 
initMadLoop -r -f
Initializing MadLoop loop-induced matrix elements (this can take some time)...
MadLoop initialization finished.
compile Source Directory
Using random number seed offset = 27
INFO: Running Survey 
Creating Jobs
Working on SubProcesses
INFO:     P0_gg_hh  
INFO:  Idle: 1,  Running: 3,  Completed: 0 [ current time: 17h24 ] 
INFO:  Idle: 0,  Running: 3,  Completed: 1 [  55.7s  ] 
INFO: P0_gg_hh/G1 is at 0.00873 +- 0.000359 pb. Now submitting iteration #2. 
INFO: P0_gg_hh/G2 is at 0.00883 +- 0.000346 pb. Now submitting iteration #2. 
INFO:  Idle: 0,  Running: 3,  Completed: 7 [  2m 37s  ] 
INFO: P0_gg_hh/G1 is at 0.0089 +- 0.000126 pb. Now submitting iteration #3. 
INFO: P0_gg_hh/G2 is at 0.009039 +- 7.22e-05 pb. Now submitting iteration #3. 
INFO:  Idle: 0,  Running: 3,  Completed: 13 [  5m 44s  ] 
INFO:  Idle: 1,  Running: 2,  Completed: 14 [  5m 48s  ] 
INFO: Survey finished for P0_gg_hh/G1 at 0.008785 +- 6.4e-05 pb 
INFO: Survey finished for P0_gg_hh/G2 at 0.009204 +- 6.14e-05 pb 
INFO:  Idle: 0,  Running: 0,  Completed: 18 [  5m 50s  ] 
INFO: End survey 
refine 10000
Creating Jobs
INFO: Refine results to 10000 
INFO: Generating 10000.0 unweighted events. 
sum of cpu time of last step: 0 second
INFO: Effective Luminosity 639265.3451476981 pb^-1 
INFO: need to improve 2 channels 
- Current estimate of cross-section: 0.0179894 +- 8.866219546683919e-05
INFO:  Idle: 2,  Running: 7,  Completed: 0 [ current time: 17h29 ] 
INFO:  Idle: 1,  Running: 8,  Completed: 1 [  2m 10s  ] 
INFO:  Idle: 0,  Running: 8,  Completed: 2 [  4m 51s  ] 
INFO: P0_gg_hh/G2 is at 1534/5934 (26%) event. Resubmit 1 job at iteration 1. 
INFO:  Idle: 0,  Running: 4,  Completed: 7 [  4m 54s  ] 
INFO:  Idle: 1,  Running: 1,  Completed: 10 [  6m 44s  ] 
INFO: P0_gg_hh/G1 is at 486/5684 (8.6%) event. Resubmit 20 job at iteration 1. 
INFO:  Idle: 13,  Running: 8,  Completed: 12 [  6m 47s  ] 
INFO:  Idle: 12,  Running: 8,  Completed: 13 [  10m 27s  ] 
INFO:  Idle: 8,  Running: 8,  Completed: 17 [  10m 31s  ] 
INFO:  Idle: 4,  Running: 8,  Completed: 21 [  14m 54s  ] 
INFO:  Idle: 2,  Running: 8,  Completed: 23 [  14m 57s  ] 
INFO:  Idle: 0,  Running: 8,  Completed: 25 [  15m 1s  ] 
INFO: P0_gg_hh/G2 is at 1034/5958 (17%) event. Resubmit 3 job at iteration 2. 
INFO:  Idle: 0,  Running: 6,  Completed: 30 [  17m 6s  ] 
INFO: P0_gg_hh/G2 is at 2223/5934 ('37%') event. Resubmit 4 job at iteration 3. 
INFO:  Idle: 0,  Running: 7,  Completed: 34 [  19m 1s  ] 
INFO: P0_gg_hh/G2 is at 5630/5921 ('95%') event. Resubmit 1 job at iteration 4. 
INFO:  Idle: 0,  Running: 4,  Completed: 39 [  19m 10s  ] 
INFO:  Idle: 1,  Running: 1,  Completed: 42 [  19m 14s  ] 
INFO: P0_gg_hh/G1 is at 283/5717 (5%) event. Resubmit 50 job at iteration 2. 
INFO:  Idle: 43,  Running: 8,  Completed: 44 [  21m 0s  ] 
INFO:  Idle: 42,  Running: 8,  Completed: 45 [  23m 24s  ] 
INFO:  Idle: 37,  Running: 8,  Completed: 50 [  23m 27s  ] 
INFO:  Idle: 35,  Running: 8,  Completed: 52 [  24m 51s  ] 
INFO:  Idle: 34,  Running: 8,  Completed: 53 [  27m 0s  ] 
INFO:  Idle: 30,  Running: 8,  Completed: 57 [  27m 3s  ] 
INFO:  Idle: 27,  Running: 8,  Completed: 60 [  29m 2s  ] 
INFO:  Idle: 26,  Running: 8,  Completed: 61 [  31m 46s  ] 
INFO:  Idle: 25,  Running: 8,  Completed: 62 [  31m 49s  ] 
INFO:  Idle: 22,  Running: 8,  Completed: 65 [  31m 53s  ] 
INFO:  Idle: 19,  Running: 8,  Completed: 68 [  33m 48s  ] 
INFO:  Idle: 18,  Running: 8,  Completed: 69 [  36m 48s  ] 
INFO:  Idle: 16,  Running: 8,  Completed: 71 [  36m 53s  ] 
INFO:  Idle: 12,  Running: 8,  Completed: 75 [  36m 56s  ] 
INFO:  Idle: 11,  Running: 8,  Completed: 76 [  38m 47s  ] 
INFO:  Idle: 10,  Running: 8,  Completed: 77 [  40m 48s  ] 
INFO:  Idle: 8,  Running: 8,  Completed: 79 [  40m 52s  ] 
INFO:  Idle: 4,  Running: 8,  Completed: 83 [  40m 56s  ] 
INFO:  Idle: 3,  Running: 8,  Completed: 84 [  42m 22s  ] 
INFO:  Idle: 2,  Running: 8,  Completed: 85 [  44m 42s  ] 
INFO:  Idle: 0,  Running: 8,  Completed: 87 [  44m 47s  ] 
INFO: found enough event for P0_gg_hh/G2 
INFO:  Idle: 0,  Running: 2,  Completed: 93 [  46m 19s  ] 
INFO:  Idle: 0,  Running: 1,  Completed: 94 [  48m 42s  ] 
INFO:  Idle: 1,  Running: 0,  Completed: 95 [  48m 49s  ] 
INFO: P0_gg_hh/G1 is at 702/5744 ('12%') event. Resubmit 75 job at iteration 3. 
INFO:  Idle: 66,  Running: 8,  Completed: 97 [  53m 35s  ] 
INFO:  Idle: 63,  Running: 8,  Completed: 100 [  53m 39s  ] 
INFO:  Idle: 59,  Running: 8,  Completed: 104 [  53m 43s  ] 
INFO:  Idle: 58,  Running: 8,  Completed: 105 [  58m 14s  ] 
INFO:  Idle: 56,  Running: 8,  Completed: 107 [  58m 18s  ] 
INFO:  Idle: 51,  Running: 8,  Completed: 112 [  58m 22s  ] 
INFO:  Idle: 50,  Running: 8,  Completed: 113 [  1h 1m  ] 
INFO:  Idle: 48,  Running: 8,  Completed: 115 [  1h 1m  ] 
INFO:  Idle: 45,  Running: 8,  Completed: 118 [  1h 1m  ] 
INFO:  Idle: 42,  Running: 8,  Completed: 121 [  1h 4m  ] 
INFO:  Idle: 41,  Running: 8,  Completed: 122 [  1h 4m  ] 
INFO:  Idle: 36,  Running: 8,  Completed: 127 [  1h 5m  ] 
INFO:  Idle: 35,  Running: 8,  Completed: 128 [  1h 5m  ] 
INFO:  Idle: 34,  Running: 8,  Completed: 129 [  1h 8m  ] 
INFO:  Idle: 33,  Running: 8,  Completed: 130 [  1h 8m  ] 
INFO:  Idle: 31,  Running: 8,  Completed: 132 [  1h 8m  ] 
INFO:  Idle: 28,  Running: 8,  Completed: 135 [  1h 8m  ] 
INFO:  Idle: 27,  Running: 8,  Completed: 136 [  1h 8m  ] 
INFO:  Idle: 26,  Running: 8,  Completed: 137 [  1h 12m  ] 
INFO:  Idle: 25,  Running: 8,  Completed: 138 [  1h 13m  ] 
INFO:  Idle: 22,  Running: 8,  Completed: 141 [  1h 13m  ] 
INFO:  Idle: 20,  Running: 8,  Completed: 143 [  1h 13m  ] 
INFO:  Idle: 18,  Running: 8,  Completed: 145 [  1h 17m  ] 
INFO:  Idle: 17,  Running: 8,  Completed: 146 [  1h 17m  ] 
INFO:  Idle: 16,  Running: 8,  Completed: 147 [  1h 17m  ] 
INFO:  Idle: 14,  Running: 8,  Completed: 149 [  1h 17m  ] 
INFO:  Idle: 10,  Running: 8,  Completed: 153 [  1h 22m  ] 
INFO:  Idle: 9,  Running: 8,  Completed: 154 [  1h 22m  ] 
INFO:  Idle: 6,  Running: 8,  Completed: 157 [  1h 22m  ] 
INFO:  Idle: 5,  Running: 8,  Completed: 158 [  1h 22m  ] 
INFO:  Idle: 2,  Running: 8,  Completed: 161 [  1h 26m  ] 
INFO:  Idle: 1,  Running: 8,  Completed: 162 [  1h 26m  ] 
INFO:  Idle: 0,  Running: 6,  Completed: 165 [  1h 27m  ] 
INFO:  Idle: 0,  Running: 5,  Completed: 166 [  1h 27m  ] 
INFO:  Idle: 0,  Running: 2,  Completed: 169 [  1h 31m  ] 
INFO:  Idle: 0,  Running: 1,  Completed: 170 [  1h 31m  ] 
INFO: P0_gg_hh/G1 is at 4360/5757 ('76%') event. Resubmit 112 job at iteration 4. 
INFO:  Idle: 104,  Running: 8,  Completed: 172 [  1h 32m  ] 
INFO:  Idle: 103,  Running: 8,  Completed: 173 [  1h 36m  ] 
INFO:  Idle: 95,  Running: 8,  Completed: 181 [  1h 40m  ] 
INFO:  Idle: 92,  Running: 8,  Completed: 184 [  1h 40m  ] 
INFO:  Idle: 87,  Running: 8,  Completed: 189 [  1h 44m  ] 
INFO:  Idle: 83,  Running: 8,  Completed: 193 [  1h 44m  ] 
INFO:  Idle: 79,  Running: 8,  Completed: 197 [  1h 48m  ] 
INFO:  Idle: 78,  Running: 8,  Completed: 198 [  1h 48m  ] 
INFO:  Idle: 73,  Running: 8,  Completed: 203 [  1h 48m  ] 
INFO:  Idle: 71,  Running: 8,  Completed: 205 [  1h 52m  ] 
INFO:  Idle: 70,  Running: 8,  Completed: 206 [  1h 53m  ] 
INFO:  Idle: 65,  Running: 8,  Completed: 211 [  1h 53m  ] 
INFO:  Idle: 63,  Running: 8,  Completed: 213 [  1h 57m  ] 
INFO:  Idle: 62,  Running: 8,  Completed: 214 [  1h 57m  ] 
INFO:  Idle: 58,  Running: 8,  Completed: 218 [  1h 57m  ] 
INFO:  Idle: 55,  Running: 8,  Completed: 221 [  2h 2m  ] 
INFO:  Idle: 54,  Running: 8,  Completed: 222 [  2h 2m  ] 
INFO:  Idle: 51,  Running: 8,  Completed: 225 [  2h 2m  ] 
INFO:  Idle: 48,  Running: 8,  Completed: 228 [  2h 2m  ] 
INFO:  Idle: 47,  Running: 8,  Completed: 229 [  2h 6m  ] 
INFO:  Idle: 46,  Running: 8,  Completed: 230 [  2h 6m  ] 
INFO:  Idle: 41,  Running: 8,  Completed: 235 [  2h 6m  ] 
INFO:  Idle: 39,  Running: 8,  Completed: 237 [  2h 10m  ] 
INFO:  Idle: 38,  Running: 8,  Completed: 238 [  2h 10m  ] 
INFO:  Idle: 34,  Running: 8,  Completed: 242 [  2h 10m  ] 
INFO:  Idle: 31,  Running: 8,  Completed: 245 [  2h 14m  ] 
INFO:  Idle: 30,  Running: 8,  Completed: 246 [  2h 14m  ] 
INFO:  Idle: 29,  Running: 8,  Completed: 247 [  2h 14m  ] 
INFO:  Idle: 28,  Running: 8,  Completed: 248 [  2h 14m  ] 
INFO:  Idle: 27,  Running: 8,  Completed: 249 [  2h 14m  ] 
INFO:  Idle: 24,  Running: 8,  Completed: 252 [  2h 15m  ] 
INFO:  Idle: 23,  Running: 8,  Completed: 253 [  2h 19m  ] 
INFO:  Idle: 20,  Running: 8,  Completed: 256 [  2h 19m  ] 
INFO:  Idle: 18,  Running: 8,  Completed: 258 [  2h 19m  ] 
INFO:  Idle: 16,  Running: 8,  Completed: 260 [  2h 19m  ] 
INFO:  Idle: 15,  Running: 8,  Completed: 261 [  2h 23m  ] 
INFO:  Idle: 13,  Running: 8,  Completed: 263 [  2h 23m  ] 
INFO:  Idle: 12,  Running: 8,  Completed: 264 [  2h 23m  ] 
INFO:  Idle: 8,  Running: 8,  Completed: 268 [  2h 23m  ] 
INFO:  Idle: 7,  Running: 8,  Completed: 269 [  2h 28m  ] 
INFO:  Idle: 6,  Running: 8,  Completed: 270 [  2h 28m  ] 
INFO:  Idle: 4,  Running: 8,  Completed: 272 [  2h 28m  ] 
INFO:  Idle: 2,  Running: 8,  Completed: 274 [  2h 28m  ] 
INFO:  Idle: 0,  Running: 8,  Completed: 276 [  2h 28m  ] 
INFO:  Idle: 0,  Running: 7,  Completed: 277 [  2h 33m  ] 
INFO:  Idle: 0,  Running: 6,  Completed: 278 [  2h 33m  ] 
INFO:  Idle: 0,  Running: 3,  Completed: 281 [  2h 33m  ] 
INFO:  Idle: 1,  Running: 0,  Completed: 284 [  2h 33m  ] 
INFO: P0_gg_hh/G1 is at 4378/5770 ('76%') event. Resubmit 168 job at iteration 5. 
INFO:  Idle: 160,  Running: 8,  Completed: 285 [  2h 33m  ] 
INFO:  Idle: 159,  Running: 8,  Completed: 286 [  2h 39m  ] 
INFO:  Idle: 156,  Running: 8,  Completed: 289 [  2h 39m  ] 
INFO:  Idle: 154,  Running: 8,  Completed: 291 [  2h 39m  ] 
INFO:  Idle: 152,  Running: 8,  Completed: 293 [  2h 39m  ] 
INFO:  Idle: 151,  Running: 8,  Completed: 294 [  2h 43m  ] 
INFO:  Idle: 147,  Running: 8,  Completed: 298 [  2h 43m  ] 
INFO:  Idle: 144,  Running: 8,  Completed: 301 [  2h 44m  ] 
INFO:  Idle: 143,  Running: 8,  Completed: 302 [  2h 48m  ] 
INFO:  Idle: 136,  Running: 8,  Completed: 309 [  2h 48m  ] 
INFO:  Idle: 135,  Running: 8,  Completed: 310 [  2h 52m  ] 
INFO:  Idle: 132,  Running: 8,  Completed: 313 [  2h 53m  ] 
INFO:  Idle: 128,  Running: 8,  Completed: 317 [  2h 53m  ] 
INFO:  Idle: 127,  Running: 8,  Completed: 318 [  2h 58m  ] 
INFO:  Idle: 124,  Running: 8,  Completed: 321 [  2h 58m  ] 
INFO:  Idle: 120,  Running: 8,  Completed: 325 [  2h 58m  ] 
INFO:  Idle: 119,  Running: 8,  Completed: 326 [  3h 3m  ] 
INFO:  Idle: 118,  Running: 8,  Completed: 327 [  3h 3m  ] 
INFO:  Idle: 112,  Running: 8,  Completed: 333 [  3h 4m  ] 
INFO:  Idle: 111,  Running: 8,  Completed: 334 [  3h 8m  ] 
INFO:  Idle: 107,  Running: 8,  Completed: 338 [  3h 8m  ] 
INFO:  Idle: 104,  Running: 8,  Completed: 341 [  3h 8m  ] 
INFO:  Idle: 103,  Running: 8,  Completed: 342 [  3h 14m  ] 
INFO:  Idle: 102,  Running: 8,  Completed: 343 [  3h 14m  ] 
INFO:  Idle: 97,  Running: 8,  Completed: 348 [  3h 14m  ] 
INFO:  Idle: 96,  Running: 8,  Completed: 349 [  3h 14m  ] 
INFO:  Idle: 95,  Running: 8,  Completed: 350 [  3h 20m  ] 
INFO:  Idle: 92,  Running: 8,  Completed: 353 [  3h 20m  ] 
INFO:  Idle: 88,  Running: 8,  Completed: 357 [  3h 20m  ] 
INFO:  Idle: 87,  Running: 8,  Completed: 358 [  3h 25m  ] 
INFO:  Idle: 83,  Running: 8,  Completed: 362 [  3h 25m  ] 
INFO:  Idle: 80,  Running: 8,  Completed: 365 [  3h 25m  ] 
INFO:  Idle: 79,  Running: 8,  Completed: 366 [  3h 30m  ] 
INFO:  Idle: 77,  Running: 8,  Completed: 368 [  3h 30m  ] 
INFO:  Idle: 74,  Running: 8,  Completed: 371 [  3h 30m  ] 
INFO:  Idle: 72,  Running: 8,  Completed: 373 [  3h 30m  ] 
INFO:  Idle: 71,  Running: 8,  Completed: 374 [  3h 36m  ] 
INFO:  Idle: 68,  Running: 8,  Completed: 377 [  3h 36m  ] 
INFO:  Idle: 65,  Running: 8,  Completed: 380 [  3h 36m  ] 
INFO:  Idle: 64,  Running: 8,  Completed: 381 [  3h 36m  ] 
INFO:  Idle: 63,  Running: 8,  Completed: 382 [  3h 41m  ] 
INFO:  Idle: 60,  Running: 8,  Completed: 385 [  3h 41m  ] 
INFO:  Idle: 56,  Running: 8,  Completed: 389 [  3h 41m  ] 
INFO:  Idle: 55,  Running: 8,  Completed: 390 [  3h 45m  ] 
INFO:  Idle: 52,  Running: 8,  Completed: 393 [  3h 45m  ] 
INFO:  Idle: 48,  Running: 8,  Completed: 397 [  3h 46m  ] 
INFO:  Idle: 47,  Running: 8,  Completed: 398 [  3h 49m  ] 
INFO:  Idle: 43,  Running: 8,  Completed: 402 [  3h 49m  ] 
INFO:  Idle: 42,  Running: 8,  Completed: 403 [  3h 49m  ] 
INFO:  Idle: 40,  Running: 8,  Completed: 405 [  3h 49m  ] 
INFO:  Idle: 39,  Running: 8,  Completed: 406 [  3h 53m  ] 
INFO:  Idle: 35,  Running: 8,  Completed: 410 [  3h 53m  ] 
INFO:  Idle: 33,  Running: 8,  Completed: 412 [  3h 53m  ] 
INFO:  Idle: 32,  Running: 8,  Completed: 413 [  3h 53m  ] 
INFO:  Idle: 31,  Running: 8,  Completed: 414 [  3h 57m  ] 
INFO:  Idle: 28,  Running: 8,  Completed: 417 [  3h 57m  ] 
INFO:  Idle: 26,  Running: 8,  Completed: 419 [  3h 57m  ] 
INFO:  Idle: 25,  Running: 8,  Completed: 420 [  3h 58m  ] 
INFO:  Idle: 24,  Running: 8,  Completed: 421 [  3h 58m  ] 
INFO:  Idle: 23,  Running: 8,  Completed: 422 [  4h 2m  ] 
INFO:  Idle: 19,  Running: 8,  Completed: 426 [  4h 2m  ] 
INFO:  Idle: 18,  Running: 8,  Completed: 427 [  4h 2m  ] 
INFO:  Idle: 16,  Running: 8,  Completed: 429 [  4h 2m  ] 
INFO:  Idle: 15,  Running: 8,  Completed: 430 [  4h 6m  ] 
INFO:  Idle: 13,  Running: 8,  Completed: 432 [  4h 6m  ] 
INFO:  Idle: 11,  Running: 8,  Completed: 434 [  4h 6m  ] 
INFO:  Idle: 10,  Running: 8,  Completed: 435 [  4h 6m  ] 
INFO:  Idle: 8,  Running: 8,  Completed: 437 [  4h 6m  ] 
INFO:  Idle: 7,  Running: 8,  Completed: 438 [  4h 10m  ] 
INFO:  Idle: 6,  Running: 8,  Completed: 439 [  4h 10m  ] 
INFO:  Idle: 4,  Running: 8,  Completed: 441 [  4h 10m  ] 
INFO:  Idle: 2,  Running: 8,  Completed: 443 [  4h 10m  ] 
INFO:  Idle: 0,  Running: 8,  Completed: 445 [  4h 10m  ] 
INFO:  Idle: 0,  Running: 7,  Completed: 446 [  4h 13m  ] 
INFO:  Idle: 0,  Running: 6,  Completed: 447 [  4h 13m  ] 
INFO:  Idle: 0,  Running: 5,  Completed: 448 [  4h 13m  ] 
INFO:  Idle: 0,  Running: 2,  Completed: 451 [  4h 13m  ] 
INFO:  Idle: 1,  Running: 0,  Completed: 453 [  4h 14m  ] 
INFO: found enough event for P0_gg_hh/G1 
INFO:  Idle: 0,  Running: 0,  Completed: 454 [  4h 14m  ] 
INFO:  Idle: 0,  Running: 0,  Completed: 454 [  4h 14m  ] 
INFO: Combining runs 
sum of cpu time of last step: 0 second
INFO: finish refine 
refine 10000 --treshold=0.9
No need for second refine due to stability of cross-section
INFO: Combining Events 
 
 
 
  === Results Summary for run: run_02 tag: tag_1 ===

     Cumulative sequential time for this run: 4h51m04s
     Cross-section :   0.01826 +- 3.615e-05 pb
     Nb of events :  10000
 
INFO: No version of lhapdf. Can not run systematics computation 
store_events
INFO: Storing parton level results 
INFO: End Parton 
reweight -from_cards
decay_events -from_cards
INFO: storing files of previous run 
INFO: Done 
quit
INFO:  
