************************************************************
*                                                          *
*                      W E L C O M E to                    *
*             M A D G R A P H 5 _ a M C @ N L O            *
*                      M A D E V E N T                     *
*                                                          *
*                 *                       *                *
*                   *        * *        *                  *
*                     * * * * 5 * * * *                    *
*                   *        * *        *                  *
*                 *                       *                *
*                                                          *
*         VERSION 2.9.7                 20xx-xx-xx         *
*                                                          *
*    The MadGraph5_aMC@NLO Development Team - Find us at   *
*    https://server06.fynu.ucl.ac.be/projects/madgraph     *
*                                                          *
*               Type 'help' for in-line help.              *
*                                                          *
************************************************************
INFO: load configuration from /home/bruno/NewScalars/Work/MG5_aMC_v2_9_7/gg_eta_s4/Cards/me5_configuration.txt  
INFO: load configuration from /home/bruno/NewScalars/Work/MG5_aMC_v2_9_7/input/mg5_configuration.txt  
INFO: load configuration from /home/bruno/NewScalars/Work/MG5_aMC_v2_9_7/gg_eta_s4/Cards/me5_configuration.txt  
No valid eps viewer found. Please set in ./input/mg5_configuration.txt
Using default web browser "firefox". Set another one in ./input/mg5_configuration.txt
generate_events 
stty: 'standard input': Inappropriate ioctl for device
The following switches determine which programs are run:
/===========================================================================\
| 1. Choose the shower/hadronization program   [1m  shower[0m = [01mNot Avail.[0m        |
| 2. Choose the detector simulation program    [1mdetector[0m = [01mNot Avail.[0m        |
| 3. Choose an analysis package (plot/convert) [1manalysis[0m = [01mNot Avail.[0m        |
| 4. Decay onshell particles                   [1m madspin[0m = [31mOFF[0m               |
| 5. Add weights to events for new hypp.       [1mreweight[0m = [31mOFF[0m               |
\===========================================================================/
Either type the switch number (1 to 5) to change its setting,
Set any switch explicitly (e.g. type 'madspin=ON' at the prompt)
Type 'help' for the list of all valid option
Type '0', 'auto', 'done' or just press enter when you are done.[60s to answer] 
>stty: 'standard input': Inappropriate ioctl for device
Do you want to edit a card (press enter to bypass editing)?
/------------------------------------------------------------\
|  [31m1[0m. param         : [32mparam_card.dat[0m                         |
|  [31m2[0m. run           : [32mrun_card.dat[0m                           |
|  [31m3[0m. MadLoopParams : [32mMadLoopParams.dat[0m                      |
\------------------------------------------------------------/
 you can also
   - enter the path to a valid card or banner.
   - use the 'set' command to modify a parameter directly.
     The set option works only for param_card and run_card.
     Type 'help set' for more information on this command.
   - call an external program (ASperGE/MadWidth/...).
     Type 'help' for the list of available command
 [[4m0[0m, done, 1, param, 2, run, 3, MadLoopParams, enter path][90s to answer] 
>INFO: Update the dependent parameter of the param_card.dat 
Generating 10000 events with run name run_03
survey  run_03 
INFO: compile directory 
initMadLoop -r -f
Initializing MadLoop loop-induced matrix elements (this can take some time)...
MadLoop initialization finished.
compile Source Directory
Using random number seed offset = 33
INFO: Running Survey 
Creating Jobs
Working on SubProcesses
INFO:     P0_gg_hh  
INFO:  Idle: 2,  Running: 2,  Completed: 0 [ current time: 18h31 ] 
INFO:  Idle: 0,  Running: 3,  Completed: 1 [  50.1s  ] 
INFO: P0_gg_hh/G1 is at 0.0133 +- 0.000331 pb. Now submitting iteration #2. 
INFO: P0_gg_hh/G2 is at 0.00637 +- 0.000276 pb. Now submitting iteration #2. 
INFO:  Idle: 0,  Running: 3,  Completed: 7 [  2m 14s  ] 
INFO:  Idle: 1,  Running: 2,  Completed: 8 [  2m 17s  ] 
INFO: P0_gg_hh/G1 is at 0.013 +- 0.000226 pb. Now submitting iteration #3. 
INFO: P0_gg_hh/G2 is at 0.006266 +- 3.32e-05 pb. Now submitting iteration #3. 
INFO:  Idle: 0,  Running: 3,  Completed: 13 [  4m 53s  ] 
INFO: Survey finished for P0_gg_hh/G1 at 0.01307 +- 0.0001 pb 
INFO:  Idle: 1,  Running: 0,  Completed: 17 [  4m 57s  ] 
INFO: Survey finished for P0_gg_hh/G2 at 0.00631 +- 1.83e-05 pb 
INFO:  Idle: 0,  Running: 0,  Completed: 18 [  4m 57s  ] 
INFO: End survey 
refine 10000
Creating Jobs
INFO: Refine results to 10000 
INFO: Generating 10000.0 unweighted events. 
sum of cpu time of last step: 0 second
INFO: Effective Luminosity 593324.8376095716 pb^-1 
INFO: need to improve 2 channels 
- Current estimate of cross-section: 0.019382299999999998 +- 0.00010210104095453679
INFO:  Idle: 3,  Running: 6,  Completed: 0 [ current time: 18h36 ] 
INFO:  Idle: 1,  Running: 8,  Completed: 1 [  1m 8s  ] 
INFO:  Idle: 0,  Running: 8,  Completed: 2 [  7m 47s  ] 
INFO: P0_gg_hh/G2 is at 686/3740 (18%) event. Resubmit 2 job at iteration 1. 
INFO:  Idle: 0,  Running: 3,  Completed: 9 [  7m 51s  ] 
INFO:  Idle: 0,  Running: 2,  Completed: 10 [  9m 16s  ] 
INFO: P0_gg_hh/G1 is at 33/8033 (0.42%) event. Resubmit 20 job at iteration 1. 
INFO:  Idle: 13,  Running: 8,  Completed: 13 [  9m 19s  ] 
INFO:  Idle: 12,  Running: 8,  Completed: 14 [  17m 16s  ] 
INFO:  Idle: 9,  Running: 8,  Completed: 17 [  17m 19s  ] 
INFO:  Idle: 5,  Running: 8,  Completed: 21 [  17m 23s  ] 
INFO:  Idle: 4,  Running: 8,  Completed: 22 [  24m 57s  ] 
INFO:  Idle: 1,  Running: 8,  Completed: 25 [  25m 1s  ] 
INFO: P0_gg_hh/G2 is at 1944/3734 (52%) event. Resubmit 2 job at iteration 2. 
INFO:  Idle: 0,  Running: 5,  Completed: 31 [  26m 5s  ] 
INFO: P0_gg_hh/G2 is at 2657/3725 ('71%') event. Resubmit 2 job at iteration 3. 
INFO:  Idle: 0,  Running: 5,  Completed: 34 [  27m 8s  ] 
INFO: found enough event for P0_gg_hh/G2 
INFO:  Idle: 0,  Running: 3,  Completed: 37 [  31m 20s  ] 
INFO:  Idle: 1,  Running: 0,  Completed: 40 [  31m 23s  ] 
INFO: P0_gg_hh/G1 is at 2075/7810 (27%) event. Resubmit 50 job at iteration 2. 
INFO:  Idle: 41,  Running: 8,  Completed: 42 [  39m 11s  ] 
INFO:  Idle: 36,  Running: 8,  Completed: 47 [  39m 14s  ] 
INFO:  Idle: 33,  Running: 8,  Completed: 50 [  46m 16s  ] 
INFO:  Idle: 31,  Running: 8,  Completed: 52 [  46m 24s  ] 
INFO:  Idle: 29,  Running: 8,  Completed: 54 [  46m 27s  ] 
INFO:  Idle: 27,  Running: 8,  Completed: 56 [  46m 30s  ] 
INFO:  Idle: 25,  Running: 8,  Completed: 58 [  54m 7s  ] 
INFO:  Idle: 24,  Running: 8,  Completed: 59 [  54m 14s  ] 
INFO:  Idle: 21,  Running: 8,  Completed: 62 [  54m 22s  ] 
INFO:  Idle: 19,  Running: 8,  Completed: 64 [  54m 26s  ] 
INFO:  Idle: 18,  Running: 8,  Completed: 65 [  54m 30s  ] 
INFO:  Idle: 17,  Running: 8,  Completed: 66 [  1h 1m  ] 
INFO:  Idle: 16,  Running: 8,  Completed: 67 [  1h 1m  ] 
INFO:  Idle: 13,  Running: 8,  Completed: 70 [  1h 1m  ] 
INFO:  Idle: 11,  Running: 8,  Completed: 72 [  1h 1m  ] 
INFO:  Idle: 10,  Running: 8,  Completed: 73 [  1h 1m  ] 
INFO:  Idle: 9,  Running: 8,  Completed: 74 [  1h 8m  ] 
INFO:  Idle: 8,  Running: 8,  Completed: 75 [  1h 9m  ] 
INFO:  Idle: 7,  Running: 8,  Completed: 76 [  1h 9m  ] 
INFO:  Idle: 5,  Running: 8,  Completed: 78 [  1h 9m  ] 
INFO:  Idle: 3,  Running: 8,  Completed: 80 [  1h 9m  ] 
INFO:  Idle: 1,  Running: 8,  Completed: 82 [  1h 16m  ] 
INFO:  Idle: 0,  Running: 8,  Completed: 83 [  1h 16m  ] 
INFO:  Idle: 0,  Running: 7,  Completed: 84 [  1h 17m  ] 
INFO:  Idle: 0,  Running: 6,  Completed: 85 [  1h 17m  ] 
INFO:  Idle: 0,  Running: 4,  Completed: 87 [  1h 17m  ] 
INFO:  Idle: 0,  Running: 1,  Completed: 90 [  1h 25m  ] 
INFO:  Idle: 1,  Running: 0,  Completed: 91 [  1h 26m  ] 
INFO: P0_gg_hh/G1 is at 1090/7821 ('14%') event. Resubmit 75 job at iteration 3. 
INFO:  Idle: 67,  Running: 8,  Completed: 92 [  1h 26m  ] 
INFO:  Idle: 59,  Running: 8,  Completed: 100 [  1h 35m  ] 
INFO:  Idle: 54,  Running: 8,  Completed: 105 [  1h 42m  ] 
INFO:  Idle: 51,  Running: 8,  Completed: 108 [  1h 43m  ] 
INFO:  Idle: 46,  Running: 8,  Completed: 113 [  1h 51m  ] 
INFO:  Idle: 43,  Running: 8,  Completed: 116 [  1h 53m  ] 
INFO:  Idle: 40,  Running: 8,  Completed: 119 [  2h 0m  ] 
INFO:  Idle: 35,  Running: 8,  Completed: 124 [  2h 2m  ] 
INFO:  Idle: 34,  Running: 8,  Completed: 125 [  2h 11m  ] 
INFO:  Idle: 27,  Running: 8,  Completed: 132 [  2h 12m  ] 
INFO:  Idle: 19,  Running: 8,  Completed: 140 [  2h 20m  ] 
INFO:  Idle: 11,  Running: 8,  Completed: 148 [  2h 30m  ] 
INFO:  Idle: 3,  Running: 8,  Completed: 156 [  2h 39m  ] 
INFO:  Idle: 0,  Running: 3,  Completed: 164 [  2h 46m  ] 
INFO:  Idle: 1,  Running: 0,  Completed: 167 [  2h 53m  ] 
INFO: found enough event for P0_gg_hh/G1 
INFO:  Idle: 0,  Running: 0,  Completed: 168 [  2h 56m  ] 
INFO:  Idle: 0,  Running: 0,  Completed: 168 [  2h 56m  ] 
INFO: Combining runs 
sum of cpu time of last step: 0 second
INFO: finish refine 
refine 10000 --treshold=0.9
No need for second refine due to stability of cross-section
INFO: Combining Events 
 
 
 
  === Results Summary for run: run_03 tag: tag_1 ===

     Cumulative sequential time for this run: 3h02m00s
     Cross-section :   0.01948 +- 3.438e-05 pb
     Nb of events :  10000
 
INFO: No version of lhapdf. Can not run systematics computation 
store_events
INFO: Storing parton level results 
INFO: End Parton 
reweight -from_cards
decay_events -from_cards
INFO: storing files of previous run 
INFO: Done 
quit
INFO:  
