************************************************************
*                                                          *
*                      W E L C O M E to                    *
*             M A D G R A P H 5 _ a M C @ N L O            *
*                      M A D E V E N T                     *
*                                                          *
*                 *                       *                *
*                   *        * *        *                  *
*                     * * * * 5 * * * *                    *
*                   *        * *        *                  *
*                 *                       *                *
*                                                          *
*         VERSION 2.9.7                 20xx-xx-xx         *
*                                                          *
*    The MadGraph5_aMC@NLO Development Team - Find us at   *
*    https://server06.fynu.ucl.ac.be/projects/madgraph     *
*                                                          *
*               Type 'help' for in-line help.              *
*                                                          *
************************************************************
INFO: load configuration from /home/bruno/NewScalars/Work/MG5_aMC_v2_9_7/gg_eta_s2/Cards/me5_configuration.txt  
INFO: load configuration from /home/bruno/NewScalars/Work/MG5_aMC_v2_9_7/input/mg5_configuration.txt  
INFO: load configuration from /home/bruno/NewScalars/Work/MG5_aMC_v2_9_7/gg_eta_s2/Cards/me5_configuration.txt  
No valid eps viewer found. Please set in ./input/mg5_configuration.txt
Using default web browser "firefox". Set another one in ./input/mg5_configuration.txt
generate_events 
stty: 'standard input': Inappropriate ioctl for device
The following switches determine which programs are run:
/===========================================================================\
| 1. Choose the shower/hadronization program   [1m  shower[0m = [01mNot Avail.[0m        |
| 2. Choose the detector simulation program    [1mdetector[0m = [01mNot Avail.[0m        |
| 3. Choose an analysis package (plot/convert) [1manalysis[0m = [01mNot Avail.[0m        |
| 4. Decay onshell particles                   [1m madspin[0m = [31mOFF[0m               |
| 5. Add weights to events for new hypp.       [1mreweight[0m = [31mOFF[0m               |
\===========================================================================/
Either type the switch number (1 to 5) to change its setting,
Set any switch explicitly (e.g. type 'madspin=ON' at the prompt)
Type 'help' for the list of all valid option
Type '0', 'auto', 'done' or just press enter when you are done.[60s to answer] 
>stty: 'standard input': Inappropriate ioctl for device
Do you want to edit a card (press enter to bypass editing)?
/------------------------------------------------------------\
|  [31m1[0m. param         : [32mparam_card.dat[0m                         |
|  [31m2[0m. run           : [32mrun_card.dat[0m                           |
|  [31m3[0m. MadLoopParams : [32mMadLoopParams.dat[0m                      |
\------------------------------------------------------------/
 you can also
   - enter the path to a valid card or banner.
   - use the 'set' command to modify a parameter directly.
     The set option works only for param_card and run_card.
     Type 'help set' for more information on this command.
   - call an external program (ASperGE/MadWidth/...).
     Type 'help' for the list of available command
 [[4m0[0m, done, 1, param, 2, run, 3, MadLoopParams, enter path][90s to answer] 
>INFO: Update the dependent parameter of the param_card.dat 
Generating 10000 events with run name run_03
survey  run_03 
INFO: compile directory 
initMadLoop -r -f
Initializing MadLoop loop-induced matrix elements (this can take some time)...
MadLoop initialization finished.
compile Source Directory
Using random number seed offset = 33
INFO: Running Survey 
Creating Jobs
Working on SubProcesses
INFO:     P0_gg_hh  
INFO:  Idle: 1,  Running: 3,  Completed: 0 [ current time: 21h52 ] 
INFO:  Idle: 0,  Running: 3,  Completed: 1 [  59s  ] 
INFO: P0_gg_hh/G1 is at 0.00676 +- 0.000211 pb. Now submitting iteration #2. 
INFO: P0_gg_hh/G2 is at 0.0111 +- 0.000451 pb. Now submitting iteration #2. 
INFO:  Idle: 0,  Running: 3,  Completed: 7 [  2m 23s  ] 
INFO: P0_gg_hh/G1 is at 0.00653 +- 0.000161 pb. Now submitting iteration #3. 
INFO:  Idle: 1,  Running: 2,  Completed: 11 [  2m 26s  ] 
INFO: P0_gg_hh/G2 is at 0.01091 +- 6.87e-05 pb. Now submitting iteration #3. 
INFO:  Idle: 0,  Running: 3,  Completed: 13 [  5m 1s  ] 
INFO: Survey finished for P0_gg_hh/G1 at 0.00658 +- 6.8e-05 pb 
INFO:  Idle: 1,  Running: 0,  Completed: 17 [  5m 4s  ] 
INFO: Survey finished for P0_gg_hh/G2 at 0.01088 +- 2.38e-05 pb 
INFO:  Idle: 0,  Running: 0,  Completed: 18 [  5m 4s  ] 
INFO: End survey 
refine 10000
Creating Jobs
INFO: Refine results to 10000 
INFO: Generating 10000.0 unweighted events. 
sum of cpu time of last step: 0 second
INFO: Effective Luminosity 658697.3829666584 pb^-1 
INFO: need to improve 2 channels 
- Current estimate of cross-section: 0.0174587 +- 7.204442768181312e-05
INFO:  Idle: 5,  Running: 4,  Completed: 0 [ current time: 21h57 ] 
INFO:  Idle: 1,  Running: 8,  Completed: 1 [  2m 19s  ] 
INFO:  Idle: 0,  Running: 8,  Completed: 2 [  4m 12s  ] 
INFO: P0_gg_hh/G2 is at 1816/7119 (26%) event. Resubmit 1 job at iteration 1. 
INFO:  Idle: 1,  Running: 1,  Completed: 10 [  6m 1s  ] 
INFO: P0_gg_hh/G2 is at 3715/7174 (52%) event. Resubmit 2 job at iteration 2. 
INFO: P0_gg_hh/G1 is at 185/4404 (4.2%) event. Resubmit 20 job at iteration 1. 
INFO:  Idle: 13,  Running: 8,  Completed: 14 [  8m 13s  ] 
INFO:  Idle: 12,  Running: 8,  Completed: 16 [  10m 15s  ] 
INFO:  Idle: 7,  Running: 8,  Completed: 21 [  10m 22s  ] 
INFO:  Idle: 6,  Running: 8,  Completed: 22 [  12m 52s  ] 
INFO:  Idle: 5,  Running: 8,  Completed: 23 [  12m 55s  ] 
INFO:  Idle: 4,  Running: 8,  Completed: 24 [  14m 42s  ] 
INFO:  Idle: 3,  Running: 8,  Completed: 25 [  14m 46s  ] 
INFO: found enough event for P0_gg_hh/G2 
INFO:  Idle: 0,  Running: 6,  Completed: 30 [  14m 50s  ] 
INFO:  Idle: 0,  Running: 5,  Completed: 31 [  16m 53s  ] 
INFO:  Idle: 0,  Running: 3,  Completed: 33 [  18m 36s  ] 
INFO:  Idle: 0,  Running: 1,  Completed: 35 [  18m 40s  ] 
INFO: P0_gg_hh/G1 is at 35/4414 (0.81%) event. Resubmit 50 job at iteration 2. 
INFO:  Idle: 42,  Running: 8,  Completed: 37 [  18m 43s  ] 
INFO:  Idle: 41,  Running: 8,  Completed: 38 [  22m 34s  ] 
INFO:  Idle: 33,  Running: 8,  Completed: 46 [  27m 35s  ] 
INFO:  Idle: 26,  Running: 8,  Completed: 53 [  27m 39s  ] 
INFO:  Idle: 25,  Running: 8,  Completed: 54 [  31m 19s  ] 
INFO:  Idle: 21,  Running: 8,  Completed: 58 [  31m 22s  ] 
INFO:  Idle: 18,  Running: 8,  Completed: 61 [  31m 26s  ] 
INFO:  Idle: 17,  Running: 8,  Completed: 62 [  36m 12s  ] 
INFO:  Idle: 14,  Running: 8,  Completed: 65 [  36m 17s  ] 
INFO:  Idle: 9,  Running: 8,  Completed: 70 [  41m 20s  ] 
INFO:  Idle: 4,  Running: 8,  Completed: 75 [  41m 24s  ] 
INFO:  Idle: 1,  Running: 8,  Completed: 78 [  45m 17s  ] 
INFO:  Idle: 0,  Running: 5,  Completed: 82 [  45m 21s  ] 
INFO:  Idle: 0,  Running: 1,  Completed: 86 [  49m 12s  ] 
INFO: P0_gg_hh/G1 is at 808/4420 ('18%') event. Resubmit 75 job at iteration 3. 
INFO:  Idle: 66,  Running: 8,  Completed: 89 [  53m 52s  ] 
INFO:  Idle: 65,  Running: 8,  Completed: 90 [  53m 56s  ] 
INFO:  Idle: 63,  Running: 8,  Completed: 92 [  54m 0s  ] 
INFO:  Idle: 59,  Running: 8,  Completed: 96 [  54m 5s  ] 
INFO:  Idle: 58,  Running: 8,  Completed: 97 [  58m 14s  ] 
INFO:  Idle: 57,  Running: 8,  Completed: 98 [  58m 19s  ] 
INFO:  Idle: 53,  Running: 8,  Completed: 102 [  58m 25s  ] 
INFO:  Idle: 51,  Running: 8,  Completed: 104 [  58m 30s  ] 
INFO:  Idle: 50,  Running: 8,  Completed: 105 [  1h 2m  ] 
INFO:  Idle: 48,  Running: 8,  Completed: 107 [  1h 2m  ] 
INFO:  Idle: 44,  Running: 8,  Completed: 111 [  1h 2m  ] 
INFO:  Idle: 43,  Running: 8,  Completed: 112 [  1h 2m  ] 
INFO:  Idle: 42,  Running: 8,  Completed: 113 [  1h 6m  ] 
INFO:  Idle: 39,  Running: 8,  Completed: 116 [  1h 6m  ] 
INFO:  Idle: 36,  Running: 8,  Completed: 119 [  1h 6m  ] 
INFO:  Idle: 35,  Running: 8,  Completed: 120 [  1h 6m  ] 
INFO:  Idle: 34,  Running: 8,  Completed: 121 [  1h 9m  ] 
INFO:  Idle: 33,  Running: 8,  Completed: 122 [  1h 10m  ] 
INFO:  Idle: 28,  Running: 8,  Completed: 127 [  1h 10m  ] 
INFO:  Idle: 26,  Running: 8,  Completed: 129 [  1h 14m  ] 
INFO:  Idle: 25,  Running: 8,  Completed: 130 [  1h 14m  ] 
INFO:  Idle: 23,  Running: 8,  Completed: 132 [  1h 14m  ] 
INFO:  Idle: 21,  Running: 8,  Completed: 134 [  1h 14m  ] 
INFO:  Idle: 18,  Running: 8,  Completed: 137 [  1h 18m  ] 
INFO:  Idle: 17,  Running: 8,  Completed: 138 [  1h 18m  ] 
INFO:  Idle: 16,  Running: 8,  Completed: 139 [  1h 18m  ] 
INFO:  Idle: 14,  Running: 8,  Completed: 141 [  1h 18m  ] 
INFO:  Idle: 12,  Running: 8,  Completed: 143 [  1h 18m  ] 
INFO:  Idle: 10,  Running: 8,  Completed: 145 [  1h 22m  ] 
INFO:  Idle: 9,  Running: 8,  Completed: 146 [  1h 23m  ] 
INFO:  Idle: 8,  Running: 8,  Completed: 147 [  1h 23m  ] 
INFO:  Idle: 7,  Running: 8,  Completed: 148 [  1h 23m  ] 
INFO:  Idle: 4,  Running: 8,  Completed: 151 [  1h 23m  ] 
INFO:  Idle: 2,  Running: 8,  Completed: 153 [  1h 26m  ] 
INFO:  Idle: 1,  Running: 8,  Completed: 154 [  1h 27m  ] 
INFO:  Idle: 0,  Running: 8,  Completed: 155 [  1h 27m  ] 
INFO:  Idle: 0,  Running: 6,  Completed: 157 [  1h 27m  ] 
INFO:  Idle: 0,  Running: 4,  Completed: 159 [  1h 27m  ] 
INFO:  Idle: 0,  Running: 2,  Completed: 161 [  1h 30m  ] 
INFO:  Idle: 0,  Running: 1,  Completed: 162 [  1h 30m  ] 
INFO: P0_gg_hh/G1 is at 189/4427 ('4.3%') event. Resubmit 112 job at iteration 4. 
INFO:  Idle: 104,  Running: 8,  Completed: 164 [  1h 31m  ] 
INFO:  Idle: 103,  Running: 8,  Completed: 165 [  1h 35m  ] 
INFO:  Idle: 101,  Running: 8,  Completed: 167 [  1h 35m  ] 
INFO:  Idle: 97,  Running: 8,  Completed: 171 [  1h 35m  ] 
INFO:  Idle: 95,  Running: 8,  Completed: 173 [  1h 38m  ] 
INFO:  Idle: 92,  Running: 8,  Completed: 176 [  1h 38m  ] 
INFO:  Idle: 88,  Running: 8,  Completed: 180 [  1h 38m  ] 
INFO:  Idle: 87,  Running: 8,  Completed: 181 [  1h 42m  ] 
INFO:  Idle: 86,  Running: 8,  Completed: 182 [  1h 42m  ] 
INFO:  Idle: 82,  Running: 8,  Completed: 186 [  1h 42m  ] 
INFO:  Idle: 80,  Running: 8,  Completed: 188 [  1h 42m  ] 
INFO:  Idle: 79,  Running: 8,  Completed: 189 [  1h 45m  ] 
INFO:  Idle: 75,  Running: 8,  Completed: 193 [  1h 46m  ] 
INFO:  Idle: 73,  Running: 8,  Completed: 195 [  1h 46m  ] 
INFO:  Idle: 71,  Running: 8,  Completed: 197 [  1h 50m  ] 
INFO:  Idle: 70,  Running: 8,  Completed: 198 [  1h 50m  ] 
INFO:  Idle: 69,  Running: 8,  Completed: 199 [  1h 50m  ] 
INFO:  Idle: 67,  Running: 8,  Completed: 201 [  1h 50m  ] 
INFO:  Idle: 63,  Running: 8,  Completed: 205 [  1h 53m  ] 
INFO:  Idle: 62,  Running: 8,  Completed: 206 [  1h 53m  ] 
INFO:  Idle: 61,  Running: 8,  Completed: 207 [  1h 54m  ] 
INFO:  Idle: 59,  Running: 8,  Completed: 209 [  1h 54m  ] 
INFO:  Idle: 55,  Running: 8,  Completed: 213 [  1h 57m  ] 
INFO:  Idle: 53,  Running: 8,  Completed: 215 [  1h 58m  ] 
INFO:  Idle: 49,  Running: 8,  Completed: 219 [  1h 58m  ] 
INFO:  Idle: 47,  Running: 8,  Completed: 221 [  2h 1m  ] 
INFO:  Idle: 46,  Running: 8,  Completed: 222 [  2h 1m  ] 
INFO:  Idle: 42,  Running: 8,  Completed: 226 [  2h 1m  ] 
INFO:  Idle: 40,  Running: 8,  Completed: 228 [  2h 1m  ] 
INFO:  Idle: 39,  Running: 8,  Completed: 229 [  2h 4m  ] 
INFO:  Idle: 38,  Running: 8,  Completed: 230 [  2h 4m  ] 
INFO:  Idle: 34,  Running: 8,  Completed: 234 [  2h 4m  ] 
INFO:  Idle: 32,  Running: 8,  Completed: 236 [  2h 4m  ] 
INFO:  Idle: 31,  Running: 8,  Completed: 237 [  2h 7m  ] 
INFO:  Idle: 30,  Running: 8,  Completed: 238 [  2h 7m  ] 
INFO:  Idle: 28,  Running: 8,  Completed: 240 [  2h 7m  ] 
INFO:  Idle: 25,  Running: 8,  Completed: 243 [  2h 8m  ] 
INFO:  Idle: 24,  Running: 8,  Completed: 244 [  2h 8m  ] 
INFO:  Idle: 23,  Running: 8,  Completed: 245 [  2h 11m  ] 
INFO:  Idle: 22,  Running: 8,  Completed: 246 [  2h 11m  ] 
INFO:  Idle: 20,  Running: 8,  Completed: 248 [  2h 11m  ] 
INFO:  Idle: 19,  Running: 8,  Completed: 249 [  2h 11m  ] 
INFO:  Idle: 16,  Running: 8,  Completed: 252 [  2h 11m  ] 
INFO:  Idle: 15,  Running: 8,  Completed: 253 [  2h 15m  ] 
INFO:  Idle: 14,  Running: 8,  Completed: 254 [  2h 15m  ] 
INFO:  Idle: 12,  Running: 8,  Completed: 256 [  2h 15m  ] 
INFO:  Idle: 11,  Running: 8,  Completed: 257 [  2h 15m  ] 
INFO:  Idle: 9,  Running: 8,  Completed: 259 [  2h 16m  ] 
INFO:  Idle: 8,  Running: 8,  Completed: 260 [  2h 16m  ] 
INFO:  Idle: 7,  Running: 8,  Completed: 261 [  2h 20m  ] 
INFO:  Idle: 6,  Running: 8,  Completed: 262 [  2h 20m  ] 
INFO:  Idle: 4,  Running: 8,  Completed: 264 [  2h 20m  ] 
INFO:  Idle: 2,  Running: 8,  Completed: 266 [  2h 20m  ] 
INFO:  Idle: 0,  Running: 8,  Completed: 268 [  2h 20m  ] 
INFO:  Idle: 0,  Running: 7,  Completed: 269 [  2h 23m  ] 
INFO:  Idle: 0,  Running: 6,  Completed: 270 [  2h 24m  ] 
INFO:  Idle: 0,  Running: 3,  Completed: 273 [  2h 24m  ] 
INFO:  Idle: 1,  Running: 0,  Completed: 276 [  2h 24m  ] 
INFO: found enough event for P0_gg_hh/G1 
INFO:  Idle: 0,  Running: 0,  Completed: 277 [  2h 25m  ] 
INFO:  Idle: 0,  Running: 0,  Completed: 277 [  2h 25m  ] 
INFO: Combining runs 
sum of cpu time of last step: 0 second
INFO: finish refine 
refine 10000 --treshold=0.9
No need for second refine due to stability of cross-section
INFO: Combining Events 
 
 
 
  === Results Summary for run: run_03 tag: tag_1 ===

     Cumulative sequential time for this run: 3h06m07s
     Cross-section :   0.01755 +- 5.557e-05 pb
     Nb of events :  10000
 
INFO: No version of lhapdf. Can not run systematics computation 
store_events
INFO: Storing parton level results 
INFO: End Parton 
reweight -from_cards
decay_events -from_cards
INFO: storing files of previous run 
INFO: Done 
quit
INFO:  
