************************************************************
*                                                          *
*                      W E L C O M E to                    *
*             M A D G R A P H 5 _ a M C @ N L O            *
*                      M A D E V E N T                     *
*                                                          *
*                 *                       *                *
*                   *        * *        *                  *
*                     * * * * 5 * * * *                    *
*                   *        * *        *                  *
*                 *                       *                *
*                                                          *
*         VERSION 2.9.7                 20xx-xx-xx         *
*                                                          *
*    The MadGraph5_aMC@NLO Development Team - Find us at   *
*    https://server06.fynu.ucl.ac.be/projects/madgraph     *
*                                                          *
*               Type 'help' for in-line help.              *
*                                                          *
************************************************************
INFO: load configuration from /home/bruno/NewScalars/Work/MG5_aMC_v2_9_7/gg_eta_s6/Cards/me5_configuration.txt  
INFO: load configuration from /home/bruno/NewScalars/Work/MG5_aMC_v2_9_7/input/mg5_configuration.txt  
INFO: load configuration from /home/bruno/NewScalars/Work/MG5_aMC_v2_9_7/gg_eta_s6/Cards/me5_configuration.txt  
No valid eps viewer found. Please set in ./input/mg5_configuration.txt
Using default web browser "firefox". Set another one in ./input/mg5_configuration.txt
generate_events 
stty: 'standard input': Inappropriate ioctl for device
The following switches determine which programs are run:
/===========================================================================\
| 1. Choose the shower/hadronization program   [1m  shower[0m = [01mNot Avail.[0m        |
| 2. Choose the detector simulation program    [1mdetector[0m = [01mNot Avail.[0m        |
| 3. Choose an analysis package (plot/convert) [1manalysis[0m = [01mNot Avail.[0m        |
| 4. Decay onshell particles                   [1m madspin[0m = [31mOFF[0m               |
| 5. Add weights to events for new hypp.       [1mreweight[0m = [31mOFF[0m               |
\===========================================================================/
Either type the switch number (1 to 5) to change its setting,
Set any switch explicitly (e.g. type 'madspin=ON' at the prompt)
Type 'help' for the list of all valid option
Type '0', 'auto', 'done' or just press enter when you are done.[60s to answer] 
>stty: 'standard input': Inappropriate ioctl for device
Do you want to edit a card (press enter to bypass editing)?
/------------------------------------------------------------\
|  [31m1[0m. param         : [32mparam_card.dat[0m                         |
|  [31m2[0m. run           : [32mrun_card.dat[0m                           |
|  [31m3[0m. MadLoopParams : [32mMadLoopParams.dat[0m                      |
\------------------------------------------------------------/
 you can also
   - enter the path to a valid card or banner.
   - use the 'set' command to modify a parameter directly.
     The set option works only for param_card and run_card.
     Type 'help set' for more information on this command.
   - call an external program (ASperGE/MadWidth/...).
     Type 'help' for the list of available command
 [[4m0[0m, done, 1, param, 2, run, 3, MadLoopParams, enter path][90s to answer] 
>INFO: Update the dependent parameter of the param_card.dat 
Generating 10000 events with run name run_07
survey  run_07 
INFO: compile directory 
initMadLoop -r -f
Initializing MadLoop loop-induced matrix elements (this can take some time)...
MadLoop initialization finished.
compile Source Directory
Using random number seed offset = 57
INFO: Running Survey 
Creating Jobs
Working on SubProcesses
INFO:     P0_gg_hh  
INFO:  Idle: 1,  Running: 3,  Completed: 0 [ current time: 21h46 ] 
INFO:  Idle: 0,  Running: 3,  Completed: 1 [  34.2s  ] 
INFO: P0_gg_hh/G2 is at 0.00469 +- 0.000175 pb. Now submitting iteration #2. 
INFO:  Idle: 1,  Running: 2,  Completed: 5 [  37.6s  ] 
INFO: P0_gg_hh/G1 is at 0.061 +- 0.00199 pb. Now submitting iteration #2. 
INFO:  Idle: 0,  Running: 3,  Completed: 7 [  1m 45s  ] 
INFO: P0_gg_hh/G2 is at 0.004737 +- 1.7e-05 pb. Now submitting iteration #3. 
INFO:  Idle: 1,  Running: 2,  Completed: 11 [  1m 48s  ] 
INFO: P0_gg_hh/G1 is at 0.0638 +- 0.00225 pb. Now submitting iteration #3. 
INFO:  Idle: 0,  Running: 3,  Completed: 13 [  4m 38s  ] 
INFO:  Idle: 1,  Running: 1,  Completed: 15 [  4m 42s  ] 
INFO: Survey finished for P0_gg_hh/G1 at 0.0632 +- 0.000653 pb 
INFO: Survey finished for P0_gg_hh/G2 at 0.004725 +- 7.63e-06 pb 
INFO:  Idle: 0,  Running: 0,  Completed: 18 [  4m 44s  ] 
INFO: End survey 
refine 10000
Creating Jobs
INFO: Refine results to 10000 
INFO: Generating 10000.0 unweighted events. 
sum of cpu time of last step: 0 second
INFO: Effective Luminosity 169305.12758981637 pb^-1 
INFO: need to improve 1 channels 
- Current estimate of cross-section: 0.0679247 +- 0.0006533845050779824
INFO:  Idle: 6,  Running: 2,  Completed: 0 [ current time: 21h51 ] 
INFO:  Idle: 0,  Running: 7,  Completed: 1 [  3m 35s  ] 
INFO:  Idle: 0,  Running: 1,  Completed: 7 [  3m 38s  ] 
INFO: P0_gg_hh/G1 is at 9025/10781 (84%) event. Resubmit 1 job at iteration 1. 
INFO:  Idle: 1,  Running: 0,  Completed: 10 [  6m 55s  ] 
INFO: P0_gg_hh/G1 is at 10133/10777 (94%) event. Resubmit 1 job at iteration 2. 
INFO:  Idle: 1,  Running: 0,  Completed: 12 [  10m 42s  ] 
INFO: found enough event for P0_gg_hh/G1 
INFO:  Idle: 0,  Running: 0,  Completed: 13 [  10m 42s  ] 
INFO: Combining runs 
sum of cpu time of last step: 0 second
INFO: finish refine 
refine 10000 --treshold=0.9
No need for second refine due to stability of cross-section
INFO: Combining Events 
 
 
 
  === Results Summary for run: run_07 tag: tag_1 ===

     Cumulative sequential time for this run: 10m23s
     Cross-section :   0.06836 +- 5.397e-05 pb
     Nb of events :  10000
 
INFO: No version of lhapdf. Can not run systematics computation 
store_events
INFO: Storing parton level results 
INFO: End Parton 
reweight -from_cards
decay_events -from_cards
INFO: storing files of previous run 
INFO: Done 
quit
INFO:  
