************************************************************
*                                                          *
*                      W E L C O M E to                    *
*             M A D G R A P H 5 _ a M C @ N L O            *
*                      M A D E V E N T                     *
*                                                          *
*                 *                       *                *
*                   *        * *        *                  *
*                     * * * * 5 * * * *                    *
*                   *        * *        *                  *
*                 *                       *                *
*                                                          *
*         VERSION 2.9.7                 20xx-xx-xx         *
*                                                          *
*    The MadGraph5_aMC@NLO Development Team - Find us at   *
*    https://server06.fynu.ucl.ac.be/projects/madgraph     *
*                                                          *
*               Type 'help' for in-line help.              *
*                                                          *
************************************************************
INFO: load configuration from /home/bruno/NewScalars/Work/MG5_aMC_v2_9_7/gg_eta_s6/Cards/me5_configuration.txt  
INFO: load configuration from /home/bruno/NewScalars/Work/MG5_aMC_v2_9_7/input/mg5_configuration.txt  
INFO: load configuration from /home/bruno/NewScalars/Work/MG5_aMC_v2_9_7/gg_eta_s6/Cards/me5_configuration.txt  
No valid eps viewer found. Please set in ./input/mg5_configuration.txt
Using default web browser "firefox". Set another one in ./input/mg5_configuration.txt
generate_events 
stty: 'standard input': Inappropriate ioctl for device
The following switches determine which programs are run:
/===========================================================================\
| 1. Choose the shower/hadronization program   [1m  shower[0m = [01mNot Avail.[0m        |
| 2. Choose the detector simulation program    [1mdetector[0m = [01mNot Avail.[0m        |
| 3. Choose an analysis package (plot/convert) [1manalysis[0m = [01mNot Avail.[0m        |
| 4. Decay onshell particles                   [1m madspin[0m = [31mOFF[0m               |
| 5. Add weights to events for new hypp.       [1mreweight[0m = [31mOFF[0m               |
\===========================================================================/
Either type the switch number (1 to 5) to change its setting,
Set any switch explicitly (e.g. type 'madspin=ON' at the prompt)
Type 'help' for the list of all valid option
Type '0', 'auto', 'done' or just press enter when you are done.[60s to answer] 
>stty: 'standard input': Inappropriate ioctl for device
Do you want to edit a card (press enter to bypass editing)?
/------------------------------------------------------------\
|  [31m1[0m. param         : [32mparam_card.dat[0m                         |
|  [31m2[0m. run           : [32mrun_card.dat[0m                           |
|  [31m3[0m. MadLoopParams : [32mMadLoopParams.dat[0m                      |
\------------------------------------------------------------/
 you can also
   - enter the path to a valid card or banner.
   - use the 'set' command to modify a parameter directly.
     The set option works only for param_card and run_card.
     Type 'help set' for more information on this command.
   - call an external program (ASperGE/MadWidth/...).
     Type 'help' for the list of available command
 [[4m0[0m, done, 1, param, 2, run, 3, MadLoopParams, enter path][90s to answer] 
>INFO: Update the dependent parameter of the param_card.dat 
Generating 10000 events with run name run_12
survey  run_12 
INFO: compile directory 
initMadLoop -r -f
Initializing MadLoop loop-induced matrix elements (this can take some time)...
MadLoop initialization finished.
compile Source Directory
Using random number seed offset = 87
INFO: Running Survey 
Creating Jobs
Working on SubProcesses
INFO:     P0_gg_hh  
INFO:  Idle: 4,  Running: 0,  Completed: 0 [ current time: 23h40 ] 
INFO:  Idle: 0,  Running: 3,  Completed: 1 [  51.7s  ] 
INFO: P0_gg_hh/G1 is at 0.00392 +- 0.000231 pb. Now submitting iteration #2. 
INFO: P0_gg_hh/G2 is at 0.00498 +- 0.0002 pb. Now submitting iteration #2. 
INFO:  Idle: 0,  Running: 3,  Completed: 7 [  2m 20s  ] 
INFO: P0_gg_hh/G1 is at 0.00378 +- 4.32e-05 pb. Now submitting iteration #3. 
INFO: P0_gg_hh/G2 is at 0.00518 +- 6.67e-05 pb. Now submitting iteration #3. 
INFO:  Idle: 0,  Running: 3,  Completed: 13 [  5m 35s  ] 
INFO:  Idle: 1,  Running: 2,  Completed: 14 [  5m 39s  ] 
INFO: Survey finished for P0_gg_hh/G1 at 0.003797 +- 1.42e-05 pb 
INFO: Survey finished for P0_gg_hh/G2 at 0.005101 +- 3.38e-05 pb 
INFO:  Idle: 0,  Running: 0,  Completed: 18 [  5m 41s  ] 
INFO: End survey 
refine 10000
Creating Jobs
INFO: Refine results to 10000 
INFO: Generating 10000.0 unweighted events. 
sum of cpu time of last step: 0 second
INFO: Effective Luminosity 1292338.120603241 pb^-1 
INFO: need to improve 2 channels 
- Current estimate of cross-section: 0.0088986 +- 3.668640975892844e-05
INFO:  Idle: 1,  Running: 8,  Completed: 0 [ current time: 23h45 ] 
INFO:  Idle: 0,  Running: 8,  Completed: 1 [  39.7s  ] 
INFO:  Idle: 0,  Running: 4,  Completed: 5 [  44s  ] 
INFO: P0_gg_hh/G2 is at 1957/6560 (30%) event. Resubmit 4 job at iteration 1. 
INFO:  Idle: 0,  Running: 5,  Completed: 9 [  47s  ] 
INFO:  Idle: 1,  Running: 4,  Completed: 10 [  1m 15s  ] 
INFO: P0_gg_hh/G1 is at 191/4982 (3.8%) event. Resubmit 13 job at iteration 1. 
INFO:  Idle: 8,  Running: 8,  Completed: 12 [  1m 24s  ] 
INFO:  Idle: 5,  Running: 8,  Completed: 16 [  1m 55s  ] 
INFO:  Idle: 3,  Running: 8,  Completed: 18 [  1m 58s  ] 
INFO:  Idle: 1,  Running: 8,  Completed: 20 [  2m 3s  ] 
INFO: P0_gg_hh/G2 is at 527/6598 (8%) event. Resubmit 10 job at iteration 2. 
INFO:  Idle: 8,  Running: 8,  Completed: 23 [  2m 6s  ] 
INFO:  Idle: 6,  Running: 8,  Completed: 25 [  2m 27s  ] 
INFO:  Idle: 4,  Running: 8,  Completed: 27 [  2m 32s  ] 
INFO:  Idle: 3,  Running: 8,  Completed: 28 [  2m 35s  ] 
INFO:  Idle: 2,  Running: 8,  Completed: 30 [  2m 40s  ] 
INFO:  Idle: 1,  Running: 8,  Completed: 31 [  2m 43s  ] 
INFO: P0_gg_hh/G1 is at 721/4942 (15%) event. Resubmit 33 job at iteration 2. 
INFO:  Idle: 31,  Running: 8,  Completed: 34 [  3m 3s  ] 
INFO:  Idle: 28,  Running: 8,  Completed: 37 [  3m 9s  ] 
INFO:  Idle: 27,  Running: 8,  Completed: 38 [  3m 13s  ] 
INFO:  Idle: 26,  Running: 8,  Completed: 40 [  3m 17s  ] 
INFO:  Idle: 25,  Running: 8,  Completed: 41 [  3m 22s  ] 
INFO:  Idle: 24,  Running: 8,  Completed: 42 [  3m 37s  ] 
INFO:  Idle: 22,  Running: 8,  Completed: 44 [  3m 40s  ] 
INFO:  Idle: 21,  Running: 8,  Completed: 45 [  3m 46s  ] 
INFO:  Idle: 20,  Running: 8,  Completed: 46 [  3m 50s  ] 
INFO:  Idle: 16,  Running: 8,  Completed: 50 [  4m 13s  ] 
INFO:  Idle: 14,  Running: 8,  Completed: 52 [  4m 17s  ] 
INFO:  Idle: 12,  Running: 8,  Completed: 54 [  4m 22s  ] 
INFO:  Idle: 9,  Running: 8,  Completed: 57 [  4m 26s  ] 
INFO:  Idle: 8,  Running: 8,  Completed: 58 [  4m 45s  ] 
INFO:  Idle: 6,  Running: 8,  Completed: 60 [  4m 53s  ] 
INFO:  Idle: 4,  Running: 8,  Completed: 62 [  4m 57s  ] 
INFO:  Idle: 0,  Running: 8,  Completed: 66 [  5m 18s  ] 
INFO: P0_gg_hh/G2 is at 1119/6599 ('17%') event. Resubmit 15 job at iteration 3. 
INFO:  Idle: 13,  Running: 8,  Completed: 68 [  5m 23s  ] 
INFO:  Idle: 12,  Running: 8,  Completed: 69 [  5m 29s  ] 
INFO:  Idle: 9,  Running: 8,  Completed: 72 [  5m 34s  ] 
INFO:  Idle: 7,  Running: 8,  Completed: 75 [  5m 48s  ] 
INFO:  Idle: 6,  Running: 8,  Completed: 76 [  5m 59s  ] 
INFO:  Idle: 5,  Running: 8,  Completed: 77 [  6m 2s  ] 
INFO:  Idle: 4,  Running: 8,  Completed: 78 [  6m 7s  ] 
INFO:  Idle: 1,  Running: 8,  Completed: 81 [  6m 11s  ] 
INFO:  Idle: 0,  Running: 8,  Completed: 82 [  6m 15s  ] 
INFO: P0_gg_hh/G1 is at 2056/4938 ('42%') event. Resubmit 49 job at iteration 3. 
INFO:  Idle: 47,  Running: 8,  Completed: 84 [  6m 26s  ] 
INFO:  Idle: 46,  Running: 8,  Completed: 85 [  6m 37s  ] 
INFO:  Idle: 44,  Running: 8,  Completed: 87 [  6m 44s  ] 
INFO:  Idle: 42,  Running: 8,  Completed: 90 [  6m 49s  ] 
INFO:  Idle: 41,  Running: 8,  Completed: 91 [  6m 53s  ] 
INFO:  Idle: 40,  Running: 8,  Completed: 92 [  7m 6s  ] 
INFO:  Idle: 39,  Running: 8,  Completed: 93 [  7m 15s  ] 
INFO:  Idle: 37,  Running: 8,  Completed: 95 [  7m 24s  ] 
INFO:  Idle: 34,  Running: 8,  Completed: 98 [  7m 27s  ] 
INFO:  Idle: 33,  Running: 8,  Completed: 99 [  7m 33s  ] 
INFO:  Idle: 32,  Running: 8,  Completed: 100 [  7m 44s  ] 
INFO:  Idle: 31,  Running: 8,  Completed: 101 [  7m 55s  ] 
INFO:  Idle: 29,  Running: 8,  Completed: 103 [  7m 59s  ] 
INFO:  Idle: 28,  Running: 8,  Completed: 104 [  8m 2s  ] 
INFO:  Idle: 25,  Running: 8,  Completed: 107 [  8m 9s  ] 
INFO:  Idle: 24,  Running: 8,  Completed: 108 [  8m 20s  ] 
INFO:  Idle: 23,  Running: 8,  Completed: 109 [  8m 30s  ] 
INFO:  Idle: 21,  Running: 8,  Completed: 111 [  8m 34s  ] 
INFO:  Idle: 19,  Running: 8,  Completed: 113 [  8m 37s  ] 
INFO:  Idle: 17,  Running: 8,  Completed: 115 [  8m 43s  ] 
INFO:  Idle: 16,  Running: 8,  Completed: 116 [  8m 56s  ] 
INFO:  Idle: 15,  Running: 8,  Completed: 117 [  9m 5s  ] 
INFO:  Idle: 13,  Running: 8,  Completed: 119 [  9m 10s  ] 
INFO:  Idle: 10,  Running: 8,  Completed: 122 [  9m 13s  ] 
INFO:  Idle: 8,  Running: 8,  Completed: 124 [  9m 32s  ] 
INFO:  Idle: 7,  Running: 8,  Completed: 125 [  9m 40s  ] 
INFO:  Idle: 6,  Running: 8,  Completed: 126 [  9m 43s  ] 
INFO:  Idle: 3,  Running: 8,  Completed: 129 [  9m 47s  ] 
INFO:  Idle: 1,  Running: 8,  Completed: 131 [  9m 51s  ] 
INFO:  Idle: 0,  Running: 8,  Completed: 132 [  10m 7s  ] 
INFO:  Idle: 0,  Running: 7,  Completed: 133 [  10m 14s  ] 
INFO:  Idle: 0,  Running: 5,  Completed: 135 [  10m 19s  ] 
INFO:  Idle: 1,  Running: 1,  Completed: 139 [  10m 23s  ] 
INFO: P0_gg_hh/G1 is at 3899/4931 ('79%') event. Resubmit 26 job at iteration 4. 
INFO: found enough event for P0_gg_hh/G2 
INFO:  Idle: 18,  Running: 8,  Completed: 141 [  10m 31s  ] 
INFO:  Idle: 17,  Running: 8,  Completed: 142 [  10m 57s  ] 
INFO:  Idle: 10,  Running: 8,  Completed: 149 [  11m 5s  ] 
INFO:  Idle: 9,  Running: 8,  Completed: 150 [  11m 31s  ] 
INFO:  Idle: 2,  Running: 8,  Completed: 157 [  11m 38s  ] 
INFO:  Idle: 1,  Running: 8,  Completed: 158 [  11m 46s  ] 
INFO:  Idle: 0,  Running: 8,  Completed: 159 [  12m 2s  ] 
INFO:  Idle: 0,  Running: 7,  Completed: 160 [  12m 5s  ] 
INFO:  Idle: 0,  Running: 2,  Completed: 165 [  12m 9s  ] 
INFO:  Idle: 0,  Running: 1,  Completed: 166 [  12m 15s  ] 
INFO:  Idle: 1,  Running: 0,  Completed: 167 [  12m 26s  ] 
INFO: P0_gg_hh/G1 is at 3888/4937 ('79%') event. Resubmit 33 job at iteration 5. 
INFO:  Idle: 24,  Running: 8,  Completed: 169 [  12m 58s  ] 
INFO:  Idle: 16,  Running: 8,  Completed: 177 [  13m 32s  ] 
INFO:  Idle: 8,  Running: 8,  Completed: 185 [  13m 59s  ] 
INFO:  Idle: 1,  Running: 8,  Completed: 192 [  14m 2s  ] 
INFO:  Idle: 0,  Running: 8,  Completed: 193 [  14m 27s  ] 
INFO:  Idle: 0,  Running: 4,  Completed: 197 [  14m 30s  ] 
INFO:  Idle: 1,  Running: 0,  Completed: 201 [  14m 53s  ] 
INFO: found enough event for P0_gg_hh/G1 
INFO:  Idle: 0,  Running: 0,  Completed: 202 [  14m 54s  ] 
INFO: Combining runs 
sum of cpu time of last step: 0 second
INFO: finish refine 
refine 10000 --treshold=0.9
No need for second refine due to stability of cross-section
INFO: Combining Events 
 
 
 
  === Results Summary for run: run_12 tag: tag_1 ===

     Cumulative sequential time for this run: 23m27s
     Cross-section :   0.008945 +- 1.575e-05 pb
     Nb of events :  10000
 
INFO: No version of lhapdf. Can not run systematics computation 
store_events
INFO: Storing parton level results 
INFO: End Parton 
reweight -from_cards
decay_events -from_cards
INFO: storing files of previous run 
INFO: Done 
quit
INFO:  
