************************************************************
*                                                          *
*                      W E L C O M E to                    *
*             M A D G R A P H 5 _ a M C @ N L O            *
*                      M A D E V E N T                     *
*                                                          *
*                 *                       *                *
*                   *        * *        *                  *
*                     * * * * 5 * * * *                    *
*                   *        * *        *                  *
*                 *                       *                *
*                                                          *
*         VERSION 2.9.7                 20xx-xx-xx         *
*                                                          *
*    The MadGraph5_aMC@NLO Development Team - Find us at   *
*    https://server06.fynu.ucl.ac.be/projects/madgraph     *
*                                                          *
*               Type 'help' for in-line help.              *
*                                                          *
************************************************************
INFO: load configuration from /home/bruno/NewScalars/Work/MG5_aMC_v2_9_7/gg_eta_s7/Cards/me5_configuration.txt  
INFO: load configuration from /home/bruno/NewScalars/Work/MG5_aMC_v2_9_7/input/mg5_configuration.txt  
INFO: load configuration from /home/bruno/NewScalars/Work/MG5_aMC_v2_9_7/gg_eta_s7/Cards/me5_configuration.txt  
No valid eps viewer found. Please set in ./input/mg5_configuration.txt
Using default web browser "firefox". Set another one in ./input/mg5_configuration.txt
generate_events 
stty: 'standard input': Inappropriate ioctl for device
The following switches determine which programs are run:
/===========================================================================\
| 1. Choose the shower/hadronization program   [1m  shower[0m = [01mNot Avail.[0m        |
| 2. Choose the detector simulation program    [1mdetector[0m = [01mNot Avail.[0m        |
| 3. Choose an analysis package (plot/convert) [1manalysis[0m = [01mNot Avail.[0m        |
| 4. Decay onshell particles                   [1m madspin[0m = [31mOFF[0m               |
| 5. Add weights to events for new hypp.       [1mreweight[0m = [31mOFF[0m               |
\===========================================================================/
Either type the switch number (1 to 5) to change its setting,
Set any switch explicitly (e.g. type 'madspin=ON' at the prompt)
Type 'help' for the list of all valid option
Type '0', 'auto', 'done' or just press enter when you are done.[60s to answer] 
>stty: 'standard input': Inappropriate ioctl for device
Do you want to edit a card (press enter to bypass editing)?
/------------------------------------------------------------\
|  [31m1[0m. param         : [32mparam_card.dat[0m                         |
|  [31m2[0m. run           : [32mrun_card.dat[0m                           |
|  [31m3[0m. MadLoopParams : [32mMadLoopParams.dat[0m                      |
\------------------------------------------------------------/
 you can also
   - enter the path to a valid card or banner.
   - use the 'set' command to modify a parameter directly.
     The set option works only for param_card and run_card.
     Type 'help set' for more information on this command.
   - call an external program (ASperGE/MadWidth/...).
     Type 'help' for the list of available command
 [[4m0[0m, done, 1, param, 2, run, 3, MadLoopParams, enter path][90s to answer] 
>INFO: Update the dependent parameter of the param_card.dat 
Generating 10000 events with run name run_09
survey  run_09 
INFO: compile directory 
initMadLoop -r -f
Initializing MadLoop loop-induced matrix elements (this can take some time)...
MadLoop initialization finished.
compile Source Directory
Using random number seed offset = 69
INFO: Running Survey 
Creating Jobs
Working on SubProcesses
INFO:     P0_gg_hh  
INFO:  Idle: 2,  Running: 2,  Completed: 0 [ current time: 20h20 ] 
INFO:  Idle: 0,  Running: 3,  Completed: 1 [  1m 13s  ] 
INFO: P0_gg_hh/G2 is at 0.000313 +- 1.46e-05 pb. Now submitting iteration #2. 
INFO: P0_gg_hh/G1 is at 0.00429 +- 9.01e-05 pb. Now submitting iteration #2. 
INFO:  Idle: 0,  Running: 3,  Completed: 7 [  3m 33s  ] 
INFO: P0_gg_hh/G1 is at 0.004298 +- 5.13e-06 pb. Now submitting iteration #3. 
INFO:  Idle: 1,  Running: 2,  Completed: 11 [  3m 37s  ] 
INFO: P0_gg_hh/G2 is at 0.000323 +- 3.77e-06 pb. Now submitting iteration #3. 
INFO:  Idle: 0,  Running: 3,  Completed: 13 [  8m 8s  ] 
INFO:  Idle: 1,  Running: 2,  Completed: 14 [  8m 12s  ] 
INFO: Survey finished for P0_gg_hh/G1 at 0.00435 +- 3.04e-05 pb 
INFO:  Idle: 1,  Running: 0,  Completed: 17 [  8m 18s  ] 
INFO: Survey finished for P0_gg_hh/G2 at 0.000312 +- 4.93e-06 pb 
INFO:  Idle: 0,  Running: 0,  Completed: 18 [  8m 18s  ] 
INFO: End survey 
refine 10000
Creating Jobs
INFO: Refine results to 10000 
INFO: Generating 10000.0 unweighted events. 
sum of cpu time of last step: 0 second
INFO: Effective Luminosity 2466625.48474553 pb^-1 
INFO: need to improve 1 channels 
- Current estimate of cross-section: 0.00466224 +- 3.075504933193898e-05
INFO:  Idle: 3,  Running: 5,  Completed: 0 [ current time: 20h29 ] 
INFO:  Idle: 0,  Running: 7,  Completed: 1 [  2m 11s  ] 
INFO:  Idle: 0,  Running: 4,  Completed: 4 [  2m 14s  ] 
INFO: P0_gg_hh/G1 is at 612/10843 (5.6%) event. Resubmit 20 job at iteration 1. 
INFO:  Idle: 11,  Running: 8,  Completed: 10 [  4m 11s  ] 
INFO:  Idle: 4,  Running: 8,  Completed: 17 [  4m 14s  ] 
INFO:  Idle: 3,  Running: 8,  Completed: 18 [  5m 48s  ] 
INFO:  Idle: 0,  Running: 4,  Completed: 25 [  5m 51s  ] 
INFO:  Idle: 0,  Running: 3,  Completed: 26 [  7m 19s  ] 
INFO: P0_gg_hh/G1 is at 1283/10871 (12%) event. Resubmit 50 job at iteration 2. 
INFO:  Idle: 43,  Running: 7,  Completed: 30 [  7m 23s  ] 
INFO:  Idle: 41,  Running: 8,  Completed: 31 [  9m 24s  ] 
INFO:  Idle: 34,  Running: 8,  Completed: 38 [  9m 28s  ] 
INFO:  Idle: 33,  Running: 8,  Completed: 39 [  11m 35s  ] 
INFO:  Idle: 28,  Running: 8,  Completed: 44 [  11m 39s  ] 
INFO:  Idle: 25,  Running: 8,  Completed: 47 [  13m 47s  ] 
INFO:  Idle: 20,  Running: 8,  Completed: 52 [  13m 50s  ] 
INFO:  Idle: 17,  Running: 8,  Completed: 55 [  15m 58s  ] 
INFO:  Idle: 12,  Running: 8,  Completed: 60 [  16m 2s  ] 
INFO:  Idle: 9,  Running: 8,  Completed: 63 [  18m 6s  ] 
INFO:  Idle: 3,  Running: 8,  Completed: 69 [  18m 9s  ] 
INFO:  Idle: 1,  Running: 8,  Completed: 71 [  19m 59s  ] 
INFO:  Idle: 0,  Running: 4,  Completed: 76 [  20m 4s  ] 
INFO:  Idle: 0,  Running: 2,  Completed: 78 [  20m 7s  ] 
INFO:  Idle: 0,  Running: 1,  Completed: 79 [  21m 45s  ] 
INFO: P0_gg_hh/G1 is at 2762/10839 ('25%') event. Resubmit 75 job at iteration 3. 
INFO:  Idle: 66,  Running: 8,  Completed: 82 [  23m 38s  ] 
INFO:  Idle: 58,  Running: 8,  Completed: 90 [  25m 31s  ] 
INFO:  Idle: 56,  Running: 8,  Completed: 92 [  25m 34s  ] 
INFO:  Idle: 50,  Running: 8,  Completed: 98 [  27m 31s  ] 
INFO:  Idle: 44,  Running: 8,  Completed: 104 [  27m 35s  ] 
INFO:  Idle: 42,  Running: 8,  Completed: 106 [  29m 31s  ] 
INFO:  Idle: 38,  Running: 8,  Completed: 110 [  29m 34s  ] 
INFO:  Idle: 34,  Running: 8,  Completed: 114 [  31m 32s  ] 
INFO:  Idle: 30,  Running: 8,  Completed: 118 [  31m 36s  ] 
INFO:  Idle: 27,  Running: 8,  Completed: 121 [  31m 40s  ] 
INFO:  Idle: 26,  Running: 8,  Completed: 122 [  33m 37s  ] 
INFO:  Idle: 23,  Running: 8,  Completed: 125 [  33m 41s  ] 
INFO:  Idle: 19,  Running: 8,  Completed: 129 [  33m 46s  ] 
INFO:  Idle: 18,  Running: 8,  Completed: 130 [  35m 51s  ] 
INFO:  Idle: 14,  Running: 8,  Completed: 134 [  35m 55s  ] 
INFO:  Idle: 11,  Running: 8,  Completed: 137 [  36m 0s  ] 
INFO:  Idle: 10,  Running: 8,  Completed: 138 [  38m 4s  ] 
INFO:  Idle: 7,  Running: 8,  Completed: 141 [  38m 8s  ] 
INFO:  Idle: 3,  Running: 8,  Completed: 145 [  38m 12s  ] 
INFO:  Idle: 2,  Running: 8,  Completed: 146 [  40m 10s  ] 
INFO:  Idle: 0,  Running: 5,  Completed: 151 [  40m 13s  ] 
INFO:  Idle: 0,  Running: 3,  Completed: 153 [  40m 17s  ] 
INFO:  Idle: 0,  Running: 2,  Completed: 154 [  41m 54s  ] 
INFO: found enough event for P0_gg_hh/G1 
INFO:  Idle: 0,  Running: 0,  Completed: 157 [  44m 5s  ] 
INFO:  Idle: 0,  Running: 0,  Completed: 157 [  44m 5s  ] 
INFO: Combining runs 
sum of cpu time of last step: 0 second
INFO: finish refine 
refine 10000 --treshold=0.9
No need for second refine due to stability of cross-section
INFO: Combining Events 
 
 
 
  === Results Summary for run: run_09 tag: tag_1 ===

     Cumulative sequential time for this run: 40m56s
     Cross-section :   0.004702 +- 6.746e-06 pb
     Nb of events :  10000
 
INFO: No version of lhapdf. Can not run systematics computation 
store_events
INFO: Storing parton level results 
INFO: End Parton 
reweight -from_cards
decay_events -from_cards
INFO: storing files of previous run 
INFO: Done 
quit
INFO:  
