************************************************************
*                                                          *
*                      W E L C O M E to                    *
*             M A D G R A P H 5 _ a M C @ N L O            *
*                      M A D E V E N T                     *
*                                                          *
*                 *                       *                *
*                   *        * *        *                  *
*                     * * * * 5 * * * *                    *
*                   *        * *        *                  *
*                 *                       *                *
*                                                          *
*         VERSION 2.9.7                 20xx-xx-xx         *
*                                                          *
*    The MadGraph5_aMC@NLO Development Team - Find us at   *
*    https://server06.fynu.ucl.ac.be/projects/madgraph     *
*                                                          *
*               Type 'help' for in-line help.              *
*                                                          *
************************************************************
INFO: load configuration from /home/bruno/NewScalars/Work/MG5_aMC_v2_9_7/gg_eta_s4/Cards/me5_configuration.txt  
INFO: load configuration from /home/bruno/NewScalars/Work/MG5_aMC_v2_9_7/input/mg5_configuration.txt  
INFO: load configuration from /home/bruno/NewScalars/Work/MG5_aMC_v2_9_7/gg_eta_s4/Cards/me5_configuration.txt  
No valid eps viewer found. Please set in ./input/mg5_configuration.txt
Using default web browser "firefox". Set another one in ./input/mg5_configuration.txt
generate_events 
stty: 'standard input': Inappropriate ioctl for device
The following switches determine which programs are run:
/===========================================================================\
| 1. Choose the shower/hadronization program   [1m  shower[0m = [01mNot Avail.[0m        |
| 2. Choose the detector simulation program    [1mdetector[0m = [01mNot Avail.[0m        |
| 3. Choose an analysis package (plot/convert) [1manalysis[0m = [01mNot Avail.[0m        |
| 4. Decay onshell particles                   [1m madspin[0m = [31mOFF[0m               |
| 5. Add weights to events for new hypp.       [1mreweight[0m = [31mOFF[0m               |
\===========================================================================/
Either type the switch number (1 to 5) to change its setting,
Set any switch explicitly (e.g. type 'madspin=ON' at the prompt)
Type 'help' for the list of all valid option
Type '0', 'auto', 'done' or just press enter when you are done.[60s to answer] 
>stty: 'standard input': Inappropriate ioctl for device
Do you want to edit a card (press enter to bypass editing)?
/------------------------------------------------------------\
|  [31m1[0m. param         : [32mparam_card.dat[0m                         |
|  [31m2[0m. run           : [32mrun_card.dat[0m                           |
|  [31m3[0m. MadLoopParams : [32mMadLoopParams.dat[0m                      |
\------------------------------------------------------------/
 you can also
   - enter the path to a valid card or banner.
   - use the 'set' command to modify a parameter directly.
     The set option works only for param_card and run_card.
     Type 'help set' for more information on this command.
   - call an external program (ASperGE/MadWidth/...).
     Type 'help' for the list of available command
 [[4m0[0m, done, 1, param, 2, run, 3, MadLoopParams, enter path][90s to answer] 
>INFO: Update the dependent parameter of the param_card.dat 
Generating 10000 events with run name run_01
survey  run_01 
INFO: compile directory 
initMadLoop -r -f
Initializing MadLoop loop-induced matrix elements (this can take some time)...
MadLoop initialization finished.
compile Source Directory
Using random number seed offset = 21
INFO: Running Survey 
Creating Jobs
Working on SubProcesses
INFO:     P0_gg_hh  
INFO:  Idle: 4,  Running: 0,  Completed: 0 [ current time: 16h37 ] 
INFO:  Idle: 0,  Running: 3,  Completed: 1 [  29.6s  ] 
INFO: P0_gg_hh/G1 is at 0.0293 +- 0.000838 pb. Now submitting iteration #2. 
INFO:  Idle: 1,  Running: 2,  Completed: 5 [  35.8s  ] 
INFO: P0_gg_hh/G2 is at 0.00291 +- 0.000126 pb. Now submitting iteration #2. 
INFO:  Idle: 0,  Running: 3,  Completed: 7 [  1m 27s  ] 
INFO:  Idle: 1,  Running: 2,  Completed: 8 [  1m 35s  ] 
INFO: P0_gg_hh/G1 is at 0.02898 +- 0.000129 pb. Now submitting iteration #3. 
INFO:  Idle: 0,  Running: 3,  Completed: 10 [  1m 45s  ] 
INFO: Survey finished for P0_gg_hh/G2 at 0.0029084 +- 3e-07 pb 
INFO:  Idle: 0,  Running: 1,  Completed: 13 [  4m 31s  ] 
INFO: Survey finished for P0_gg_hh/G1 at 0.02916 +- 0.000123 pb 
INFO:  Idle: 0,  Running: 0,  Completed: 15 [  4m 31s  ] 
INFO: End survey 
refine 10000
Creating Jobs
INFO: Refine results to 10000 
INFO: Generating 10000.0 unweighted events. 
sum of cpu time of last step: 0 second
INFO: Effective Luminosity 358597.2921227089 pb^-1 
INFO: need to improve 2 channels 
- Current estimate of cross-section: 0.0320694 +- 0.00012339036457520702
INFO:  Idle: 9,  Running: 0,  Completed: 0 [ current time: 16h42 ] 
INFO:  Idle: 1,  Running: 8,  Completed: 1 [  1m 7s  ] 
INFO:  Idle: 0,  Running: 8,  Completed: 2 [  2m 20s  ] 
INFO: P0_gg_hh/G2 is at 160/1043 (15%) event. Resubmit 2 job at iteration 1. 
INFO:  Idle: 0,  Running: 8,  Completed: 4 [  2m 46s  ] 
INFO:  Idle: 0,  Running: 6,  Completed: 6 [  3m 0s  ] 
INFO:  Idle: 0,  Running: 4,  Completed: 8 [  3m 4s  ] 
INFO:  Idle: 0,  Running: 2,  Completed: 10 [  3m 19s  ] 
INFO:  Idle: 1,  Running: 1,  Completed: 11 [  3m 38s  ] 
INFO: P0_gg_hh/G2 is at 470/1028 (46%) event. Resubmit 3 job at iteration 2. 
INFO:  Idle: 1,  Running: 3,  Completed: 13 [  4m 5s  ] 
INFO: P0_gg_hh/G1 is at 195/10474 (1.9%) event. Resubmit 20 job at iteration 1. 
INFO:  Idle: 13,  Running: 8,  Completed: 16 [  4m 33s  ] 
INFO:  Idle: 12,  Running: 8,  Completed: 18 [  7m 6s  ] 
INFO:  Idle: 7,  Running: 8,  Completed: 23 [  7m 38s  ] 
INFO:  Idle: 4,  Running: 8,  Completed: 26 [  10m 12s  ] 
INFO:  Idle: 0,  Running: 8,  Completed: 30 [  10m 17s  ] 
INFO: P0_gg_hh/G2 is at 944/1021 ('93%') event. Resubmit 1 job at iteration 3. 
INFO:  Idle: 0,  Running: 7,  Completed: 32 [  10m 36s  ] 
INFO:  Idle: 1,  Running: 4,  Completed: 35 [  11m 1s  ] 
INFO: found enough event for P0_gg_hh/G2 
INFO:  Idle: 0,  Running: 3,  Completed: 37 [  12m 19s  ] 
INFO:  Idle: 1,  Running: 0,  Completed: 40 [  12m 22s  ] 
INFO: P0_gg_hh/G1 is at 524/10484 (5%) event. Resubmit 50 job at iteration 2. 
INFO:  Idle: 41,  Running: 8,  Completed: 42 [  14m 58s  ] 
INFO:  Idle: 34,  Running: 8,  Completed: 49 [  15m 1s  ] 
INFO:  Idle: 33,  Running: 8,  Completed: 50 [  17m 35s  ] 
INFO:  Idle: 28,  Running: 8,  Completed: 55 [  17m 38s  ] 
INFO:  Idle: 25,  Running: 8,  Completed: 58 [  20m 18s  ] 
INFO:  Idle: 23,  Running: 8,  Completed: 60 [  20m 21s  ] 
INFO:  Idle: 21,  Running: 8,  Completed: 62 [  20m 25s  ] 
INFO:  Idle: 19,  Running: 8,  Completed: 64 [  20m 30s  ] 
INFO:  Idle: 17,  Running: 8,  Completed: 66 [  22m 53s  ] 
INFO:  Idle: 16,  Running: 8,  Completed: 67 [  22m 59s  ] 
INFO:  Idle: 12,  Running: 8,  Completed: 71 [  23m 5s  ] 
INFO:  Idle: 9,  Running: 8,  Completed: 74 [  25m 20s  ] 
INFO:  Idle: 8,  Running: 8,  Completed: 75 [  25m 32s  ] 
INFO:  Idle: 7,  Running: 8,  Completed: 76 [  25m 36s  ] 
INFO:  Idle: 4,  Running: 8,  Completed: 79 [  25m 42s  ] 
INFO:  Idle: 2,  Running: 8,  Completed: 81 [  25m 49s  ] 
INFO:  Idle: 1,  Running: 8,  Completed: 82 [  27m 36s  ] 
INFO:  Idle: 0,  Running: 8,  Completed: 83 [  27m 47s  ] 
INFO:  Idle: 0,  Running: 6,  Completed: 85 [  27m 50s  ] 
INFO:  Idle: 0,  Running: 4,  Completed: 87 [  27m 56s  ] 
INFO:  Idle: 0,  Running: 3,  Completed: 88 [  27m 59s  ] 
INFO:  Idle: 0,  Running: 2,  Completed: 89 [  28m 4s  ] 
INFO:  Idle: 0,  Running: 1,  Completed: 90 [  29m 59s  ] 
INFO:  Idle: 1,  Running: 0,  Completed: 91 [  30m 11s  ] 
INFO: P0_gg_hh/G1 is at 2895/10437 ('28%') event. Resubmit 75 job at iteration 3. 
INFO:  Idle: 66,  Running: 8,  Completed: 93 [  33m 0s  ] 
INFO:  Idle: 65,  Running: 8,  Completed: 94 [  33m 4s  ] 
INFO:  Idle: 58,  Running: 8,  Completed: 101 [  35m 13s  ] 
INFO:  Idle: 57,  Running: 8,  Completed: 102 [  35m 16s  ] 
INFO:  Idle: 51,  Running: 8,  Completed: 108 [  35m 22s  ] 
INFO:  Idle: 50,  Running: 8,  Completed: 109 [  37m 44s  ] 
INFO:  Idle: 48,  Running: 8,  Completed: 111 [  37m 47s  ] 
INFO:  Idle: 43,  Running: 8,  Completed: 116 [  37m 53s  ] 
INFO:  Idle: 42,  Running: 8,  Completed: 117 [  40m 1s  ] 
INFO:  Idle: 40,  Running: 8,  Completed: 119 [  40m 6s  ] 
INFO:  Idle: 37,  Running: 8,  Completed: 122 [  40m 9s  ] 
INFO:  Idle: 35,  Running: 8,  Completed: 124 [  40m 13s  ] 
INFO:  Idle: 34,  Running: 8,  Completed: 125 [  42m 25s  ] 
INFO:  Idle: 32,  Running: 8,  Completed: 127 [  42m 31s  ] 
INFO:  Idle: 28,  Running: 8,  Completed: 131 [  42m 35s  ] 
INFO:  Idle: 26,  Running: 8,  Completed: 133 [  44m 55s  ] 
INFO:  Idle: 23,  Running: 8,  Completed: 136 [  44m 59s  ] 
INFO:  Idle: 20,  Running: 8,  Completed: 139 [  45m 4s  ] 
INFO:  Idle: 18,  Running: 8,  Completed: 141 [  47m 23s  ] 
INFO:  Idle: 14,  Running: 8,  Completed: 145 [  47m 28s  ] 
INFO:  Idle: 12,  Running: 8,  Completed: 147 [  47m 33s  ] 
INFO:  Idle: 10,  Running: 8,  Completed: 149 [  50m 31s  ] 
INFO:  Idle: 6,  Running: 8,  Completed: 153 [  50m 39s  ] 
INFO:  Idle: 4,  Running: 8,  Completed: 155 [  50m 42s  ] 
INFO:  Idle: 2,  Running: 8,  Completed: 157 [  53m 36s  ] 
INFO:  Idle: 0,  Running: 7,  Completed: 160 [  53m 42s  ] 
INFO:  Idle: 0,  Running: 5,  Completed: 162 [  53m 46s  ] 
INFO:  Idle: 0,  Running: 2,  Completed: 165 [  55m 57s  ] 
INFO:  Idle: 0,  Running: 1,  Completed: 166 [  56m 2s  ] 
INFO: found enough event for P0_gg_hh/G1 
INFO:  Idle: 0,  Running: 0,  Completed: 168 [  57m 59s  ] 
INFO:  Idle: 0,  Running: 0,  Completed: 168 [  57m 59s  ] 
INFO: Combining runs 
sum of cpu time of last step: 0 second
INFO: finish refine 
refine 10000 --treshold=0.9
No need for second refine due to stability of cross-section
INFO: Combining Events 
 
 
 
  === Results Summary for run: run_01 tag: tag_1 ===

     Cumulative sequential time for this run: 1h09m33s
     Cross-section :   0.03193 +- 3.307e-05 pb
     Nb of events :  10000
 
INFO: No version of lhapdf. Can not run systematics computation 
store_events
INFO: Storing parton level results 
INFO: End Parton 
reweight -from_cards
decay_events -from_cards
INFO: storing files of previous run 
INFO: Done 
quit
INFO:  
