************************************************************
*                                                          *
*                      W E L C O M E to                    *
*             M A D G R A P H 5 _ a M C @ N L O            *
*                      M A D E V E N T                     *
*                                                          *
*                 *                       *                *
*                   *        * *        *                  *
*                     * * * * 5 * * * *                    *
*                   *        * *        *                  *
*                 *                       *                *
*                                                          *
*         VERSION 2.9.7                 20xx-xx-xx         *
*                                                          *
*    The MadGraph5_aMC@NLO Development Team - Find us at   *
*    https://server06.fynu.ucl.ac.be/projects/madgraph     *
*                                                          *
*               Type 'help' for in-line help.              *
*                                                          *
************************************************************
INFO: load configuration from /home/bruno/NewScalars/Work/MG5_aMC_v2_9_7/gg_eta_s2/Cards/me5_configuration.txt  
INFO: load configuration from /home/bruno/NewScalars/Work/MG5_aMC_v2_9_7/input/mg5_configuration.txt  
INFO: load configuration from /home/bruno/NewScalars/Work/MG5_aMC_v2_9_7/gg_eta_s2/Cards/me5_configuration.txt  
No valid eps viewer found. Please set in ./input/mg5_configuration.txt
Using default web browser "firefox". Set another one in ./input/mg5_configuration.txt
generate_events 
stty: 'standard input': Inappropriate ioctl for device
The following switches determine which programs are run:
/===========================================================================\
| 1. Choose the shower/hadronization program   [1m  shower[0m = [01mNot Avail.[0m        |
| 2. Choose the detector simulation program    [1mdetector[0m = [01mNot Avail.[0m        |
| 3. Choose an analysis package (plot/convert) [1manalysis[0m = [01mNot Avail.[0m        |
| 4. Decay onshell particles                   [1m madspin[0m = [31mOFF[0m               |
| 5. Add weights to events for new hypp.       [1mreweight[0m = [31mOFF[0m               |
\===========================================================================/
Either type the switch number (1 to 5) to change its setting,
Set any switch explicitly (e.g. type 'madspin=ON' at the prompt)
Type 'help' for the list of all valid option
Type '0', 'auto', 'done' or just press enter when you are done.[60s to answer] 
>stty: 'standard input': Inappropriate ioctl for device
Do you want to edit a card (press enter to bypass editing)?
/------------------------------------------------------------\
|  [31m1[0m. param         : [32mparam_card.dat[0m                         |
|  [31m2[0m. run           : [32mrun_card.dat[0m                           |
|  [31m3[0m. MadLoopParams : [32mMadLoopParams.dat[0m                      |
\------------------------------------------------------------/
 you can also
   - enter the path to a valid card or banner.
   - use the 'set' command to modify a parameter directly.
     The set option works only for param_card and run_card.
     Type 'help set' for more information on this command.
   - call an external program (ASperGE/MadWidth/...).
     Type 'help' for the list of available command
 [[4m0[0m, done, 1, param, 2, run, 3, MadLoopParams, enter path][90s to answer] 
>INFO: Update the dependent parameter of the param_card.dat 
Generating 10000 events with run name run_05
survey  run_05 
INFO: compile directory 
initMadLoop -r -f
Initializing MadLoop loop-induced matrix elements (this can take some time)...
MadLoop initialization finished.
compile Source Directory
Using random number seed offset = 45
INFO: Running Survey 
Creating Jobs
Working on SubProcesses
INFO:     P0_gg_hh  
INFO:  Idle: 2,  Running: 2,  Completed: 0 [ current time: 00h59 ] 
INFO:  Idle: 0,  Running: 3,  Completed: 1 [  47.2s  ] 
INFO: P0_gg_hh/G1 is at 0.00758 +- 0.000413 pb. Now submitting iteration #2. 
INFO: P0_gg_hh/G2 is at 0.0133 +- 0.000508 pb. Now submitting iteration #2. 
INFO:  Idle: 0,  Running: 3,  Completed: 7 [  2m 0s  ] 
INFO: P0_gg_hh/G1 is at 0.00727 +- 0.000162 pb. Now submitting iteration #3. 
INFO: P0_gg_hh/G2 is at 0.01306 +- 8.61e-05 pb. Now submitting iteration #3. 
INFO:  Idle: 0,  Running: 3,  Completed: 13 [  3m 55s  ] 
INFO:  Idle: 1,  Running: 1,  Completed: 15 [  3m 59s  ] 
INFO: Survey finished for P0_gg_hh/G2 at 0.01305 +- 2.75e-05 pb 
INFO: Survey finished for P0_gg_hh/G1 at 0.007274 +- 4.62e-05 pb 
INFO:  Idle: 0,  Running: 0,  Completed: 18 [  4m 0s  ] 
INFO: End survey 
refine 10000
Creating Jobs
INFO: Refine results to 10000 
INFO: Generating 10000.0 unweighted events. 
sum of cpu time of last step: 0 second
INFO: Effective Luminosity 565950.452268231 pb^-1 
INFO: need to improve 2 channels 
- Current estimate of cross-section: 0.0203198 +- 5.380162750326424e-05
INFO:  Idle: 3,  Running: 6,  Completed: 0 [ current time: 01h03 ] 
INFO:  Idle: 1,  Running: 8,  Completed: 1 [  1m 53s  ] 
INFO:  Idle: 0,  Running: 8,  Completed: 2 [  2m 13s  ] 
INFO: P0_gg_hh/G2 is at 2407/7446 (32%) event. Resubmit 1 job at iteration 1. 
INFO:  Idle: 0,  Running: 6,  Completed: 5 [  2m 17s  ] 
INFO:  Idle: 0,  Running: 3,  Completed: 8 [  2m 20s  ] 
INFO:  Idle: 1,  Running: 1,  Completed: 10 [  4m 8s  ] 
INFO: P0_gg_hh/G2 is at 4615/7436 (62%) event. Resubmit 2 job at iteration 2. 
INFO: P0_gg_hh/G1 is at 24/4341 (0.55%) event. Resubmit 20 job at iteration 1. 
INFO:  Idle: 13,  Running: 8,  Completed: 14 [  6m 41s  ] 
INFO:  Idle: 12,  Running: 8,  Completed: 16 [  7m 13s  ] 
INFO:  Idle: 7,  Running: 8,  Completed: 21 [  7m 17s  ] 
INFO:  Idle: 6,  Running: 8,  Completed: 22 [  9m 48s  ] 
INFO:  Idle: 4,  Running: 8,  Completed: 24 [  10m 20s  ] 
INFO:  Idle: 3,  Running: 8,  Completed: 25 [  10m 23s  ] 
INFO: found enough event for P0_gg_hh/G2 
INFO:  Idle: 0,  Running: 6,  Completed: 30 [  10m 26s  ] 
INFO:  Idle: 0,  Running: 5,  Completed: 31 [  12m 40s  ] 
INFO:  Idle: 0,  Running: 3,  Completed: 33 [  13m 5s  ] 
INFO:  Idle: 0,  Running: 1,  Completed: 35 [  13m 8s  ] 
INFO: P0_gg_hh/G1 is at 101/4276 (2.4%) event. Resubmit 50 job at iteration 2. 
INFO:  Idle: 41,  Running: 8,  Completed: 38 [  16m 1s  ] 
INFO:  Idle: 34,  Running: 8,  Completed: 45 [  16m 4s  ] 
INFO:  Idle: 33,  Running: 8,  Completed: 46 [  18m 19s  ] 
INFO:  Idle: 29,  Running: 8,  Completed: 50 [  18m 22s  ] 
INFO:  Idle: 26,  Running: 8,  Completed: 53 [  18m 25s  ] 
INFO:  Idle: 25,  Running: 8,  Completed: 54 [  20m 50s  ] 
INFO:  Idle: 20,  Running: 8,  Completed: 59 [  20m 55s  ] 
INFO:  Idle: 17,  Running: 8,  Completed: 62 [  23m 47s  ] 
INFO:  Idle: 15,  Running: 8,  Completed: 64 [  23m 50s  ] 
INFO:  Idle: 13,  Running: 8,  Completed: 66 [  23m 53s  ] 
INFO:  Idle: 11,  Running: 8,  Completed: 68 [  23m 57s  ] 
INFO:  Idle: 9,  Running: 8,  Completed: 70 [  26m 51s  ] 
INFO:  Idle: 8,  Running: 8,  Completed: 71 [  26m 55s  ] 
INFO:  Idle: 5,  Running: 8,  Completed: 74 [  26m 59s  ] 
INFO:  Idle: 3,  Running: 8,  Completed: 76 [  27m 2s  ] 
INFO:  Idle: 1,  Running: 8,  Completed: 78 [  29m 38s  ] 
INFO:  Idle: 0,  Running: 8,  Completed: 79 [  29m 44s  ] 
INFO:  Idle: 0,  Running: 4,  Completed: 83 [  29m 48s  ] 
INFO:  Idle: 0,  Running: 2,  Completed: 85 [  29m 52s  ] 
INFO:  Idle: 0,  Running: 1,  Completed: 86 [  31m 57s  ] 
INFO: P0_gg_hh/G1 is at 882/4187 ('21%') event. Resubmit 75 job at iteration 3. 
INFO:  Idle: 67,  Running: 8,  Completed: 88 [  32m 0s  ] 
INFO:  Idle: 66,  Running: 8,  Completed: 89 [  34m 57s  ] 
INFO:  Idle: 64,  Running: 8,  Completed: 91 [  35m 1s  ] 
INFO:  Idle: 59,  Running: 8,  Completed: 96 [  35m 4s  ] 
INFO:  Idle: 58,  Running: 8,  Completed: 97 [  38m 0s  ] 
INFO:  Idle: 53,  Running: 8,  Completed: 102 [  38m 4s  ] 
INFO:  Idle: 50,  Running: 8,  Completed: 105 [  41m 7s  ] 
INFO:  Idle: 46,  Running: 8,  Completed: 109 [  41m 11s  ] 
INFO:  Idle: 43,  Running: 8,  Completed: 112 [  41m 14s  ] 
INFO:  Idle: 42,  Running: 8,  Completed: 113 [  44m 10s  ] 
INFO:  Idle: 37,  Running: 8,  Completed: 118 [  44m 13s  ] 
INFO:  Idle: 34,  Running: 8,  Completed: 121 [  46m 48s  ] 
INFO:  Idle: 30,  Running: 8,  Completed: 125 [  46m 52s  ] 
INFO:  Idle: 26,  Running: 8,  Completed: 129 [  49m 17s  ] 
INFO:  Idle: 22,  Running: 8,  Completed: 133 [  49m 21s  ] 
INFO:  Idle: 18,  Running: 8,  Completed: 137 [  51m 53s  ] 
INFO:  Idle: 15,  Running: 8,  Completed: 140 [  52m 0s  ] 
INFO:  Idle: 10,  Running: 8,  Completed: 145 [  54m 14s  ] 
INFO:  Idle: 7,  Running: 8,  Completed: 148 [  54m 20s  ] 
INFO:  Idle: 2,  Running: 8,  Completed: 153 [  56m 41s  ] 
INFO:  Idle: 0,  Running: 7,  Completed: 156 [  56m 47s  ] 
INFO:  Idle: 0,  Running: 3,  Completed: 160 [  56m 52s  ] 
INFO:  Idle: 0,  Running: 2,  Completed: 161 [  59m 1s  ] 
INFO:  Idle: 1,  Running: 0,  Completed: 163 [  59m 6s  ] 
INFO: P0_gg_hh/G1 is at 1128/4193 ('27%') event. Resubmit 112 job at iteration 4. 
INFO:  Idle: 104,  Running: 8,  Completed: 164 [  1h 0m  ] 
INFO:  Idle: 103,  Running: 8,  Completed: 165 [  1h 2m  ] 
INFO:  Idle: 99,  Running: 8,  Completed: 169 [  1h 2m  ] 
INFO:  Idle: 95,  Running: 8,  Completed: 173 [  1h 5m  ] 
INFO:  Idle: 91,  Running: 8,  Completed: 177 [  1h 5m  ] 
INFO:  Idle: 87,  Running: 8,  Completed: 181 [  1h 7m  ] 
INFO:  Idle: 85,  Running: 8,  Completed: 183 [  1h 7m  ] 
INFO:  Idle: 82,  Running: 8,  Completed: 186 [  1h 7m  ] 
INFO:  Idle: 79,  Running: 8,  Completed: 189 [  1h 10m  ] 
INFO:  Idle: 77,  Running: 8,  Completed: 191 [  1h 10m  ] 
INFO:  Idle: 74,  Running: 8,  Completed: 194 [  1h 10m  ] 
INFO:  Idle: 71,  Running: 8,  Completed: 197 [  1h 12m  ] 
INFO:  Idle: 68,  Running: 8,  Completed: 200 [  1h 13m  ] 
INFO:  Idle: 65,  Running: 8,  Completed: 203 [  1h 13m  ] 
INFO:  Idle: 63,  Running: 8,  Completed: 205 [  1h 15m  ] 
INFO:  Idle: 60,  Running: 8,  Completed: 208 [  1h 15m  ] 
INFO:  Idle: 58,  Running: 8,  Completed: 210 [  1h 15m  ] 
INFO:  Idle: 55,  Running: 8,  Completed: 213 [  1h 17m  ] 
INFO:  Idle: 52,  Running: 8,  Completed: 216 [  1h 17m  ] 
INFO:  Idle: 50,  Running: 8,  Completed: 218 [  1h 17m  ] 
INFO:  Idle: 47,  Running: 8,  Completed: 221 [  1h 20m  ] 
INFO:  Idle: 44,  Running: 8,  Completed: 224 [  1h 20m  ] 
INFO:  Idle: 41,  Running: 8,  Completed: 227 [  1h 20m  ] 
INFO:  Idle: 40,  Running: 8,  Completed: 228 [  1h 20m  ] 
INFO:  Idle: 39,  Running: 8,  Completed: 229 [  1h 23m  ] 
INFO:  Idle: 36,  Running: 8,  Completed: 232 [  1h 23m  ] 
INFO:  Idle: 34,  Running: 8,  Completed: 234 [  1h 23m  ] 
INFO:  Idle: 32,  Running: 8,  Completed: 236 [  1h 23m  ] 
INFO:  Idle: 31,  Running: 8,  Completed: 237 [  1h 25m  ] 
INFO:  Idle: 30,  Running: 8,  Completed: 238 [  1h 25m  ] 
INFO:  Idle: 27,  Running: 8,  Completed: 241 [  1h 25m  ] 
INFO:  Idle: 26,  Running: 8,  Completed: 242 [  1h 25m  ] 
INFO:  Idle: 25,  Running: 8,  Completed: 243 [  1h 26m  ] 
INFO:  Idle: 23,  Running: 8,  Completed: 245 [  1h 28m  ] 
INFO:  Idle: 21,  Running: 8,  Completed: 247 [  1h 28m  ] 
INFO:  Idle: 19,  Running: 8,  Completed: 249 [  1h 28m  ] 
INFO:  Idle: 17,  Running: 8,  Completed: 251 [  1h 28m  ] 
INFO:  Idle: 15,  Running: 8,  Completed: 253 [  1h 31m  ] 
INFO:  Idle: 12,  Running: 8,  Completed: 256 [  1h 31m  ] 
INFO:  Idle: 10,  Running: 8,  Completed: 258 [  1h 31m  ] 
INFO:  Idle: 9,  Running: 8,  Completed: 259 [  1h 31m  ] 
INFO:  Idle: 7,  Running: 8,  Completed: 261 [  1h 33m  ] 
INFO:  Idle: 4,  Running: 8,  Completed: 264 [  1h 33m  ] 
INFO:  Idle: 3,  Running: 8,  Completed: 265 [  1h 33m  ] 
INFO:  Idle: 1,  Running: 8,  Completed: 267 [  1h 34m  ] 
INFO:  Idle: 0,  Running: 7,  Completed: 269 [  1h 36m  ] 
INFO:  Idle: 0,  Running: 4,  Completed: 272 [  1h 36m  ] 
INFO:  Idle: 0,  Running: 3,  Completed: 273 [  1h 36m  ] 
INFO:  Idle: 0,  Running: 1,  Completed: 275 [  1h 36m  ] 
INFO: P0_gg_hh/G1 is at 1935/4198 ('46%') event. Resubmit 168 job at iteration 5. 
INFO:  Idle: 160,  Running: 8,  Completed: 277 [  1h 38m  ] 
INFO:  Idle: 159,  Running: 8,  Completed: 278 [  1h 41m  ] 
INFO:  Idle: 158,  Running: 8,  Completed: 279 [  1h 41m  ] 
INFO:  Idle: 151,  Running: 8,  Completed: 286 [  1h 43m  ] 
INFO:  Idle: 147,  Running: 8,  Completed: 290 [  1h 43m  ] 
INFO:  Idle: 143,  Running: 8,  Completed: 294 [  1h 46m  ] 
INFO:  Idle: 139,  Running: 8,  Completed: 298 [  1h 46m  ] 
INFO:  Idle: 135,  Running: 8,  Completed: 302 [  1h 48m  ] 
INFO:  Idle: 132,  Running: 8,  Completed: 305 [  1h 48m  ] 
INFO:  Idle: 127,  Running: 8,  Completed: 310 [  1h 50m  ] 
INFO:  Idle: 123,  Running: 8,  Completed: 314 [  1h 50m  ] 
INFO:  Idle: 119,  Running: 8,  Completed: 318 [  1h 53m  ] 
INFO:  Idle: 113,  Running: 8,  Completed: 324 [  1h 53m  ] 
INFO:  Idle: 111,  Running: 8,  Completed: 326 [  1h 55m  ] 
INFO:  Idle: 106,  Running: 8,  Completed: 331 [  1h 55m  ] 
INFO:  Idle: 103,  Running: 8,  Completed: 334 [  1h 57m  ] 
INFO:  Idle: 98,  Running: 8,  Completed: 339 [  1h 57m  ] 
INFO:  Idle: 95,  Running: 8,  Completed: 342 [  2h 0m  ] 
INFO:  Idle: 93,  Running: 8,  Completed: 344 [  2h 0m  ] 
INFO:  Idle: 88,  Running: 8,  Completed: 349 [  2h 0m  ] 
INFO:  Idle: 87,  Running: 8,  Completed: 350 [  2h 3m  ] 
INFO:  Idle: 84,  Running: 8,  Completed: 353 [  2h 3m  ] 
INFO:  Idle: 79,  Running: 8,  Completed: 358 [  2h 6m  ] 
INFO:  Idle: 75,  Running: 8,  Completed: 362 [  2h 6m  ] 
INFO:  Idle: 71,  Running: 8,  Completed: 366 [  2h 8m  ] 
INFO:  Idle: 64,  Running: 8,  Completed: 373 [  2h 8m  ] 
INFO:  Idle: 63,  Running: 8,  Completed: 374 [  2h 10m  ] 
INFO:  Idle: 58,  Running: 8,  Completed: 379 [  2h 10m  ] 
INFO:  Idle: 55,  Running: 8,  Completed: 382 [  2h 12m  ] 
INFO:  Idle: 51,  Running: 8,  Completed: 386 [  2h 12m  ] 
INFO:  Idle: 49,  Running: 8,  Completed: 388 [  2h 13m  ] 
INFO:  Idle: 47,  Running: 8,  Completed: 390 [  2h 15m  ] 
INFO:  Idle: 45,  Running: 8,  Completed: 392 [  2h 15m  ] 
INFO:  Idle: 40,  Running: 8,  Completed: 397 [  2h 15m  ] 
INFO:  Idle: 39,  Running: 8,  Completed: 398 [  2h 17m  ] 
INFO:  Idle: 37,  Running: 8,  Completed: 400 [  2h 17m  ] 
INFO:  Idle: 31,  Running: 8,  Completed: 406 [  2h 19m  ] 
INFO:  Idle: 30,  Running: 8,  Completed: 407 [  2h 19m  ] 
INFO:  Idle: 26,  Running: 8,  Completed: 411 [  2h 19m  ] 
INFO:  Idle: 23,  Running: 8,  Completed: 414 [  2h 21m  ] 
INFO:  Idle: 21,  Running: 8,  Completed: 416 [  2h 21m  ] 
INFO:  Idle: 15,  Running: 8,  Completed: 422 [  2h 23m  ] 
INFO:  Idle: 13,  Running: 8,  Completed: 424 [  2h 24m  ] 
INFO:  Idle: 8,  Running: 8,  Completed: 429 [  2h 24m  ] 
INFO:  Idle: 7,  Running: 8,  Completed: 430 [  2h 26m  ] 
INFO:  Idle: 5,  Running: 8,  Completed: 432 [  2h 26m  ] 
INFO:  Idle: 2,  Running: 8,  Completed: 435 [  2h 26m  ] 
INFO:  Idle: 0,  Running: 8,  Completed: 437 [  2h 26m  ] 
INFO:  Idle: 0,  Running: 7,  Completed: 438 [  2h 28m  ] 
INFO:  Idle: 0,  Running: 6,  Completed: 439 [  2h 28m  ] 
INFO:  Idle: 0,  Running: 3,  Completed: 442 [  2h 28m  ] 
INFO:  Idle: 1,  Running: 0,  Completed: 445 [  2h 28m  ] 
INFO: P0_gg_hh/G1 is at 2421/4211 ('58%') event. Resubmit 252 job at iteration 6. 
INFO:  Idle: 244,  Running: 8,  Completed: 446 [  2h 31m  ] 
INFO:  Idle: 243,  Running: 8,  Completed: 447 [  2h 32m  ] 
INFO:  Idle: 239,  Running: 8,  Completed: 451 [  2h 32m  ] 
INFO:  Idle: 235,  Running: 8,  Completed: 455 [  2h 34m  ] 
INFO:  Idle: 233,  Running: 8,  Completed: 457 [  2h 34m  ] 
INFO:  Idle: 231,  Running: 8,  Completed: 459 [  2h 34m  ] 
INFO:  Idle: 227,  Running: 8,  Completed: 463 [  2h 36m  ] 
INFO:  Idle: 226,  Running: 8,  Completed: 464 [  2h 36m  ] 
INFO:  Idle: 224,  Running: 8,  Completed: 466 [  2h 36m  ] 
INFO:  Idle: 220,  Running: 8,  Completed: 470 [  2h 36m  ] 
INFO:  Idle: 219,  Running: 8,  Completed: 471 [  2h 38m  ] 
INFO:  Idle: 217,  Running: 8,  Completed: 473 [  2h 38m  ] 
INFO:  Idle: 216,  Running: 8,  Completed: 474 [  2h 38m  ] 
INFO:  Idle: 214,  Running: 8,  Completed: 476 [  2h 38m  ] 
INFO:  Idle: 212,  Running: 8,  Completed: 478 [  2h 38m  ] 
INFO:  Idle: 211,  Running: 8,  Completed: 479 [  2h 40m  ] 
INFO:  Idle: 209,  Running: 8,  Completed: 481 [  2h 40m  ] 
INFO:  Idle: 208,  Running: 8,  Completed: 482 [  2h 40m  ] 
INFO:  Idle: 204,  Running: 8,  Completed: 486 [  2h 40m  ] 
INFO:  Idle: 203,  Running: 8,  Completed: 487 [  2h 42m  ] 
INFO:  Idle: 201,  Running: 8,  Completed: 489 [  2h 43m  ] 
INFO:  Idle: 199,  Running: 8,  Completed: 491 [  2h 43m  ] 
INFO:  Idle: 196,  Running: 8,  Completed: 494 [  2h 43m  ] 
INFO:  Idle: 195,  Running: 8,  Completed: 495 [  2h 45m  ] 
INFO:  Idle: 193,  Running: 8,  Completed: 497 [  2h 45m  ] 
INFO:  Idle: 192,  Running: 8,  Completed: 498 [  2h 45m  ] 
INFO:  Idle: 190,  Running: 8,  Completed: 500 [  2h 45m  ] 
INFO:  Idle: 188,  Running: 8,  Completed: 502 [  2h 45m  ] 
INFO:  Idle: 187,  Running: 8,  Completed: 503 [  2h 47m  ] 
INFO:  Idle: 185,  Running: 8,  Completed: 505 [  2h 47m  ] 
INFO:  Idle: 184,  Running: 8,  Completed: 506 [  2h 47m  ] 
INFO:  Idle: 180,  Running: 8,  Completed: 510 [  2h 48m  ] 
INFO:  Idle: 179,  Running: 8,  Completed: 511 [  2h 50m  ] 
INFO:  Idle: 177,  Running: 8,  Completed: 513 [  2h 50m  ] 
INFO:  Idle: 175,  Running: 8,  Completed: 515 [  2h 50m  ] 
INFO:  Idle: 172,  Running: 8,  Completed: 518 [  2h 50m  ] 
INFO:  Idle: 171,  Running: 8,  Completed: 519 [  2h 52m  ] 
INFO:  Idle: 170,  Running: 8,  Completed: 520 [  2h 52m  ] 
INFO:  Idle: 169,  Running: 8,  Completed: 521 [  2h 52m  ] 
INFO:  Idle: 168,  Running: 8,  Completed: 522 [  2h 52m  ] 
INFO:  Idle: 166,  Running: 8,  Completed: 524 [  2h 52m  ] 
INFO:  Idle: 164,  Running: 8,  Completed: 526 [  2h 52m  ] 
INFO:  Idle: 163,  Running: 8,  Completed: 527 [  2h 55m  ] 
INFO:  Idle: 162,  Running: 8,  Completed: 528 [  2h 55m  ] 
INFO:  Idle: 161,  Running: 8,  Completed: 529 [  2h 55m  ] 
INFO:  Idle: 157,  Running: 8,  Completed: 533 [  2h 55m  ] 
INFO:  Idle: 156,  Running: 8,  Completed: 534 [  2h 55m  ] 
INFO:  Idle: 155,  Running: 8,  Completed: 535 [  2h 57m  ] 
INFO:  Idle: 154,  Running: 8,  Completed: 536 [  2h 57m  ] 
INFO:  Idle: 153,  Running: 8,  Completed: 537 [  2h 57m  ] 
INFO:  Idle: 148,  Running: 8,  Completed: 542 [  2h 58m  ] 
INFO:  Idle: 147,  Running: 8,  Completed: 543 [  2h 59m  ] 
INFO:  Idle: 146,  Running: 8,  Completed: 544 [  2h 59m  ] 
INFO:  Idle: 145,  Running: 8,  Completed: 545 [  2h 59m  ] 
INFO:  Idle: 141,  Running: 8,  Completed: 549 [  3h 0m  ] 
INFO:  Idle: 140,  Running: 8,  Completed: 550 [  3h 0m  ] 
INFO:  Idle: 139,  Running: 8,  Completed: 551 [  3h 1m  ] 
INFO:  Idle: 137,  Running: 8,  Completed: 553 [  3h 2m  ] 
INFO:  Idle: 133,  Running: 8,  Completed: 557 [  3h 2m  ] 
INFO:  Idle: 132,  Running: 8,  Completed: 558 [  3h 2m  ] 
INFO:  Idle: 131,  Running: 8,  Completed: 559 [  3h 4m  ] 
INFO:  Idle: 129,  Running: 8,  Completed: 561 [  3h 4m  ] 
INFO:  Idle: 125,  Running: 8,  Completed: 565 [  3h 4m  ] 
INFO:  Idle: 124,  Running: 8,  Completed: 566 [  3h 4m  ] 
INFO:  Idle: 123,  Running: 8,  Completed: 567 [  3h 6m  ] 
INFO:  Idle: 121,  Running: 8,  Completed: 569 [  3h 6m  ] 
INFO:  Idle: 117,  Running: 8,  Completed: 573 [  3h 6m  ] 
INFO:  Idle: 116,  Running: 8,  Completed: 574 [  3h 6m  ] 
INFO:  Idle: 115,  Running: 8,  Completed: 575 [  3h 7m  ] 
INFO:  Idle: 114,  Running: 8,  Completed: 576 [  3h 8m  ] 
INFO:  Idle: 113,  Running: 8,  Completed: 577 [  3h 8m  ] 
INFO:  Idle: 109,  Running: 8,  Completed: 581 [  3h 8m  ] 
INFO:  Idle: 108,  Running: 8,  Completed: 582 [  3h 8m  ] 
INFO:  Idle: 107,  Running: 8,  Completed: 583 [  3h 10m  ] 
INFO:  Idle: 106,  Running: 8,  Completed: 584 [  3h 10m  ] 
INFO:  Idle: 105,  Running: 8,  Completed: 585 [  3h 10m  ] 
INFO:  Idle: 104,  Running: 8,  Completed: 586 [  3h 10m  ] 
INFO:  Idle: 101,  Running: 8,  Completed: 589 [  3h 10m  ] 
INFO:  Idle: 100,  Running: 8,  Completed: 590 [  3h 10m  ] 
INFO:  Idle: 99,  Running: 8,  Completed: 591 [  3h 12m  ] 
INFO:  Idle: 98,  Running: 8,  Completed: 592 [  3h 12m  ] 
INFO:  Idle: 96,  Running: 8,  Completed: 594 [  3h 12m  ] 
INFO:  Idle: 94,  Running: 8,  Completed: 596 [  3h 13m  ] 
INFO:  Idle: 92,  Running: 8,  Completed: 598 [  3h 13m  ] 
INFO:  Idle: 91,  Running: 8,  Completed: 599 [  3h 15m  ] 
INFO:  Idle: 88,  Running: 8,  Completed: 602 [  3h 15m  ] 
INFO:  Idle: 87,  Running: 8,  Completed: 603 [  3h 15m  ] 
INFO:  Idle: 84,  Running: 8,  Completed: 606 [  3h 15m  ] 
INFO:  Idle: 83,  Running: 8,  Completed: 607 [  3h 17m  ] 
INFO:  Idle: 80,  Running: 8,  Completed: 610 [  3h 17m  ] 
INFO:  Idle: 77,  Running: 8,  Completed: 613 [  3h 17m  ] 
INFO:  Idle: 76,  Running: 8,  Completed: 614 [  3h 17m  ] 
INFO:  Idle: 75,  Running: 8,  Completed: 615 [  3h 19m  ] 
INFO:  Idle: 72,  Running: 8,  Completed: 618 [  3h 19m  ] 
INFO:  Idle: 68,  Running: 8,  Completed: 622 [  3h 19m  ] 
INFO:  Idle: 67,  Running: 8,  Completed: 623 [  3h 21m  ] 
INFO:  Idle: 64,  Running: 8,  Completed: 626 [  3h 21m  ] 
INFO:  Idle: 60,  Running: 8,  Completed: 630 [  3h 21m  ] 
INFO:  Idle: 59,  Running: 8,  Completed: 631 [  3h 23m  ] 
INFO:  Idle: 58,  Running: 8,  Completed: 632 [  3h 23m  ] 
INFO:  Idle: 56,  Running: 8,  Completed: 634 [  3h 23m  ] 
INFO:  Idle: 53,  Running: 8,  Completed: 637 [  3h 23m  ] 
INFO:  Idle: 52,  Running: 8,  Completed: 638 [  3h 23m  ] 
INFO:  Idle: 51,  Running: 8,  Completed: 639 [  3h 25m  ] 
INFO:  Idle: 50,  Running: 8,  Completed: 640 [  3h 25m  ] 
INFO:  Idle: 47,  Running: 8,  Completed: 643 [  3h 25m  ] 
INFO:  Idle: 46,  Running: 8,  Completed: 644 [  3h 25m  ] 
INFO:  Idle: 44,  Running: 8,  Completed: 646 [  3h 26m  ] 
INFO:  Idle: 43,  Running: 8,  Completed: 647 [  3h 27m  ] 
INFO:  Idle: 40,  Running: 8,  Completed: 650 [  3h 27m  ] 
INFO:  Idle: 37,  Running: 8,  Completed: 653 [  3h 28m  ] 
INFO:  Idle: 36,  Running: 8,  Completed: 654 [  3h 28m  ] 
INFO:  Idle: 35,  Running: 8,  Completed: 655 [  3h 29m  ] 
INFO:  Idle: 33,  Running: 8,  Completed: 657 [  3h 29m  ] 
INFO:  Idle: 31,  Running: 8,  Completed: 659 [  3h 30m  ] 
INFO:  Idle: 29,  Running: 8,  Completed: 661 [  3h 30m  ] 
INFO:  Idle: 28,  Running: 8,  Completed: 662 [  3h 30m  ] 
INFO:  Idle: 27,  Running: 8,  Completed: 663 [  3h 31m  ] 
INFO:  Idle: 25,  Running: 8,  Completed: 665 [  3h 32m  ] 
INFO:  Idle: 22,  Running: 8,  Completed: 668 [  3h 32m  ] 
INFO:  Idle: 20,  Running: 8,  Completed: 670 [  3h 32m  ] 
INFO:  Idle: 19,  Running: 8,  Completed: 671 [  3h 33m  ] 
INFO:  Idle: 17,  Running: 8,  Completed: 673 [  3h 34m  ] 
INFO:  Idle: 14,  Running: 8,  Completed: 676 [  3h 34m  ] 
INFO:  Idle: 12,  Running: 8,  Completed: 678 [  3h 34m  ] 
INFO:  Idle: 11,  Running: 8,  Completed: 679 [  3h 36m  ] 
INFO:  Idle: 8,  Running: 8,  Completed: 682 [  3h 36m  ] 
INFO:  Idle: 6,  Running: 8,  Completed: 684 [  3h 36m  ] 
INFO:  Idle: 4,  Running: 8,  Completed: 686 [  3h 36m  ] 
INFO:  Idle: 3,  Running: 8,  Completed: 687 [  3h 38m  ] 
INFO:  Idle: 1,  Running: 8,  Completed: 689 [  3h 38m  ] 
INFO:  Idle: 0,  Running: 7,  Completed: 691 [  3h 38m  ] 
INFO:  Idle: 0,  Running: 6,  Completed: 692 [  3h 38m  ] 
INFO:  Idle: 0,  Running: 4,  Completed: 694 [  3h 38m  ] 
INFO:  Idle: 0,  Running: 3,  Completed: 695 [  3h 40m  ] 
INFO:  Idle: 1,  Running: 0,  Completed: 698 [  3h 40m  ] 
INFO: P0_gg_hh/G1 is at 2888/4221 ('68%') event. Resubmit 378 job at iteration 7. 
INFO:  Idle: 370,  Running: 8,  Completed: 699 [  3h 40m  ] 
INFO:  Idle: 369,  Running: 8,  Completed: 700 [  3h 42m  ] 
INFO:  Idle: 364,  Running: 8,  Completed: 705 [  3h 42m  ] 
INFO:  Idle: 361,  Running: 8,  Completed: 708 [  3h 44m  ] 
INFO:  Idle: 360,  Running: 8,  Completed: 709 [  3h 44m  ] 
INFO:  Idle: 356,  Running: 8,  Completed: 713 [  3h 44m  ] 
INFO:  Idle: 353,  Running: 8,  Completed: 716 [  3h 46m  ] 
INFO:  Idle: 351,  Running: 8,  Completed: 718 [  3h 46m  ] 
INFO:  Idle: 347,  Running: 8,  Completed: 722 [  3h 46m  ] 
INFO:  Idle: 345,  Running: 8,  Completed: 724 [  3h 48m  ] 
INFO:  Idle: 344,  Running: 8,  Completed: 725 [  3h 48m  ] 
INFO:  Idle: 341,  Running: 8,  Completed: 728 [  3h 48m  ] 
INFO:  Idle: 338,  Running: 8,  Completed: 731 [  3h 48m  ] 
INFO:  Idle: 337,  Running: 8,  Completed: 732 [  3h 50m  ] 
INFO:  Idle: 333,  Running: 8,  Completed: 736 [  3h 50m  ] 
INFO:  Idle: 330,  Running: 8,  Completed: 739 [  3h 50m  ] 
INFO:  Idle: 329,  Running: 8,  Completed: 740 [  3h 52m  ] 
INFO:  Idle: 326,  Running: 8,  Completed: 743 [  3h 52m  ] 
INFO:  Idle: 323,  Running: 8,  Completed: 746 [  3h 52m  ] 
INFO:  Idle: 322,  Running: 8,  Completed: 747 [  3h 52m  ] 
INFO:  Idle: 321,  Running: 8,  Completed: 748 [  3h 54m  ] 
INFO:  Idle: 319,  Running: 8,  Completed: 750 [  3h 54m  ] 
INFO:  Idle: 316,  Running: 8,  Completed: 753 [  3h 54m  ] 
INFO:  Idle: 314,  Running: 8,  Completed: 755 [  3h 54m  ] 
INFO:  Idle: 313,  Running: 8,  Completed: 756 [  3h 56m  ] 
INFO:  Idle: 312,  Running: 8,  Completed: 757 [  3h 56m  ] 
INFO:  Idle: 309,  Running: 8,  Completed: 760 [  3h 56m  ] 
INFO:  Idle: 306,  Running: 8,  Completed: 763 [  3h 56m  ] 
INFO:  Idle: 305,  Running: 8,  Completed: 764 [  3h 58m  ] 
INFO:  Idle: 304,  Running: 8,  Completed: 765 [  3h 58m  ] 
INFO:  Idle: 301,  Running: 8,  Completed: 768 [  3h 58m  ] 
INFO:  Idle: 298,  Running: 8,  Completed: 771 [  3h 58m  ] 
INFO:  Idle: 297,  Running: 8,  Completed: 772 [  4h 0m  ] 
INFO:  Idle: 293,  Running: 8,  Completed: 776 [  4h 0m  ] 
INFO:  Idle: 290,  Running: 8,  Completed: 779 [  4h 0m  ] 
INFO:  Idle: 289,  Running: 8,  Completed: 780 [  4h 1m  ] 
INFO:  Idle: 286,  Running: 8,  Completed: 783 [  4h 2m  ] 
INFO:  Idle: 285,  Running: 8,  Completed: 784 [  4h 2m  ] 
INFO:  Idle: 282,  Running: 8,  Completed: 787 [  4h 2m  ] 
INFO:  Idle: 281,  Running: 8,  Completed: 788 [  4h 3m  ] 
INFO:  Idle: 279,  Running: 8,  Completed: 790 [  4h 3m  ] 
INFO:  Idle: 277,  Running: 8,  Completed: 792 [  4h 3m  ] 
INFO:  Idle: 275,  Running: 8,  Completed: 794 [  4h 3m  ] 
INFO:  Idle: 274,  Running: 8,  Completed: 795 [  4h 3m  ] 
INFO:  Idle: 273,  Running: 8,  Completed: 796 [  4h 5m  ] 
INFO:  Idle: 270,  Running: 8,  Completed: 799 [  4h 5m  ] 
INFO:  Idle: 269,  Running: 8,  Completed: 800 [  4h 5m  ] 
INFO:  Idle: 266,  Running: 8,  Completed: 803 [  4h 5m  ] 
INFO:  Idle: 265,  Running: 8,  Completed: 804 [  4h 7m  ] 
INFO:  Idle: 264,  Running: 8,  Completed: 805 [  4h 7m  ] 
INFO:  Idle: 261,  Running: 8,  Completed: 808 [  4h 7m  ] 
INFO:  Idle: 259,  Running: 8,  Completed: 810 [  4h 7m  ] 
INFO:  Idle: 258,  Running: 8,  Completed: 811 [  4h 7m  ] 
INFO:  Idle: 257,  Running: 8,  Completed: 812 [  4h 8m  ] 
INFO:  Idle: 254,  Running: 8,  Completed: 815 [  4h 8m  ] 
INFO:  Idle: 252,  Running: 8,  Completed: 817 [  4h 8m  ] 
INFO:  Idle: 251,  Running: 8,  Completed: 818 [  4h 8m  ] 
INFO:  Idle: 250,  Running: 8,  Completed: 819 [  4h 9m  ] 
INFO:  Idle: 249,  Running: 8,  Completed: 820 [  4h 10m  ] 
INFO:  Idle: 247,  Running: 8,  Completed: 822 [  4h 10m  ] 
INFO:  Idle: 245,  Running: 8,  Completed: 824 [  4h 10m  ] 
INFO:  Idle: 243,  Running: 8,  Completed: 826 [  4h 10m  ] 
INFO:  Idle: 241,  Running: 8,  Completed: 828 [  4h 11m  ] 
INFO:  Idle: 239,  Running: 8,  Completed: 830 [  4h 11m  ] 
INFO:  Idle: 236,  Running: 8,  Completed: 833 [  4h 12m  ] 
INFO:  Idle: 235,  Running: 8,  Completed: 834 [  4h 12m  ] 
INFO:  Idle: 234,  Running: 8,  Completed: 835 [  4h 12m  ] 
INFO:  Idle: 233,  Running: 8,  Completed: 836 [  4h 13m  ] 
INFO:  Idle: 232,  Running: 8,  Completed: 837 [  4h 13m  ] 
INFO:  Idle: 230,  Running: 8,  Completed: 839 [  4h 13m  ] 
INFO:  Idle: 228,  Running: 8,  Completed: 841 [  4h 13m  ] 
INFO:  Idle: 227,  Running: 8,  Completed: 842 [  4h 13m  ] 
INFO:  Idle: 226,  Running: 8,  Completed: 843 [  4h 13m  ] 
INFO:  Idle: 225,  Running: 8,  Completed: 844 [  4h 15m  ] 
INFO:  Idle: 224,  Running: 8,  Completed: 845 [  4h 15m  ] 
INFO:  Idle: 221,  Running: 8,  Completed: 848 [  4h 15m  ] 
INFO:  Idle: 220,  Running: 8,  Completed: 849 [  4h 15m  ] 
INFO:  Idle: 219,  Running: 8,  Completed: 850 [  4h 15m  ] 
INFO:  Idle: 217,  Running: 8,  Completed: 852 [  4h 16m  ] 
INFO:  Idle: 215,  Running: 8,  Completed: 854 [  4h 16m  ] 
INFO:  Idle: 212,  Running: 8,  Completed: 857 [  4h 16m  ] 
INFO:  Idle: 210,  Running: 8,  Completed: 859 [  4h 16m  ] 
INFO:  Idle: 209,  Running: 8,  Completed: 860 [  4h 17m  ] 
INFO:  Idle: 207,  Running: 8,  Completed: 862 [  4h 17m  ] 
INFO:  Idle: 206,  Running: 8,  Completed: 863 [  4h 17m  ] 
INFO:  Idle: 204,  Running: 8,  Completed: 865 [  4h 17m  ] 
INFO:  Idle: 203,  Running: 8,  Completed: 866 [  4h 18m  ] 
INFO:  Idle: 202,  Running: 8,  Completed: 867 [  4h 18m  ] 
INFO:  Idle: 201,  Running: 8,  Completed: 868 [  4h 19m  ] 
INFO:  Idle: 199,  Running: 8,  Completed: 870 [  4h 19m  ] 
INFO:  Idle: 198,  Running: 8,  Completed: 871 [  4h 19m  ] 
INFO:  Idle: 197,  Running: 8,  Completed: 872 [  4h 19m  ] 
INFO:  Idle: 196,  Running: 8,  Completed: 873 [  4h 19m  ] 
INFO:  Idle: 195,  Running: 8,  Completed: 874 [  4h 19m  ] 
INFO:  Idle: 194,  Running: 8,  Completed: 875 [  4h 19m  ] 
INFO:  Idle: 193,  Running: 8,  Completed: 876 [  4h 21m  ] 
INFO:  Idle: 191,  Running: 8,  Completed: 878 [  4h 21m  ] 
INFO:  Idle: 190,  Running: 8,  Completed: 879 [  4h 21m  ] 
INFO:  Idle: 188,  Running: 8,  Completed: 881 [  4h 21m  ] 
INFO:  Idle: 187,  Running: 8,  Completed: 882 [  4h 22m  ] 
INFO:  Idle: 186,  Running: 8,  Completed: 883 [  4h 22m  ] 
INFO:  Idle: 185,  Running: 8,  Completed: 884 [  4h 23m  ] 
INFO:  Idle: 184,  Running: 8,  Completed: 885 [  4h 23m  ] 
INFO:  Idle: 182,  Running: 8,  Completed: 887 [  4h 24m  ] 
INFO:  Idle: 180,  Running: 8,  Completed: 889 [  4h 24m  ] 
INFO:  Idle: 179,  Running: 8,  Completed: 890 [  4h 24m  ] 
INFO:  Idle: 178,  Running: 8,  Completed: 891 [  4h 24m  ] 
INFO:  Idle: 177,  Running: 8,  Completed: 892 [  4h 25m  ] 
INFO:  Idle: 176,  Running: 8,  Completed: 893 [  4h 25m  ] 
INFO:  Idle: 175,  Running: 8,  Completed: 894 [  4h 25m  ] 
INFO:  Idle: 174,  Running: 8,  Completed: 895 [  4h 26m  ] 
INFO:  Idle: 172,  Running: 8,  Completed: 897 [  4h 26m  ] 
INFO:  Idle: 171,  Running: 8,  Completed: 898 [  4h 26m  ] 
INFO:  Idle: 170,  Running: 8,  Completed: 899 [  4h 26m  ] 
INFO:  Idle: 169,  Running: 8,  Completed: 900 [  4h 27m  ] 
INFO:  Idle: 168,  Running: 8,  Completed: 901 [  4h 27m  ] 
INFO:  Idle: 167,  Running: 8,  Completed: 902 [  4h 27m  ] 
INFO:  Idle: 166,  Running: 8,  Completed: 903 [  4h 27m  ] 
INFO:  Idle: 163,  Running: 8,  Completed: 906 [  4h 28m  ] 
INFO:  Idle: 162,  Running: 8,  Completed: 907 [  4h 28m  ] 
INFO:  Idle: 161,  Running: 8,  Completed: 908 [  4h 29m  ] 
INFO:  Idle: 159,  Running: 8,  Completed: 910 [  4h 29m  ] 
INFO:  Idle: 157,  Running: 8,  Completed: 912 [  4h 29m  ] 
INFO:  Idle: 155,  Running: 8,  Completed: 914 [  4h 30m  ] 
INFO:  Idle: 153,  Running: 8,  Completed: 916 [  4h 31m  ] 
INFO:  Idle: 151,  Running: 8,  Completed: 918 [  4h 31m  ] 
INFO:  Idle: 150,  Running: 8,  Completed: 919 [  4h 32m  ] 
INFO:  Idle: 149,  Running: 8,  Completed: 920 [  4h 32m  ] 
INFO:  Idle: 147,  Running: 8,  Completed: 922 [  4h 32m  ] 
INFO:  Idle: 146,  Running: 8,  Completed: 923 [  4h 32m  ] 
INFO:  Idle: 145,  Running: 8,  Completed: 924 [  4h 34m  ] 
INFO:  Idle: 143,  Running: 8,  Completed: 926 [  4h 34m  ] 
INFO:  Idle: 142,  Running: 8,  Completed: 927 [  4h 34m  ] 
INFO:  Idle: 141,  Running: 8,  Completed: 928 [  4h 34m  ] 
INFO:  Idle: 139,  Running: 8,  Completed: 930 [  4h 34m  ] 
INFO:  Idle: 138,  Running: 8,  Completed: 931 [  4h 34m  ] 
INFO:  Idle: 137,  Running: 8,  Completed: 932 [  4h 36m  ] 
INFO:  Idle: 135,  Running: 8,  Completed: 934 [  4h 36m  ] 
INFO:  Idle: 134,  Running: 8,  Completed: 935 [  4h 36m  ] 
INFO:  Idle: 133,  Running: 8,  Completed: 936 [  4h 36m  ] 
INFO:  Idle: 131,  Running: 8,  Completed: 938 [  4h 36m  ] 
INFO:  Idle: 130,  Running: 8,  Completed: 939 [  4h 36m  ] 
INFO:  Idle: 129,  Running: 8,  Completed: 940 [  4h 38m  ] 
INFO:  Idle: 127,  Running: 8,  Completed: 942 [  4h 38m  ] 
INFO:  Idle: 125,  Running: 8,  Completed: 944 [  4h 38m  ] 
INFO:  Idle: 123,  Running: 8,  Completed: 946 [  4h 38m  ] 
INFO:  Idle: 122,  Running: 8,  Completed: 947 [  4h 38m  ] 
INFO:  Idle: 121,  Running: 8,  Completed: 948 [  4h 40m  ] 
INFO:  Idle: 119,  Running: 8,  Completed: 950 [  4h 40m  ] 
INFO:  Idle: 117,  Running: 8,  Completed: 952 [  4h 40m  ] 
INFO:  Idle: 115,  Running: 8,  Completed: 954 [  4h 40m  ] 
INFO:  Idle: 114,  Running: 8,  Completed: 955 [  4h 40m  ] 
INFO:  Idle: 113,  Running: 8,  Completed: 956 [  4h 42m  ] 
INFO:  Idle: 112,  Running: 8,  Completed: 957 [  4h 42m  ] 
INFO:  Idle: 110,  Running: 8,  Completed: 959 [  4h 42m  ] 
INFO:  Idle: 109,  Running: 8,  Completed: 960 [  4h 42m  ] 
INFO:  Idle: 108,  Running: 8,  Completed: 961 [  4h 42m  ] 
INFO:  Idle: 106,  Running: 8,  Completed: 963 [  4h 42m  ] 
INFO:  Idle: 105,  Running: 8,  Completed: 964 [  4h 44m  ] 
INFO:  Idle: 104,  Running: 8,  Completed: 965 [  4h 44m  ] 
INFO:  Idle: 102,  Running: 8,  Completed: 967 [  4h 44m  ] 
INFO:  Idle: 101,  Running: 8,  Completed: 968 [  4h 45m  ] 
INFO:  Idle: 99,  Running: 8,  Completed: 970 [  4h 45m  ] 
INFO:  Idle: 98,  Running: 8,  Completed: 971 [  4h 45m  ] 
INFO:  Idle: 97,  Running: 8,  Completed: 972 [  4h 46m  ] 
INFO:  Idle: 95,  Running: 8,  Completed: 974 [  4h 46m  ] 
INFO:  Idle: 93,  Running: 8,  Completed: 976 [  4h 47m  ] 
INFO:  Idle: 92,  Running: 8,  Completed: 977 [  4h 47m  ] 
INFO:  Idle: 90,  Running: 8,  Completed: 979 [  4h 47m  ] 
INFO:  Idle: 89,  Running: 8,  Completed: 980 [  4h 48m  ] 
INFO:  Idle: 86,  Running: 8,  Completed: 983 [  4h 48m  ] 
INFO:  Idle: 85,  Running: 8,  Completed: 984 [  4h 48m  ] 
INFO:  Idle: 83,  Running: 8,  Completed: 986 [  4h 48m  ] 
INFO:  Idle: 82,  Running: 8,  Completed: 987 [  4h 49m  ] 
INFO:  Idle: 81,  Running: 8,  Completed: 988 [  4h 50m  ] 
INFO:  Idle: 78,  Running: 8,  Completed: 991 [  4h 50m  ] 
INFO:  Idle: 77,  Running: 8,  Completed: 992 [  4h 50m  ] 
INFO:  Idle: 76,  Running: 8,  Completed: 993 [  4h 50m  ] 
INFO:  Idle: 75,  Running: 8,  Completed: 994 [  4h 50m  ] 
INFO:  Idle: 74,  Running: 8,  Completed: 995 [  4h 50m  ] 
INFO:  Idle: 73,  Running: 8,  Completed: 996 [  4h 51m  ] 
INFO:  Idle: 70,  Running: 8,  Completed: 999 [  4h 52m  ] 
INFO:  Idle: 69,  Running: 8,  Completed: 1000 [  4h 52m  ] 
INFO:  Idle: 67,  Running: 8,  Completed: 1002 [  4h 52m  ] 
INFO:  Idle: 66,  Running: 8,  Completed: 1003 [  4h 52m  ] 
INFO:  Idle: 65,  Running: 8,  Completed: 1004 [  4h 53m  ] 
INFO:  Idle: 61,  Running: 8,  Completed: 1008 [  4h 53m  ] 
INFO:  Idle: 59,  Running: 8,  Completed: 1010 [  4h 53m  ] 
INFO:  Idle: 58,  Running: 8,  Completed: 1011 [  4h 53m  ] 
INFO:  Idle: 57,  Running: 8,  Completed: 1012 [  4h 54m  ] 
INFO:  Idle: 54,  Running: 8,  Completed: 1015 [  4h 54m  ] 
INFO:  Idle: 51,  Running: 8,  Completed: 1018 [  4h 54m  ] 
INFO:  Idle: 50,  Running: 8,  Completed: 1019 [  4h 55m  ] 
INFO:  Idle: 49,  Running: 8,  Completed: 1020 [  4h 56m  ] 
INFO:  Idle: 47,  Running: 8,  Completed: 1022 [  4h 56m  ] 
INFO:  Idle: 45,  Running: 8,  Completed: 1024 [  4h 56m  ] 
INFO:  Idle: 44,  Running: 8,  Completed: 1025 [  4h 56m  ] 
INFO:  Idle: 43,  Running: 8,  Completed: 1026 [  4h 56m  ] 
INFO:  Idle: 42,  Running: 8,  Completed: 1027 [  4h 56m  ] 
INFO:  Idle: 41,  Running: 8,  Completed: 1028 [  4h 57m  ] 
INFO:  Idle: 39,  Running: 8,  Completed: 1030 [  4h 57m  ] 
INFO:  Idle: 37,  Running: 8,  Completed: 1032 [  4h 57m  ] 
INFO:  Idle: 36,  Running: 8,  Completed: 1033 [  4h 57m  ] 
INFO:  Idle: 35,  Running: 8,  Completed: 1034 [  4h 57m  ] 
INFO:  Idle: 34,  Running: 8,  Completed: 1035 [  4h 57m  ] 
INFO:  Idle: 33,  Running: 8,  Completed: 1036 [  4h 58m  ] 
INFO:  Idle: 32,  Running: 8,  Completed: 1037 [  4h 59m  ] 
INFO:  Idle: 30,  Running: 8,  Completed: 1039 [  4h 59m  ] 
INFO:  Idle: 29,  Running: 8,  Completed: 1040 [  4h 59m  ] 
INFO:  Idle: 27,  Running: 8,  Completed: 1042 [  4h 59m  ] 
INFO:  Idle: 26,  Running: 8,  Completed: 1043 [  4h 59m  ] 
INFO:  Idle: 25,  Running: 8,  Completed: 1044 [  5h 0m  ] 
INFO:  Idle: 24,  Running: 8,  Completed: 1045 [  5h 0m  ] 
INFO:  Idle: 21,  Running: 8,  Completed: 1048 [  5h 0m  ] 
INFO:  Idle: 20,  Running: 8,  Completed: 1049 [  5h 0m  ] 
INFO:  Idle: 18,  Running: 8,  Completed: 1051 [  5h 1m  ] 
INFO:  Idle: 17,  Running: 8,  Completed: 1052 [  5h 1m  ] 
INFO:  Idle: 15,  Running: 8,  Completed: 1054 [  5h 2m  ] 
INFO:  Idle: 14,  Running: 8,  Completed: 1055 [  5h 2m  ] 
INFO:  Idle: 12,  Running: 8,  Completed: 1057 [  5h 2m  ] 
INFO:  Idle: 10,  Running: 8,  Completed: 1059 [  5h 2m  ] 
INFO:  Idle: 9,  Running: 8,  Completed: 1060 [  5h 3m  ] 
INFO:  Idle: 7,  Running: 8,  Completed: 1062 [  5h 3m  ] 
INFO:  Idle: 6,  Running: 8,  Completed: 1063 [  5h 4m  ] 
INFO:  Idle: 4,  Running: 8,  Completed: 1065 [  5h 4m  ] 
INFO:  Idle: 3,  Running: 8,  Completed: 1066 [  5h 4m  ] 
INFO:  Idle: 2,  Running: 8,  Completed: 1067 [  5h 4m  ] 
INFO:  Idle: 1,  Running: 8,  Completed: 1068 [  5h 5m  ] 
INFO:  Idle: 0,  Running: 8,  Completed: 1069 [  5h 5m  ] 
INFO:  Idle: 0,  Running: 6,  Completed: 1071 [  5h 5m  ] 
INFO:  Idle: 0,  Running: 5,  Completed: 1072 [  5h 5m  ] 
INFO:  Idle: 0,  Running: 4,  Completed: 1073 [  5h 5m  ] 
INFO:  Idle: 0,  Running: 3,  Completed: 1074 [  5h 6m  ] 
INFO:  Idle: 0,  Running: 2,  Completed: 1075 [  5h 6m  ] 
INFO:  Idle: 0,  Running: 1,  Completed: 1076 [  5h 6m  ] 
INFO: P0_gg_hh/G1 is at 3603/4230 ('85%') event. Resubmit 398 job at iteration 8. 
INFO:  Idle: 390,  Running: 8,  Completed: 1078 [  5h 6m  ] 
INFO:  Idle: 389,  Running: 8,  Completed: 1079 [  5h 8m  ] 
INFO:  Idle: 381,  Running: 8,  Completed: 1087 [  5h 10m  ] 
INFO:  Idle: 378,  Running: 8,  Completed: 1090 [  5h 10m  ] 
INFO:  Idle: 374,  Running: 8,  Completed: 1094 [  5h 10m  ] 
INFO:  Idle: 373,  Running: 8,  Completed: 1095 [  5h 12m  ] 
INFO:  Idle: 369,  Running: 8,  Completed: 1099 [  5h 12m  ] 
INFO:  Idle: 365,  Running: 8,  Completed: 1103 [  5h 14m  ] 
INFO:  Idle: 362,  Running: 8,  Completed: 1106 [  5h 14m  ] 
INFO:  Idle: 358,  Running: 8,  Completed: 1110 [  5h 14m  ] 
INFO:  Idle: 357,  Running: 8,  Completed: 1111 [  5h 15m  ] 
INFO:  Idle: 353,  Running: 8,  Completed: 1115 [  5h 16m  ] 
INFO:  Idle: 349,  Running: 8,  Completed: 1119 [  5h 17m  ] 
INFO:  Idle: 343,  Running: 8,  Completed: 1125 [  5h 17m  ] 
INFO:  Idle: 341,  Running: 8,  Completed: 1127 [  5h 19m  ] 
INFO:  Idle: 339,  Running: 8,  Completed: 1129 [  5h 19m  ] 
INFO:  Idle: 336,  Running: 8,  Completed: 1132 [  5h 19m  ] 
INFO:  Idle: 333,  Running: 8,  Completed: 1135 [  5h 20m  ] 
INFO:  Idle: 332,  Running: 8,  Completed: 1136 [  5h 20m  ] 
INFO:  Idle: 330,  Running: 8,  Completed: 1138 [  5h 21m  ] 
INFO:  Idle: 326,  Running: 8,  Completed: 1142 [  5h 21m  ] 
INFO:  Idle: 325,  Running: 8,  Completed: 1143 [  5h 22m  ] 
INFO:  Idle: 324,  Running: 8,  Completed: 1144 [  5h 22m  ] 
INFO:  Idle: 320,  Running: 8,  Completed: 1148 [  5h 22m  ] 
INFO:  Idle: 317,  Running: 8,  Completed: 1151 [  5h 24m  ] 
INFO:  Idle: 316,  Running: 8,  Completed: 1152 [  5h 24m  ] 
INFO:  Idle: 312,  Running: 8,  Completed: 1156 [  5h 24m  ] 
INFO:  Idle: 310,  Running: 8,  Completed: 1158 [  5h 24m  ] 
INFO:  Idle: 309,  Running: 8,  Completed: 1159 [  5h 26m  ] 
INFO:  Idle: 308,  Running: 8,  Completed: 1160 [  5h 26m  ] 
INFO:  Idle: 306,  Running: 8,  Completed: 1162 [  5h 26m  ] 
INFO:  Idle: 305,  Running: 8,  Completed: 1163 [  5h 26m  ] 
INFO:  Idle: 303,  Running: 8,  Completed: 1165 [  5h 26m  ] 
INFO:  Idle: 302,  Running: 8,  Completed: 1166 [  5h 27m  ] 
INFO:  Idle: 301,  Running: 8,  Completed: 1167 [  5h 28m  ] 
INFO:  Idle: 300,  Running: 8,  Completed: 1168 [  5h 28m  ] 
INFO:  Idle: 299,  Running: 8,  Completed: 1169 [  5h 28m  ] 
INFO:  Idle: 295,  Running: 8,  Completed: 1173 [  5h 28m  ] 
INFO:  Idle: 294,  Running: 8,  Completed: 1174 [  5h 28m  ] 
INFO:  Idle: 293,  Running: 8,  Completed: 1175 [  5h 30m  ] 
INFO:  Idle: 292,  Running: 8,  Completed: 1176 [  5h 30m  ] 
INFO:  Idle: 291,  Running: 8,  Completed: 1177 [  5h 30m  ] 
INFO:  Idle: 287,  Running: 8,  Completed: 1181 [  5h 30m  ] 
INFO:  Idle: 286,  Running: 8,  Completed: 1182 [  5h 30m  ] 
INFO:  Idle: 285,  Running: 8,  Completed: 1183 [  5h 31m  ] 
INFO:  Idle: 284,  Running: 8,  Completed: 1184 [  5h 31m  ] 
INFO:  Idle: 281,  Running: 8,  Completed: 1187 [  5h 31m  ] 
INFO:  Idle: 279,  Running: 8,  Completed: 1189 [  5h 31m  ] 
INFO:  Idle: 278,  Running: 8,  Completed: 1190 [  5h 32m  ] 
INFO:  Idle: 277,  Running: 8,  Completed: 1191 [  5h 32m  ] 
INFO:  Idle: 276,  Running: 8,  Completed: 1192 [  5h 33m  ] 
INFO:  Idle: 271,  Running: 8,  Completed: 1197 [  5h 33m  ] 
INFO:  Idle: 270,  Running: 8,  Completed: 1198 [  5h 33m  ] 
INFO:  Idle: 269,  Running: 8,  Completed: 1199 [  5h 34m  ] 
INFO:  Idle: 268,  Running: 8,  Completed: 1200 [  5h 34m  ] 
INFO:  Idle: 266,  Running: 8,  Completed: 1202 [  5h 34m  ] 
INFO:  Idle: 263,  Running: 8,  Completed: 1205 [  5h 34m  ] 
INFO:  Idle: 262,  Running: 8,  Completed: 1206 [  5h 34m  ] 
INFO:  Idle: 261,  Running: 8,  Completed: 1207 [  5h 35m  ] 
INFO:  Idle: 260,  Running: 8,  Completed: 1208 [  5h 35m  ] 
INFO:  Idle: 258,  Running: 8,  Completed: 1210 [  5h 35m  ] 
INFO:  Idle: 254,  Running: 8,  Completed: 1214 [  5h 35m  ] 
INFO:  Idle: 253,  Running: 8,  Completed: 1215 [  5h 36m  ] 
INFO:  Idle: 252,  Running: 8,  Completed: 1216 [  5h 36m  ] 
INFO:  Idle: 251,  Running: 8,  Completed: 1217 [  5h 36m  ] 
INFO:  Idle: 250,  Running: 8,  Completed: 1218 [  5h 36m  ] 
INFO:  Idle: 247,  Running: 8,  Completed: 1221 [  5h 36m  ] 
INFO:  Idle: 245,  Running: 8,  Completed: 1223 [  5h 37m  ] 
INFO:  Idle: 244,  Running: 8,  Completed: 1224 [  5h 38m  ] 
INFO:  Idle: 242,  Running: 8,  Completed: 1226 [  5h 38m  ] 
INFO:  Idle: 241,  Running: 8,  Completed: 1227 [  5h 38m  ] 
INFO:  Idle: 239,  Running: 8,  Completed: 1229 [  5h 38m  ] 
INFO:  Idle: 237,  Running: 8,  Completed: 1231 [  5h 39m  ] 
INFO:  Idle: 236,  Running: 8,  Completed: 1232 [  5h 39m  ] 
INFO:  Idle: 234,  Running: 8,  Completed: 1234 [  5h 39m  ] 
INFO:  Idle: 233,  Running: 8,  Completed: 1235 [  5h 39m  ] 
INFO:  Idle: 231,  Running: 8,  Completed: 1237 [  5h 39m  ] 
INFO:  Idle: 230,  Running: 8,  Completed: 1238 [  5h 39m  ] 
INFO:  Idle: 229,  Running: 8,  Completed: 1239 [  5h 40m  ] 
INFO:  Idle: 228,  Running: 8,  Completed: 1240 [  5h 40m  ] 
INFO:  Idle: 226,  Running: 8,  Completed: 1242 [  5h 40m  ] 
INFO:  Idle: 225,  Running: 8,  Completed: 1243 [  5h 40m  ] 
INFO:  Idle: 224,  Running: 8,  Completed: 1244 [  5h 40m  ] 
INFO:  Idle: 221,  Running: 8,  Completed: 1247 [  5h 41m  ] 
INFO:  Idle: 220,  Running: 8,  Completed: 1248 [  5h 41m  ] 
INFO:  Idle: 218,  Running: 8,  Completed: 1250 [  5h 42m  ] 
INFO:  Idle: 216,  Running: 8,  Completed: 1252 [  5h 42m  ] 
INFO:  Idle: 213,  Running: 8,  Completed: 1255 [  5h 42m  ] 
INFO:  Idle: 212,  Running: 8,  Completed: 1256 [  5h 43m  ] 
INFO:  Idle: 210,  Running: 8,  Completed: 1258 [  5h 43m  ] 
INFO:  Idle: 206,  Running: 8,  Completed: 1262 [  5h 43m  ] 
INFO:  Idle: 205,  Running: 8,  Completed: 1263 [  5h 43m  ] 
INFO:  Idle: 204,  Running: 8,  Completed: 1264 [  5h 44m  ] 
INFO:  Idle: 202,  Running: 8,  Completed: 1266 [  5h 44m  ] 
INFO:  Idle: 199,  Running: 8,  Completed: 1269 [  5h 44m  ] 
INFO:  Idle: 197,  Running: 8,  Completed: 1271 [  5h 45m  ] 
INFO:  Idle: 196,  Running: 8,  Completed: 1272 [  5h 45m  ] 
INFO:  Idle: 194,  Running: 8,  Completed: 1274 [  5h 45m  ] 
INFO:  Idle: 191,  Running: 8,  Completed: 1277 [  5h 45m  ] 
INFO:  Idle: 190,  Running: 8,  Completed: 1278 [  5h 45m  ] 
INFO:  Idle: 189,  Running: 8,  Completed: 1279 [  5h 46m  ] 
INFO:  Idle: 188,  Running: 8,  Completed: 1280 [  5h 46m  ] 
INFO:  Idle: 186,  Running: 8,  Completed: 1282 [  5h 46m  ] 
INFO:  Idle: 183,  Running: 8,  Completed: 1285 [  5h 46m  ] 
INFO:  Idle: 181,  Running: 8,  Completed: 1287 [  5h 47m  ] 
INFO:  Idle: 180,  Running: 8,  Completed: 1288 [  5h 47m  ] 
INFO:  Idle: 178,  Running: 8,  Completed: 1290 [  5h 47m  ] 
INFO:  Idle: 177,  Running: 8,  Completed: 1291 [  5h 47m  ] 
INFO:  Idle: 175,  Running: 8,  Completed: 1293 [  5h 47m  ] 
INFO:  Idle: 173,  Running: 8,  Completed: 1295 [  5h 48m  ] 
INFO:  Idle: 171,  Running: 8,  Completed: 1297 [  5h 48m  ] 
INFO:  Idle: 170,  Running: 8,  Completed: 1298 [  5h 48m  ] 
INFO:  Idle: 168,  Running: 8,  Completed: 1300 [  5h 49m  ] 
INFO:  Idle: 165,  Running: 8,  Completed: 1303 [  5h 49m  ] 
INFO:  Idle: 163,  Running: 8,  Completed: 1305 [  5h 50m  ] 
INFO:  Idle: 161,  Running: 8,  Completed: 1307 [  5h 50m  ] 
INFO:  Idle: 158,  Running: 8,  Completed: 1310 [  5h 50m  ] 
INFO:  Idle: 157,  Running: 8,  Completed: 1311 [  5h 50m  ] 
INFO:  Idle: 154,  Running: 8,  Completed: 1314 [  5h 50m  ] 
INFO:  Idle: 150,  Running: 8,  Completed: 1318 [  5h 50m  ] 
INFO:  Idle: 149,  Running: 8,  Completed: 1319 [  5h 51m  ] 
INFO:  Idle: 146,  Running: 8,  Completed: 1322 [  5h 52m  ] 
INFO:  Idle: 142,  Running: 8,  Completed: 1326 [  5h 52m  ] 
INFO:  Idle: 141,  Running: 8,  Completed: 1327 [  5h 53m  ] 
INFO:  Idle: 139,  Running: 8,  Completed: 1329 [  5h 53m  ] 
INFO:  Idle: 138,  Running: 8,  Completed: 1330 [  5h 53m  ] 
INFO:  Idle: 135,  Running: 8,  Completed: 1333 [  5h 53m  ] 
INFO:  Idle: 133,  Running: 8,  Completed: 1335 [  5h 54m  ] 
INFO:  Idle: 131,  Running: 8,  Completed: 1337 [  5h 54m  ] 
INFO:  Idle: 130,  Running: 8,  Completed: 1338 [  5h 55m  ] 
INFO:  Idle: 127,  Running: 8,  Completed: 1341 [  5h 55m  ] 
INFO:  Idle: 125,  Running: 8,  Completed: 1343 [  5h 56m  ] 
INFO:  Idle: 123,  Running: 8,  Completed: 1345 [  5h 56m  ] 
INFO:  Idle: 122,  Running: 8,  Completed: 1346 [  5h 56m  ] 
INFO:  Idle: 119,  Running: 8,  Completed: 1349 [  5h 56m  ] 
INFO:  Idle: 117,  Running: 8,  Completed: 1351 [  5h 57m  ] 
INFO:  Idle: 115,  Running: 8,  Completed: 1353 [  5h 58m  ] 
INFO:  Idle: 114,  Running: 8,  Completed: 1354 [  5h 58m  ] 
INFO:  Idle: 111,  Running: 8,  Completed: 1357 [  5h 58m  ] 
INFO:  Idle: 109,  Running: 8,  Completed: 1359 [  5h 59m  ] 
INFO:  Idle: 108,  Running: 8,  Completed: 1360 [  5h 59m  ] 
INFO:  Idle: 107,  Running: 8,  Completed: 1361 [  5h 59m  ] 
INFO:  Idle: 106,  Running: 8,  Completed: 1362 [  5h 59m  ] 
INFO:  Idle: 103,  Running: 8,  Completed: 1365 [  5h 59m  ] 
INFO:  Idle: 101,  Running: 8,  Completed: 1367 [  6h 0m  ] 
INFO:  Idle: 99,  Running: 8,  Completed: 1369 [  6h 0m  ] 
INFO:  Idle: 98,  Running: 8,  Completed: 1370 [  6h 0m  ] 
INFO:  Idle: 96,  Running: 8,  Completed: 1372 [  6h 0m  ] 
INFO:  Idle: 93,  Running: 8,  Completed: 1375 [  6h 1m  ] 
INFO:  Idle: 91,  Running: 8,  Completed: 1377 [  6h 1m  ] 
INFO:  Idle: 89,  Running: 8,  Completed: 1379 [  6h 1m  ] 
INFO:  Idle: 88,  Running: 8,  Completed: 1380 [  6h 1m  ] 
INFO:  Idle: 86,  Running: 8,  Completed: 1382 [  6h 1m  ] 
INFO:  Idle: 84,  Running: 8,  Completed: 1384 [  6h 2m  ] 
INFO:  Idle: 83,  Running: 8,  Completed: 1385 [  6h 2m  ] 
INFO:  Idle: 81,  Running: 8,  Completed: 1387 [  6h 2m  ] 
INFO:  Idle: 79,  Running: 8,  Completed: 1389 [  6h 2m  ] 
INFO:  Idle: 78,  Running: 8,  Completed: 1390 [  6h 2m  ] 
INFO:  Idle: 77,  Running: 8,  Completed: 1391 [  6h 3m  ] 
INFO:  Idle: 75,  Running: 8,  Completed: 1393 [  6h 3m  ] 
INFO:  Idle: 72,  Running: 8,  Completed: 1396 [  6h 3m  ] 
INFO:  Idle: 70,  Running: 8,  Completed: 1398 [  6h 3m  ] 
INFO:  Idle: 69,  Running: 8,  Completed: 1399 [  6h 4m  ] 
INFO:  Idle: 67,  Running: 8,  Completed: 1401 [  6h 4m  ] 
INFO:  Idle: 65,  Running: 8,  Completed: 1403 [  6h 4m  ] 
INFO:  Idle: 62,  Running: 8,  Completed: 1406 [  6h 5m  ] 
INFO:  Idle: 61,  Running: 8,  Completed: 1407 [  6h 5m  ] 
INFO:  Idle: 59,  Running: 8,  Completed: 1409 [  6h 6m  ] 
INFO:  Idle: 58,  Running: 8,  Completed: 1410 [  6h 6m  ] 
INFO:  Idle: 56,  Running: 8,  Completed: 1412 [  6h 6m  ] 
INFO:  Idle: 54,  Running: 8,  Completed: 1414 [  6h 6m  ] 
INFO:  Idle: 53,  Running: 8,  Completed: 1415 [  6h 7m  ] 
INFO:  Idle: 51,  Running: 8,  Completed: 1417 [  6h 7m  ] 
INFO:  Idle: 49,  Running: 8,  Completed: 1419 [  6h 7m  ] 
INFO:  Idle: 48,  Running: 8,  Completed: 1420 [  6h 7m  ] 
INFO:  Idle: 46,  Running: 8,  Completed: 1422 [  6h 8m  ] 
INFO:  Idle: 45,  Running: 8,  Completed: 1423 [  6h 8m  ] 
INFO:  Idle: 43,  Running: 8,  Completed: 1425 [  6h 9m  ] 
INFO:  Idle: 41,  Running: 8,  Completed: 1427 [  6h 9m  ] 
INFO:  Idle: 39,  Running: 8,  Completed: 1429 [  6h 9m  ] 
INFO:  Idle: 38,  Running: 8,  Completed: 1430 [  6h 9m  ] 
INFO:  Idle: 37,  Running: 8,  Completed: 1431 [  6h 10m  ] 
INFO:  Idle: 35,  Running: 8,  Completed: 1433 [  6h 10m  ] 
INFO:  Idle: 33,  Running: 8,  Completed: 1435 [  6h 10m  ] 
INFO:  Idle: 31,  Running: 8,  Completed: 1437 [  6h 10m  ] 
INFO:  Idle: 30,  Running: 8,  Completed: 1438 [  6h 10m  ] 
INFO:  Idle: 29,  Running: 8,  Completed: 1439 [  6h 11m  ] 
INFO:  Idle: 27,  Running: 8,  Completed: 1441 [  6h 12m  ] 
INFO:  Idle: 23,  Running: 8,  Completed: 1445 [  6h 12m  ] 
INFO:  Idle: 22,  Running: 8,  Completed: 1446 [  6h 12m  ] 
INFO:  Idle: 21,  Running: 8,  Completed: 1447 [  6h 12m  ] 
INFO:  Idle: 19,  Running: 8,  Completed: 1449 [  6h 13m  ] 
INFO:  Idle: 17,  Running: 8,  Completed: 1451 [  6h 13m  ] 
INFO:  Idle: 15,  Running: 8,  Completed: 1453 [  6h 13m  ] 
INFO:  Idle: 14,  Running: 8,  Completed: 1454 [  6h 13m  ] 
INFO:  Idle: 13,  Running: 8,  Completed: 1455 [  6h 14m  ] 
INFO:  Idle: 12,  Running: 8,  Completed: 1456 [  6h 14m  ] 
INFO:  Idle: 11,  Running: 8,  Completed: 1457 [  6h 14m  ] 
INFO:  Idle: 8,  Running: 8,  Completed: 1460 [  6h 14m  ] 
INFO:  Idle: 7,  Running: 8,  Completed: 1461 [  6h 15m  ] 
INFO:  Idle: 6,  Running: 8,  Completed: 1462 [  6h 15m  ] 
INFO:  Idle: 5,  Running: 8,  Completed: 1463 [  6h 16m  ] 
INFO:  Idle: 4,  Running: 8,  Completed: 1464 [  6h 16m  ] 
INFO:  Idle: 3,  Running: 8,  Completed: 1465 [  6h 16m  ] 
INFO:  Idle: 0,  Running: 8,  Completed: 1468 [  6h 16m  ] 
INFO:  Idle: 0,  Running: 6,  Completed: 1470 [  6h 16m  ] 
INFO:  Idle: 0,  Running: 5,  Completed: 1471 [  6h 17m  ] 
INFO:  Idle: 0,  Running: 3,  Completed: 1473 [  6h 17m  ] 
INFO: found enough event for P0_gg_hh/G1 
INFO:  Idle: 0,  Running: 0,  Completed: 1477 [  6h 17m  ] 
INFO:  Idle: 0,  Running: 0,  Completed: 1477 [  6h 17m  ] 
INFO: Combining runs 
sum of cpu time of last step: 0 second
INFO: finish refine 
refine 10000 --treshold=0.9
No need for second refine due to stability of cross-section
INFO: Combining Events 
 
 
 
  === Results Summary for run: run_05 tag: tag_1 ===

     Cumulative sequential time for this run: 13h33m05s
     Cross-section :   0.02059 +- 3.814e-05 pb
     Nb of events :  10000
 
INFO: No version of lhapdf. Can not run systematics computation 
store_events
INFO: Storing parton level results 
INFO: End Parton 
reweight -from_cards
decay_events -from_cards
INFO: storing files of previous run 
INFO: Done 
quit
INFO:  
