************************************************************
*                                                          *
*                      W E L C O M E to                    *
*             M A D G R A P H 5 _ a M C @ N L O            *
*                      M A D E V E N T                     *
*                                                          *
*                 *                       *                *
*                   *        * *        *                  *
*                     * * * * 5 * * * *                    *
*                   *        * *        *                  *
*                 *                       *                *
*                                                          *
*         VERSION 2.9.7                 20xx-xx-xx         *
*                                                          *
*    The MadGraph5_aMC@NLO Development Team - Find us at   *
*    https://server06.fynu.ucl.ac.be/projects/madgraph     *
*                                                          *
*               Type 'help' for in-line help.              *
*                                                          *
************************************************************
INFO: load configuration from /home/bruno/NewScalars/Work/MG5_aMC_v2_9_7/gg_eta_s8/Cards/me5_configuration.txt  
INFO: load configuration from /home/bruno/NewScalars/Work/MG5_aMC_v2_9_7/input/mg5_configuration.txt  
INFO: load configuration from /home/bruno/NewScalars/Work/MG5_aMC_v2_9_7/gg_eta_s8/Cards/me5_configuration.txt  
No valid eps viewer found. Please set in ./input/mg5_configuration.txt
Using default web browser "firefox". Set another one in ./input/mg5_configuration.txt
generate_events 
stty: 'standard input': Inappropriate ioctl for device
The following switches determine which programs are run:
/===========================================================================\
| 1. Choose the shower/hadronization program   [1m  shower[0m = [01mNot Avail.[0m        |
| 2. Choose the detector simulation program    [1mdetector[0m = [01mNot Avail.[0m        |
| 3. Choose an analysis package (plot/convert) [1manalysis[0m = [01mNot Avail.[0m        |
| 4. Decay onshell particles                   [1m madspin[0m = [31mOFF[0m               |
| 5. Add weights to events for new hypp.       [1mreweight[0m = [31mOFF[0m               |
\===========================================================================/
Either type the switch number (1 to 5) to change its setting,
Set any switch explicitly (e.g. type 'madspin=ON' at the prompt)
Type 'help' for the list of all valid option
Type '0', 'auto', 'done' or just press enter when you are done.[60s to answer] 
>stty: 'standard input': Inappropriate ioctl for device
Do you want to edit a card (press enter to bypass editing)?
/------------------------------------------------------------\
|  [31m1[0m. param         : [32mparam_card.dat[0m                         |
|  [31m2[0m. run           : [32mrun_card.dat[0m                           |
|  [31m3[0m. MadLoopParams : [32mMadLoopParams.dat[0m                      |
\------------------------------------------------------------/
 you can also
   - enter the path to a valid card or banner.
   - use the 'set' command to modify a parameter directly.
     The set option works only for param_card and run_card.
     Type 'help set' for more information on this command.
   - call an external program (ASperGE/MadWidth/...).
     Type 'help' for the list of available command
 [[4m0[0m, done, 1, param, 2, run, 3, MadLoopParams, enter path][90s to answer] 
>INFO: Update the dependent parameter of the param_card.dat 
Generating 10000 events with run name run_05
survey  run_05 
INFO: compile directory 
initMadLoop -r -f
Initializing MadLoop loop-induced matrix elements (this can take some time)...
MadLoop initialization finished.
compile Source Directory
Using random number seed offset = 45
INFO: Running Survey 
Creating Jobs
Working on SubProcesses
INFO:     P0_gg_hh  
INFO:  Idle: 4,  Running: 0,  Completed: 0 [ current time: 17h39 ] 
INFO:  Idle: 0,  Running: 3,  Completed: 1 [  56.9s  ] 
INFO: P0_gg_hh/G2 is at 0.0014 +- 5.59e-05 pb. Now submitting iteration #2. 
INFO: P0_gg_hh/G1 is at 0.0196 +- 0.000727 pb. Now submitting iteration #2. 
INFO:  Idle: 0,  Running: 3,  Completed: 7 [  2m 44s  ] 
INFO: P0_gg_hh/G2 is at 0.001366 +- 1.08e-05 pb. Now submitting iteration #3. 
INFO: P0_gg_hh/G1 is at 0.0185 +- 0.00047 pb. Now submitting iteration #3. 
INFO:  Idle: 0,  Running: 3,  Completed: 13 [  6m 37s  ] 
INFO: Survey finished for P0_gg_hh/G2 at 0.00137 +- 3.72e-06 pb 
INFO: Survey finished for P0_gg_hh/G1 at 0.01863 +- 0.000162 pb 
INFO:  Idle: 0,  Running: 0,  Completed: 18 [  6m 40s  ] 
INFO: End survey 
refine 10000
Creating Jobs
INFO: Refine results to 10000 
INFO: Generating 10000.0 unweighted events. 
sum of cpu time of last step: 0 second
INFO: Effective Luminosity 575115.0230046009 pb^-1 
INFO: need to improve 1 channels 
- Current estimate of cross-section: 0.019996 +- 0.00016233260856898097
INFO:  Idle: 6,  Running: 2,  Completed: 0 [ current time: 17h45 ] 
INFO:  Idle: 0,  Running: 7,  Completed: 1 [  2m 16s  ] 
INFO: P0_gg_hh/G1 is at 4278/10753 (40%) event. Resubmit 5 job at iteration 1. 
INFO:  Idle: 0,  Running: 5,  Completed: 9 [  2m 19s  ] 
INFO:  Idle: 0,  Running: 4,  Completed: 10 [  4m 31s  ] 
INFO: P0_gg_hh/G1 is at 7018/10759 (65%) event. Resubmit 7 job at iteration 2. 
INFO:  Idle: 0,  Running: 6,  Completed: 16 [  6m 53s  ] 
INFO: found enough event for P0_gg_hh/G1 
INFO:  Idle: 0,  Running: 0,  Completed: 23 [  6m 55s  ] 
INFO: Combining runs 
sum of cpu time of last step: 0 second
INFO: finish refine 
refine 10000 --treshold=0.9
No need for second refine due to stability of cross-section
INFO: Combining Events 
 
 
 
  === Results Summary for run: run_05 tag: tag_1 ===

     Cumulative sequential time for this run: 11m03s
     Cross-section :   0.02005 +- 2.516e-05 pb
     Nb of events :  10000
 
INFO: No version of lhapdf. Can not run systematics computation 
store_events
INFO: Storing parton level results 
INFO: End Parton 
reweight -from_cards
decay_events -from_cards
INFO: storing files of previous run 
INFO: Done 
quit
INFO:  
