************************************************************
*                                                          *
*                      W E L C O M E to                    *
*             M A D G R A P H 5 _ a M C @ N L O            *
*                      M A D E V E N T                     *
*                                                          *
*                 *                       *                *
*                   *        * *        *                  *
*                     * * * * 5 * * * *                    *
*                   *        * *        *                  *
*                 *                       *                *
*                                                          *
*         VERSION 2.9.7                 20xx-xx-xx         *
*                                                          *
*    The MadGraph5_aMC@NLO Development Team - Find us at   *
*    https://server06.fynu.ucl.ac.be/projects/madgraph     *
*                                                          *
*               Type 'help' for in-line help.              *
*                                                          *
************************************************************
INFO: load configuration from /home/bruno/NewScalars/Work/MG5_aMC_v2_9_7/gg_eta_s4/Cards/me5_configuration.txt  
INFO: load configuration from /home/bruno/NewScalars/Work/MG5_aMC_v2_9_7/input/mg5_configuration.txt  
INFO: load configuration from /home/bruno/NewScalars/Work/MG5_aMC_v2_9_7/gg_eta_s4/Cards/me5_configuration.txt  
No valid eps viewer found. Please set in ./input/mg5_configuration.txt
Using default web browser "firefox". Set another one in ./input/mg5_configuration.txt
generate_events 
stty: 'standard input': Inappropriate ioctl for device
The following switches determine which programs are run:
/===========================================================================\
| 1. Choose the shower/hadronization program   [1m  shower[0m = [01mNot Avail.[0m        |
| 2. Choose the detector simulation program    [1mdetector[0m = [01mNot Avail.[0m        |
| 3. Choose an analysis package (plot/convert) [1manalysis[0m = [01mNot Avail.[0m        |
| 4. Decay onshell particles                   [1m madspin[0m = [31mOFF[0m               |
| 5. Add weights to events for new hypp.       [1mreweight[0m = [31mOFF[0m               |
\===========================================================================/
Either type the switch number (1 to 5) to change its setting,
Set any switch explicitly (e.g. type 'madspin=ON' at the prompt)
Type 'help' for the list of all valid option
Type '0', 'auto', 'done' or just press enter when you are done.[60s to answer] 
>stty: 'standard input': Inappropriate ioctl for device
Do you want to edit a card (press enter to bypass editing)?
/------------------------------------------------------------\
|  [31m1[0m. param         : [32mparam_card.dat[0m                         |
|  [31m2[0m. run           : [32mrun_card.dat[0m                           |
|  [31m3[0m. MadLoopParams : [32mMadLoopParams.dat[0m                      |
\------------------------------------------------------------/
 you can also
   - enter the path to a valid card or banner.
   - use the 'set' command to modify a parameter directly.
     The set option works only for param_card and run_card.
     Type 'help set' for more information on this command.
   - call an external program (ASperGE/MadWidth/...).
     Type 'help' for the list of available command
 [[4m0[0m, done, 1, param, 2, run, 3, MadLoopParams, enter path][90s to answer] 
>INFO: Update the dependent parameter of the param_card.dat 
Generating 10000 events with run name run_19
survey  run_19 
INFO: compile directory 
initMadLoop -r -f
Initializing MadLoop loop-induced matrix elements (this can take some time)...
MadLoop initialization finished.
compile Source Directory
Using random number seed offset = 129
INFO: Running Survey 
Creating Jobs
Working on SubProcesses
INFO:     P0_gg_hh  
INFO:  Idle: 4,  Running: 0,  Completed: 0 [ current time: 06h01 ] 
INFO:  Idle: 0,  Running: 3,  Completed: 1 [  26.8s  ] 
INFO: P0_gg_hh/G2 is at 0.00941 +- 0.000369 pb. Now submitting iteration #2. 
INFO: P0_gg_hh/G1 is at 0.00251 +- 0.000142 pb. Now submitting iteration #2. 
INFO:  Idle: 0,  Running: 3,  Completed: 7 [  1m 13s  ] 
INFO: P0_gg_hh/G1 is at 0.00242 +- 2.5e-05 pb. Now submitting iteration #3. 
INFO: P0_gg_hh/G2 is at 0.009593 +- 6.21e-05 pb. Now submitting iteration #3. 
INFO:  Idle: 0,  Running: 3,  Completed: 13 [  2m 34s  ] 
INFO: Survey finished for P0_gg_hh/G2 at 0.009636 +- 2.47e-05 pb 
INFO: Survey finished for P0_gg_hh/G1 at 0.002426 +- 8.29e-06 pb 
INFO:  Idle: 0,  Running: 0,  Completed: 18 [  2m 37s  ] 
INFO: End survey 
refine 10000
Creating Jobs
INFO: Refine results to 10000 
INFO: Generating 10000.0 unweighted events. 
sum of cpu time of last step: 0 second
INFO: Effective Luminosity 953391.5869410223 pb^-1 
INFO: need to improve 2 channels 
- Current estimate of cross-section: 0.0120622 +- 2.6065405924519955e-05
INFO:  Idle: 2,  Running: 7,  Completed: 0 [ current time: 06h04 ] 
INFO:  Idle: 0,  Running: 8,  Completed: 1 [  13.4s  ] 
INFO: P0_gg_hh/G1 is at 405/2293 (18%) event. Resubmit 5 job at iteration 1. 
INFO:  Idle: 1,  Running: 5,  Completed: 10 [  25s  ] 
INFO: P0_gg_hh/G2 is at 364/9206 (4%) event. Resubmit 15 job at iteration 1. 
INFO:  Idle: 8,  Running: 8,  Completed: 15 [  28.4s  ] 
INFO:  Idle: 7,  Running: 8,  Completed: 17 [  38.3s  ] 
INFO:  Idle: 3,  Running: 8,  Completed: 21 [  41.5s  ] 
INFO:  Idle: 0,  Running: 8,  Completed: 24 [  44.8s  ] 
INFO: P0_gg_hh/G1 is at 489/2311 (21%) event. Resubmit 13 job at iteration 2. 
INFO:  Idle: 11,  Running: 8,  Completed: 26 [  51.4s  ] 
INFO:  Idle: 8,  Running: 8,  Completed: 29 [  55.7s  ] 
INFO:  Idle: 5,  Running: 8,  Completed: 33 [  58.7s  ] 
INFO:  Idle: 4,  Running: 8,  Completed: 34 [  1m 6s  ] 
INFO:  Idle: 1,  Running: 8,  Completed: 37 [  1m 11s  ] 
INFO: P0_gg_hh/G2 is at 1112/9273 (12%) event. Resubmit 38 job at iteration 2. 
INFO:  Idle: 34,  Running: 8,  Completed: 42 [  1m 15s  ] 
INFO:  Idle: 33,  Running: 8,  Completed: 43 [  1m 24s  ] 
INFO:  Idle: 31,  Running: 8,  Completed: 46 [  1m 29s  ] 
INFO:  Idle: 27,  Running: 8,  Completed: 50 [  1m 33s  ] 
INFO:  Idle: 26,  Running: 8,  Completed: 51 [  1m 42s  ] 
INFO:  Idle: 23,  Running: 8,  Completed: 54 [  1m 47s  ] 
INFO:  Idle: 19,  Running: 8,  Completed: 58 [  1m 51s  ] 
INFO:  Idle: 18,  Running: 8,  Completed: 59 [  1m 59s  ] 
INFO:  Idle: 15,  Running: 8,  Completed: 62 [  2m 6s  ] 
INFO:  Idle: 10,  Running: 8,  Completed: 67 [  2m 17s  ] 
INFO:  Idle: 7,  Running: 8,  Completed: 70 [  2m 25s  ] 
INFO:  Idle: 2,  Running: 8,  Completed: 75 [  2m 35s  ] 
INFO:  Idle: 1,  Running: 8,  Completed: 76 [  2m 39s  ] 
INFO: P0_gg_hh/G1 is at 1565/2302 ('68%') event. Resubmit 7 job at iteration 3. 
INFO:  Idle: 5,  Running: 8,  Completed: 79 [  2m 42s  ] 
INFO:  Idle: 0,  Running: 8,  Completed: 84 [  2m 54s  ] 
INFO:  Idle: 1,  Running: 7,  Completed: 85 [  2m 57s  ] 
INFO: P0_gg_hh/G2 is at 3249/9298 ('35%') event. Resubmit 57 job at iteration 3. 
INFO:  Idle: 54,  Running: 8,  Completed: 88 [  3m 0s  ] 
INFO:  Idle: 50,  Running: 8,  Completed: 93 [  3m 12s  ] 
INFO:  Idle: 49,  Running: 8,  Completed: 94 [  3m 15s  ] 
INFO:  Idle: 47,  Running: 8,  Completed: 96 [  3m 19s  ] 
INFO:  Idle: 42,  Running: 8,  Completed: 101 [  3m 30s  ] 
INFO:  Idle: 39,  Running: 8,  Completed: 104 [  3m 37s  ] 
INFO:  Idle: 34,  Running: 8,  Completed: 109 [  3m 49s  ] 
INFO:  Idle: 31,  Running: 8,  Completed: 112 [  3m 55s  ] 
INFO:  Idle: 26,  Running: 8,  Completed: 117 [  4m 7s  ] 
INFO:  Idle: 24,  Running: 8,  Completed: 119 [  4m 10s  ] 
INFO:  Idle: 22,  Running: 8,  Completed: 121 [  4m 13s  ] 
INFO:  Idle: 18,  Running: 8,  Completed: 125 [  4m 24s  ] 
INFO:  Idle: 16,  Running: 8,  Completed: 127 [  4m 28s  ] 
INFO:  Idle: 13,  Running: 8,  Completed: 130 [  4m 31s  ] 
INFO:  Idle: 10,  Running: 8,  Completed: 133 [  4m 39s  ] 
INFO:  Idle: 6,  Running: 8,  Completed: 137 [  4m 42s  ] 
INFO:  Idle: 2,  Running: 8,  Completed: 141 [  4m 48s  ] 
INFO: found enough event for P0_gg_hh/G1 
INFO:  Idle: 0,  Running: 4,  Completed: 147 [  4m 51s  ] 
INFO:  Idle: 1,  Running: 0,  Completed: 151 [  4m 54s  ] 
INFO: P0_gg_hh/G2 is at 6753/9280 ('73%') event. Resubmit 42 job at iteration 4. 
INFO:  Idle: 33,  Running: 8,  Completed: 153 [  5m 1s  ] 
INFO:  Idle: 26,  Running: 8,  Completed: 160 [  5m 6s  ] 
INFO:  Idle: 24,  Running: 8,  Completed: 162 [  5m 14s  ] 
INFO:  Idle: 20,  Running: 8,  Completed: 166 [  5m 17s  ] 
INFO:  Idle: 17,  Running: 8,  Completed: 169 [  5m 30s  ] 
INFO:  Idle: 12,  Running: 8,  Completed: 174 [  5m 35s  ] 
INFO:  Idle: 9,  Running: 8,  Completed: 177 [  5m 49s  ] 
INFO:  Idle: 4,  Running: 8,  Completed: 182 [  5m 55s  ] 
INFO:  Idle: 1,  Running: 8,  Completed: 185 [  6m 10s  ] 
INFO:  Idle: 0,  Running: 4,  Completed: 190 [  6m 14s  ] 
INFO:  Idle: 0,  Running: 1,  Completed: 193 [  6m 30s  ] 
INFO: found enough event for P0_gg_hh/G2 
INFO:  Idle: 0,  Running: 0,  Completed: 195 [  6m 31s  ] 
INFO: Combining runs 
sum of cpu time of last step: 0 second
INFO: finish refine 
refine 10000 --treshold=0.9
No need for second refine due to stability of cross-section
INFO: Combining Events 
 
 
 
  === Results Summary for run: run_19 tag: tag_1 ===

     Cumulative sequential time for this run: 19m26s
     Cross-section :   0.01214 +- 1.534e-05 pb
     Nb of events :  10000
 
INFO: No version of lhapdf. Can not run systematics computation 
store_events
INFO: Storing parton level results 
INFO: End Parton 
reweight -from_cards
decay_events -from_cards
INFO: storing files of previous run 
INFO: Done 
quit
INFO:  
