************************************************************
*                                                          *
*                      W E L C O M E to                    *
*             M A D G R A P H 5 _ a M C @ N L O            *
*                      M A D E V E N T                     *
*                                                          *
*                 *                       *                *
*                   *        * *        *                  *
*                     * * * * 5 * * * *                    *
*                   *        * *        *                  *
*                 *                       *                *
*                                                          *
*         VERSION 2.9.7                 20xx-xx-xx         *
*                                                          *
*    The MadGraph5_aMC@NLO Development Team - Find us at   *
*    https://server06.fynu.ucl.ac.be/projects/madgraph     *
*                                                          *
*               Type 'help' for in-line help.              *
*                                                          *
************************************************************
INFO: load configuration from /home/bruno/NewScalars/Work/MG5_aMC_v2_9_7/gg_eta_s1/Cards/me5_configuration.txt  
INFO: load configuration from /home/bruno/NewScalars/Work/MG5_aMC_v2_9_7/input/mg5_configuration.txt  
INFO: load configuration from /home/bruno/NewScalars/Work/MG5_aMC_v2_9_7/gg_eta_s1/Cards/me5_configuration.txt  
No valid eps viewer found. Please set in ./input/mg5_configuration.txt
Using default web browser "firefox". Set another one in ./input/mg5_configuration.txt
generate_events 
stty: 'standard input': Inappropriate ioctl for device
The following switches determine which programs are run:
/===========================================================================\
| 1. Choose the shower/hadronization program   [1m  shower[0m = [01mNot Avail.[0m        |
| 2. Choose the detector simulation program    [1mdetector[0m = [01mNot Avail.[0m        |
| 3. Choose an analysis package (plot/convert) [1manalysis[0m = [01mNot Avail.[0m        |
| 4. Decay onshell particles                   [1m madspin[0m = [31mOFF[0m               |
| 5. Add weights to events for new hypp.       [1mreweight[0m = [31mOFF[0m               |
\===========================================================================/
Either type the switch number (1 to 5) to change its setting,
Set any switch explicitly (e.g. type 'madspin=ON' at the prompt)
Type 'help' for the list of all valid option
Type '0', 'auto', 'done' or just press enter when you are done.[60s to answer] 
>stty: 'standard input': Inappropriate ioctl for device
Do you want to edit a card (press enter to bypass editing)?
/------------------------------------------------------------\
|  [31m1[0m. param         : [32mparam_card.dat[0m                         |
|  [31m2[0m. run           : [32mrun_card.dat[0m                           |
|  [31m3[0m. MadLoopParams : [32mMadLoopParams.dat[0m                      |
\------------------------------------------------------------/
 you can also
   - enter the path to a valid card or banner.
   - use the 'set' command to modify a parameter directly.
     The set option works only for param_card and run_card.
     Type 'help set' for more information on this command.
   - call an external program (ASperGE/MadWidth/...).
     Type 'help' for the list of available command
 [[4m0[0m, done, 1, param, 2, run, 3, MadLoopParams, enter path][90s to answer] 
>INFO: Update the dependent parameter of the param_card.dat 
Generating 10000 events with run name run_03
survey  run_03 
INFO: compile directory 
initMadLoop -r -f
Initializing MadLoop loop-induced matrix elements (this can take some time)...
MadLoop initialization finished.
compile Source Directory
Using random number seed offset = 45
INFO: Running Survey 
Creating Jobs
Working on SubProcesses
INFO:     P0_gg_hh  
INFO:  Idle: 4,  Running: 0,  Completed: 0 [ current time: 19h37 ] 
INFO:  Idle: 0,  Running: 3,  Completed: 1 [  1m 2s  ] 
INFO: P0_gg_hh/G1 is at 0.00232 +- 0.000113 pb. Now submitting iteration #2. 
INFO: P0_gg_hh/G2 is at 0.013 +- 0.000491 pb. Now submitting iteration #2. 
INFO:  Idle: 0,  Running: 3,  Completed: 7 [  2m 46s  ] 
INFO: P0_gg_hh/G1 is at 0.00232 +- 2.36e-06 pb. Now submitting iteration #3. 
INFO: P0_gg_hh/G2 is at 0.01271 +- 8.94e-05 pb. Now submitting iteration #3. 
INFO:  Idle: 0,  Running: 3,  Completed: 13 [  6m 44s  ] 
INFO:  Idle: 0,  Running: 2,  Completed: 14 [  6m 48s  ] 
INFO:  Idle: 1,  Running: 1,  Completed: 15 [  6m 52s  ] 
INFO: Survey finished for P0_gg_hh/G1 at 0.002355 +- 2e-05 pb 
INFO: Survey finished for P0_gg_hh/G2 at 0.01279 +- 3.89e-05 pb 
INFO:  Idle: 0,  Running: 0,  Completed: 18 [  6m 53s  ] 
INFO: End survey 
refine 10000
Creating Jobs
INFO: Refine results to 10000 
INFO: Generating 10000.0 unweighted events. 
sum of cpu time of last step: 0 second
INFO: Effective Luminosity 759256.3249352981 pb^-1 
INFO: need to improve 2 channels 
- Current estimate of cross-section: 0.0151464 +- 4.375008883419552e-05
INFO:  Idle: 1,  Running: 8,  Completed: 0 [ current time: 19h44 ] 
INFO:  Idle: 0,  Running: 8,  Completed: 1 [  4m 3s  ] 
INFO: P0_gg_hh/G2 is at 3114/9705 (32%) event. Resubmit 1 job at iteration 1. 
INFO:  Idle: 0,  Running: 5,  Completed: 6 [  4m 6s  ] 
INFO:  Idle: 0,  Running: 2,  Completed: 9 [  4m 13s  ] 
INFO:  Idle: 1,  Running: 1,  Completed: 10 [  8m 1s  ] 
INFO: P0_gg_hh/G1 is at 16/2167 (0.78%) event. Resubmit 20 job at iteration 1. 
INFO:  Idle: 13,  Running: 8,  Completed: 12 [  8m 7s  ] 
INFO:  Idle: 12,  Running: 8,  Completed: 13 [  12m 1s  ] 
INFO:  Idle: 11,  Running: 8,  Completed: 14 [  12m 8s  ] 
INFO:  Idle: 10,  Running: 8,  Completed: 15 [  12m 11s  ] 
INFO:  Idle: 6,  Running: 8,  Completed: 19 [  12m 17s  ] 
INFO:  Idle: 4,  Running: 8,  Completed: 21 [  16m 36s  ] 
INFO:  Idle: 3,  Running: 8,  Completed: 22 [  16m 46s  ] 
INFO:  Idle: 2,  Running: 8,  Completed: 23 [  16m 52s  ] 
INFO:  Idle: 1,  Running: 8,  Completed: 24 [  16m 56s  ] 
INFO: P0_gg_hh/G2 is at 6088/9748 (62%) event. Resubmit 2 job at iteration 2. 
INFO:  Idle: 0,  Running: 8,  Completed: 27 [  16m 59s  ] 
INFO:  Idle: 0,  Running: 6,  Completed: 29 [  17m 6s  ] 
INFO:  Idle: 0,  Running: 5,  Completed: 30 [  21m 11s  ] 
INFO:  Idle: 0,  Running: 4,  Completed: 31 [  21m 20s  ] 
INFO:  Idle: 0,  Running: 3,  Completed: 32 [  21m 25s  ] 
INFO: P0_gg_hh/G1 is at 48/1970 (2.4%) event. Resubmit 50 job at iteration 2. 
INFO:  Idle: 43,  Running: 8,  Completed: 35 [  21m 31s  ] 
INFO:  Idle: 43,  Running: 8,  Completed: 36 [  21m 38s  ] 
INFO:  Idle: 42,  Running: 8,  Completed: 37 [  26m 20s  ] 
INFO:  Idle: 36,  Running: 8,  Completed: 43 [  26m 25s  ] 
INFO:  Idle: 35,  Running: 8,  Completed: 44 [  26m 31s  ] 
INFO:  Idle: 34,  Running: 8,  Completed: 45 [  30m 13s  ] 
INFO:  Idle: 30,  Running: 8,  Completed: 49 [  30m 16s  ] 
INFO:  Idle: 27,  Running: 8,  Completed: 52 [  30m 25s  ] 
INFO:  Idle: 26,  Running: 8,  Completed: 53 [  34m 7s  ] 
INFO:  Idle: 23,  Running: 8,  Completed: 56 [  34m 10s  ] 
INFO:  Idle: 21,  Running: 8,  Completed: 58 [  34m 14s  ] 
INFO:  Idle: 19,  Running: 8,  Completed: 60 [  34m 22s  ] 
INFO:  Idle: 18,  Running: 8,  Completed: 61 [  38m 43s  ] 
INFO:  Idle: 15,  Running: 8,  Completed: 64 [  38m 47s  ] 
INFO:  Idle: 14,  Running: 8,  Completed: 65 [  38m 50s  ] 
INFO:  Idle: 12,  Running: 8,  Completed: 67 [  38m 54s  ] 
INFO:  Idle: 11,  Running: 8,  Completed: 68 [  39m 1s  ] 
INFO:  Idle: 10,  Running: 8,  Completed: 69 [  43m 19s  ] 
INFO:  Idle: 9,  Running: 8,  Completed: 70 [  43m 24s  ] 
INFO:  Idle: 6,  Running: 8,  Completed: 73 [  43m 30s  ] 
INFO:  Idle: 3,  Running: 8,  Completed: 76 [  43m 44s  ] 
INFO:  Idle: 2,  Running: 8,  Completed: 77 [  48m 39s  ] 
INFO:  Idle: 0,  Running: 8,  Completed: 79 [  48m 43s  ] 
INFO: found enough event for P0_gg_hh/G2 
INFO:  Idle: 0,  Running: 5,  Completed: 82 [  48m 46s  ] 
INFO:  Idle: 0,  Running: 2,  Completed: 85 [  48m 58s  ] 
INFO:  Idle: 0,  Running: 1,  Completed: 86 [  52m 42s  ] 
INFO:  Idle: 1,  Running: 0,  Completed: 87 [  52m 50s  ] 
INFO: P0_gg_hh/G1 is at 129/1905 ('6.8%') event. Resubmit 75 job at iteration 3. 
INFO:  Idle: 66,  Running: 8,  Completed: 89 [  58m 14s  ] 
INFO:  Idle: 63,  Running: 8,  Completed: 92 [  58m 17s  ] 
INFO:  Idle: 59,  Running: 8,  Completed: 96 [  58m 21s  ] 
INFO:  Idle: 58,  Running: 8,  Completed: 97 [  1h 3m  ] 
INFO:  Idle: 56,  Running: 8,  Completed: 99 [  1h 3m  ] 
INFO:  Idle: 51,  Running: 8,  Completed: 104 [  1h 3m  ] 
INFO:  Idle: 50,  Running: 8,  Completed: 105 [  1h 7m  ] 
INFO:  Idle: 48,  Running: 8,  Completed: 107 [  1h 8m  ] 
INFO:  Idle: 43,  Running: 8,  Completed: 112 [  1h 8m  ] 
INFO:  Idle: 42,  Running: 8,  Completed: 113 [  1h 12m  ] 
INFO:  Idle: 40,  Running: 8,  Completed: 115 [  1h 12m  ] 
INFO:  Idle: 35,  Running: 8,  Completed: 120 [  1h 13m  ] 
INFO:  Idle: 34,  Running: 8,  Completed: 121 [  1h 17m  ] 
INFO:  Idle: 33,  Running: 8,  Completed: 122 [  1h 17m  ] 
INFO:  Idle: 31,  Running: 8,  Completed: 124 [  1h 17m  ] 
INFO:  Idle: 27,  Running: 8,  Completed: 128 [  1h 18m  ] 
INFO:  Idle: 26,  Running: 8,  Completed: 129 [  1h 23m  ] 
INFO:  Idle: 25,  Running: 8,  Completed: 130 [  1h 23m  ] 
INFO:  Idle: 21,  Running: 8,  Completed: 134 [  1h 23m  ] 
INFO:  Idle: 19,  Running: 8,  Completed: 136 [  1h 23m  ] 
INFO:  Idle: 18,  Running: 8,  Completed: 137 [  1h 27m  ] 
INFO:  Idle: 13,  Running: 8,  Completed: 142 [  1h 27m  ] 
INFO:  Idle: 11,  Running: 8,  Completed: 144 [  1h 28m  ] 
INFO:  Idle: 10,  Running: 8,  Completed: 145 [  1h 31m  ] 
INFO:  Idle: 6,  Running: 8,  Completed: 149 [  1h 31m  ] 
INFO:  Idle: 3,  Running: 8,  Completed: 152 [  1h 31m  ] 
INFO:  Idle: 2,  Running: 8,  Completed: 153 [  1h 35m  ] 
INFO:  Idle: 0,  Running: 7,  Completed: 156 [  1h 35m  ] 
INFO:  Idle: 0,  Running: 3,  Completed: 160 [  1h 35m  ] 
INFO:  Idle: 0,  Running: 2,  Completed: 161 [  1h 38m  ] 
INFO:  Idle: 0,  Running: 1,  Completed: 162 [  1h 38m  ] 
INFO: P0_gg_hh/G1 is at 200/1872 ('11%') event. Resubmit 112 job at iteration 4. 
INFO:  Idle: 104,  Running: 8,  Completed: 164 [  1h 38m  ] 
INFO:  Idle: 103,  Running: 8,  Completed: 165 [  1h 42m  ] 
INFO:  Idle: 95,  Running: 8,  Completed: 173 [  1h 46m  ] 
INFO:  Idle: 90,  Running: 8,  Completed: 178 [  1h 46m  ] 
INFO:  Idle: 88,  Running: 8,  Completed: 180 [  1h 46m  ] 
INFO:  Idle: 87,  Running: 8,  Completed: 181 [  1h 50m  ] 
INFO:  Idle: 83,  Running: 8,  Completed: 185 [  1h 50m  ] 
INFO:  Idle: 80,  Running: 8,  Completed: 188 [  1h 50m  ] 
INFO:  Idle: 79,  Running: 8,  Completed: 189 [  1h 54m  ] 
INFO:  Idle: 77,  Running: 8,  Completed: 191 [  1h 54m  ] 
INFO:  Idle: 72,  Running: 8,  Completed: 196 [  1h 54m  ] 
INFO:  Idle: 71,  Running: 8,  Completed: 197 [  1h 57m  ] 
INFO:  Idle: 70,  Running: 8,  Completed: 198 [  1h 57m  ] 
INFO:  Idle: 67,  Running: 8,  Completed: 201 [  1h 57m  ] 
INFO:  Idle: 66,  Running: 8,  Completed: 202 [  1h 57m  ] 
INFO:  Idle: 63,  Running: 8,  Completed: 205 [  2h 0m  ] 
INFO:  Idle: 62,  Running: 8,  Completed: 206 [  2h 0m  ] 
INFO:  Idle: 59,  Running: 8,  Completed: 209 [  2h 0m  ] 
INFO:  Idle: 57,  Running: 8,  Completed: 211 [  2h 0m  ] 
INFO:  Idle: 55,  Running: 8,  Completed: 213 [  2h 2m  ] 
INFO:  Idle: 54,  Running: 8,  Completed: 214 [  2h 2m  ] 
INFO:  Idle: 50,  Running: 8,  Completed: 218 [  2h 2m  ] 
INFO:  Idle: 48,  Running: 8,  Completed: 220 [  2h 2m  ] 
INFO:  Idle: 47,  Running: 8,  Completed: 221 [  2h 5m  ] 
INFO:  Idle: 43,  Running: 8,  Completed: 225 [  2h 5m  ] 
INFO:  Idle: 41,  Running: 8,  Completed: 227 [  2h 5m  ] 
INFO:  Idle: 39,  Running: 8,  Completed: 229 [  2h 8m  ] 
INFO:  Idle: 36,  Running: 8,  Completed: 232 [  2h 8m  ] 
INFO:  Idle: 35,  Running: 8,  Completed: 233 [  2h 8m  ] 
INFO:  Idle: 34,  Running: 8,  Completed: 234 [  2h 8m  ] 
INFO:  Idle: 32,  Running: 8,  Completed: 236 [  2h 8m  ] 
INFO:  Idle: 31,  Running: 8,  Completed: 237 [  2h 11m  ] 
INFO:  Idle: 29,  Running: 8,  Completed: 239 [  2h 11m  ] 
INFO:  Idle: 26,  Running: 8,  Completed: 242 [  2h 11m  ] 
INFO:  Idle: 23,  Running: 8,  Completed: 245 [  2h 14m  ] 
INFO:  Idle: 20,  Running: 8,  Completed: 248 [  2h 14m  ] 
INFO:  Idle: 18,  Running: 8,  Completed: 250 [  2h 14m  ] 
INFO:  Idle: 16,  Running: 8,  Completed: 252 [  2h 14m  ] 
INFO:  Idle: 15,  Running: 8,  Completed: 253 [  2h 18m  ] 
INFO:  Idle: 12,  Running: 8,  Completed: 256 [  2h 18m  ] 
INFO:  Idle: 9,  Running: 8,  Completed: 259 [  2h 18m  ] 
INFO:  Idle: 8,  Running: 8,  Completed: 260 [  2h 18m  ] 
INFO:  Idle: 7,  Running: 8,  Completed: 261 [  2h 21m  ] 
INFO:  Idle: 4,  Running: 8,  Completed: 264 [  2h 21m  ] 
INFO:  Idle: 2,  Running: 8,  Completed: 266 [  2h 21m  ] 
INFO:  Idle: 1,  Running: 8,  Completed: 267 [  2h 21m  ] 
INFO:  Idle: 0,  Running: 8,  Completed: 268 [  2h 21m  ] 
INFO:  Idle: 0,  Running: 7,  Completed: 269 [  2h 25m  ] 
INFO:  Idle: 0,  Running: 4,  Completed: 272 [  2h 25m  ] 
INFO:  Idle: 0,  Running: 2,  Completed: 274 [  2h 25m  ] 
INFO:  Idle: 0,  Running: 1,  Completed: 275 [  2h 25m  ] 
INFO: P0_gg_hh/G1 is at 398/1880 ('21%') event. Resubmit 168 job at iteration 5. 
INFO:  Idle: 160,  Running: 8,  Completed: 277 [  2h 26m  ] 
INFO:  Idle: 159,  Running: 8,  Completed: 278 [  2h 29m  ] 
INFO:  Idle: 151,  Running: 8,  Completed: 286 [  2h 33m  ] 
INFO:  Idle: 144,  Running: 8,  Completed: 293 [  2h 33m  ] 
INFO:  Idle: 143,  Running: 8,  Completed: 294 [  2h 36m  ] 
INFO:  Idle: 140,  Running: 8,  Completed: 297 [  2h 36m  ] 
INFO:  Idle: 135,  Running: 8,  Completed: 302 [  2h 40m  ] 
INFO:  Idle: 131,  Running: 8,  Completed: 306 [  2h 40m  ] 
INFO:  Idle: 127,  Running: 8,  Completed: 310 [  2h 44m  ] 
INFO:  Idle: 126,  Running: 8,  Completed: 311 [  2h 44m  ] 
INFO:  Idle: 122,  Running: 8,  Completed: 315 [  2h 44m  ] 
INFO:  Idle: 119,  Running: 8,  Completed: 318 [  2h 48m  ] 
INFO:  Idle: 115,  Running: 8,  Completed: 322 [  2h 48m  ] 
INFO:  Idle: 112,  Running: 8,  Completed: 325 [  2h 48m  ] 
INFO:  Idle: 111,  Running: 8,  Completed: 326 [  2h 52m  ] 
INFO:  Idle: 108,  Running: 8,  Completed: 329 [  2h 52m  ] 
INFO:  Idle: 105,  Running: 8,  Completed: 332 [  2h 52m  ] 
INFO:  Idle: 104,  Running: 8,  Completed: 333 [  2h 52m  ] 
INFO:  Idle: 103,  Running: 8,  Completed: 334 [  2h 56m  ] 
INFO:  Idle: 99,  Running: 8,  Completed: 338 [  2h 56m  ] 
INFO:  Idle: 95,  Running: 8,  Completed: 342 [  2h 59m  ] 
INFO:  Idle: 94,  Running: 8,  Completed: 343 [  2h 59m  ] 
INFO:  Idle: 92,  Running: 8,  Completed: 345 [  2h 59m  ] 
INFO:  Idle: 87,  Running: 8,  Completed: 350 [  3h 3m  ] 
INFO:  Idle: 86,  Running: 8,  Completed: 351 [  3h 3m  ] 
INFO:  Idle: 84,  Running: 8,  Completed: 353 [  3h 3m  ] 
INFO:  Idle: 81,  Running: 8,  Completed: 356 [  3h 3m  ] 
INFO:  Idle: 79,  Running: 8,  Completed: 358 [  3h 7m  ] 
INFO:  Idle: 78,  Running: 8,  Completed: 359 [  3h 7m  ] 
INFO:  Idle: 76,  Running: 8,  Completed: 361 [  3h 7m  ] 
INFO:  Idle: 74,  Running: 8,  Completed: 363 [  3h 7m  ] 
INFO:  Idle: 73,  Running: 8,  Completed: 364 [  3h 7m  ] 
INFO:  Idle: 71,  Running: 8,  Completed: 366 [  3h 11m  ] 
INFO:  Idle: 69,  Running: 8,  Completed: 368 [  3h 11m  ] 
INFO:  Idle: 67,  Running: 8,  Completed: 370 [  3h 11m  ] 
INFO:  Idle: 65,  Running: 8,  Completed: 372 [  3h 11m  ] 
INFO:  Idle: 64,  Running: 8,  Completed: 373 [  3h 11m  ] 
INFO:  Idle: 63,  Running: 8,  Completed: 374 [  3h 14m  ] 
INFO:  Idle: 62,  Running: 8,  Completed: 375 [  3h 14m  ] 
INFO:  Idle: 60,  Running: 8,  Completed: 377 [  3h 14m  ] 
INFO:  Idle: 57,  Running: 8,  Completed: 380 [  3h 14m  ] 
INFO:  Idle: 56,  Running: 8,  Completed: 381 [  3h 14m  ] 
INFO:  Idle: 55,  Running: 8,  Completed: 382 [  3h 18m  ] 
INFO:  Idle: 54,  Running: 8,  Completed: 383 [  3h 18m  ] 
INFO:  Idle: 52,  Running: 8,  Completed: 385 [  3h 18m  ] 
INFO:  Idle: 48,  Running: 8,  Completed: 389 [  3h 18m  ] 
INFO:  Idle: 47,  Running: 8,  Completed: 390 [  3h 21m  ] 
INFO:  Idle: 46,  Running: 8,  Completed: 391 [  3h 21m  ] 
INFO:  Idle: 44,  Running: 8,  Completed: 393 [  3h 21m  ] 
INFO:  Idle: 42,  Running: 8,  Completed: 395 [  3h 21m  ] 
INFO:  Idle: 40,  Running: 8,  Completed: 397 [  3h 21m  ] 
INFO:  Idle: 39,  Running: 8,  Completed: 398 [  3h 25m  ] 
INFO:  Idle: 38,  Running: 8,  Completed: 399 [  3h 25m  ] 
INFO:  Idle: 36,  Running: 8,  Completed: 401 [  3h 25m  ] 
INFO:  Idle: 33,  Running: 8,  Completed: 404 [  3h 25m  ] 
INFO:  Idle: 32,  Running: 8,  Completed: 405 [  3h 25m  ] 
INFO:  Idle: 31,  Running: 8,  Completed: 406 [  3h 28m  ] 
INFO:  Idle: 30,  Running: 8,  Completed: 407 [  3h 28m  ] 
INFO:  Idle: 28,  Running: 8,  Completed: 409 [  3h 28m  ] 
INFO:  Idle: 26,  Running: 8,  Completed: 411 [  3h 29m  ] 
INFO:  Idle: 24,  Running: 8,  Completed: 413 [  3h 29m  ] 
INFO:  Idle: 23,  Running: 8,  Completed: 414 [  3h 32m  ] 
INFO:  Idle: 22,  Running: 8,  Completed: 415 [  3h 32m  ] 
INFO:  Idle: 21,  Running: 8,  Completed: 416 [  3h 32m  ] 
INFO:  Idle: 18,  Running: 8,  Completed: 419 [  3h 32m  ] 
INFO:  Idle: 16,  Running: 8,  Completed: 421 [  3h 32m  ] 
INFO:  Idle: 15,  Running: 8,  Completed: 422 [  3h 36m  ] 
INFO:  Idle: 14,  Running: 8,  Completed: 423 [  3h 36m  ] 
INFO:  Idle: 12,  Running: 8,  Completed: 425 [  3h 36m  ] 
INFO:  Idle: 10,  Running: 8,  Completed: 427 [  3h 36m  ] 
INFO:  Idle: 8,  Running: 8,  Completed: 429 [  3h 36m  ] 
INFO:  Idle: 7,  Running: 8,  Completed: 430 [  3h 39m  ] 
INFO:  Idle: 6,  Running: 8,  Completed: 431 [  3h 39m  ] 
INFO:  Idle: 4,  Running: 8,  Completed: 433 [  3h 39m  ] 
INFO:  Idle: 2,  Running: 8,  Completed: 435 [  3h 40m  ] 
INFO:  Idle: 0,  Running: 8,  Completed: 437 [  3h 40m  ] 
INFO:  Idle: 0,  Running: 7,  Completed: 438 [  3h 42m  ] 
INFO:  Idle: 0,  Running: 6,  Completed: 439 [  3h 43m  ] 
INFO:  Idle: 0,  Running: 3,  Completed: 442 [  3h 43m  ] 
INFO:  Idle: 0,  Running: 2,  Completed: 443 [  3h 43m  ] 
INFO:  Idle: 1,  Running: 0,  Completed: 445 [  3h 43m  ] 
INFO: P0_gg_hh/G1 is at 756/1897 ('40%') event. Resubmit 252 job at iteration 6. 
INFO:  Idle: 244,  Running: 8,  Completed: 446 [  3h 43m  ] 
INFO:  Idle: 243,  Running: 8,  Completed: 447 [  3h 46m  ] 
INFO:  Idle: 239,  Running: 8,  Completed: 451 [  3h 46m  ] 
INFO:  Idle: 235,  Running: 8,  Completed: 455 [  3h 49m  ] 
INFO:  Idle: 233,  Running: 8,  Completed: 457 [  3h 49m  ] 
INFO:  Idle: 228,  Running: 8,  Completed: 462 [  3h 49m  ] 
INFO:  Idle: 227,  Running: 8,  Completed: 463 [  3h 52m  ] 
INFO:  Idle: 224,  Running: 8,  Completed: 466 [  3h 52m  ] 
INFO:  Idle: 221,  Running: 8,  Completed: 469 [  3h 52m  ] 
INFO:  Idle: 220,  Running: 8,  Completed: 470 [  3h 52m  ] 
INFO:  Idle: 219,  Running: 8,  Completed: 471 [  3h 56m  ] 
INFO:  Idle: 215,  Running: 8,  Completed: 475 [  3h 56m  ] 
INFO:  Idle: 213,  Running: 8,  Completed: 477 [  3h 56m  ] 
INFO:  Idle: 211,  Running: 8,  Completed: 479 [  3h 59m  ] 
INFO:  Idle: 207,  Running: 8,  Completed: 483 [  3h 59m  ] 
INFO:  Idle: 204,  Running: 8,  Completed: 486 [  3h 59m  ] 
INFO:  Idle: 203,  Running: 8,  Completed: 487 [  4h 3m  ] 
INFO:  Idle: 201,  Running: 8,  Completed: 489 [  4h 3m  ] 
INFO:  Idle: 198,  Running: 8,  Completed: 492 [  4h 3m  ] 
INFO:  Idle: 196,  Running: 8,  Completed: 494 [  4h 3m  ] 
INFO:  Idle: 195,  Running: 8,  Completed: 495 [  4h 6m  ] 
INFO:  Idle: 194,  Running: 8,  Completed: 496 [  4h 6m  ] 
INFO:  Idle: 190,  Running: 8,  Completed: 500 [  4h 6m  ] 
INFO:  Idle: 187,  Running: 8,  Completed: 503 [  4h 9m  ] 
INFO:  Idle: 186,  Running: 8,  Completed: 504 [  4h 9m  ] 
INFO:  Idle: 184,  Running: 8,  Completed: 506 [  4h 10m  ] 
INFO:  Idle: 181,  Running: 8,  Completed: 509 [  4h 10m  ] 
INFO:  Idle: 180,  Running: 8,  Completed: 510 [  4h 10m  ] 
INFO:  Idle: 179,  Running: 8,  Completed: 511 [  4h 13m  ] 
INFO:  Idle: 178,  Running: 8,  Completed: 512 [  4h 13m  ] 
INFO:  Idle: 177,  Running: 8,  Completed: 513 [  4h 13m  ] 
INFO:  Idle: 175,  Running: 8,  Completed: 515 [  4h 13m  ] 
INFO:  Idle: 173,  Running: 8,  Completed: 517 [  4h 13m  ] 
INFO:  Idle: 172,  Running: 8,  Completed: 518 [  4h 13m  ] 
INFO:  Idle: 171,  Running: 8,  Completed: 519 [  4h 15m  ] 
INFO:  Idle: 170,  Running: 8,  Completed: 520 [  4h 16m  ] 
INFO:  Idle: 168,  Running: 8,  Completed: 522 [  4h 16m  ] 
INFO:  Idle: 165,  Running: 8,  Completed: 525 [  4h 16m  ] 
INFO:  Idle: 164,  Running: 8,  Completed: 526 [  4h 16m  ] 
INFO:  Idle: 163,  Running: 8,  Completed: 527 [  4h 18m  ] 
INFO:  Idle: 162,  Running: 8,  Completed: 528 [  4h 18m  ] 
INFO:  Idle: 161,  Running: 8,  Completed: 529 [  4h 18m  ] 
INFO:  Idle: 160,  Running: 8,  Completed: 530 [  4h 18m  ] 
INFO:  Idle: 157,  Running: 8,  Completed: 533 [  4h 18m  ] 
INFO:  Idle: 156,  Running: 8,  Completed: 534 [  4h 18m  ] 
INFO:  Idle: 155,  Running: 8,  Completed: 535 [  4h 21m  ] 
INFO:  Idle: 153,  Running: 8,  Completed: 537 [  4h 21m  ] 
INFO:  Idle: 152,  Running: 8,  Completed: 538 [  4h 21m  ] 
INFO:  Idle: 149,  Running: 8,  Completed: 541 [  4h 21m  ] 
INFO:  Idle: 148,  Running: 8,  Completed: 542 [  4h 22m  ] 
INFO:  Idle: 147,  Running: 8,  Completed: 543 [  4h 24m  ] 
INFO:  Idle: 145,  Running: 8,  Completed: 545 [  4h 25m  ] 
INFO:  Idle: 144,  Running: 8,  Completed: 546 [  4h 25m  ] 
INFO:  Idle: 140,  Running: 8,  Completed: 550 [  4h 25m  ] 
INFO:  Idle: 139,  Running: 8,  Completed: 551 [  4h 28m  ] 
INFO:  Idle: 138,  Running: 8,  Completed: 552 [  4h 28m  ] 
INFO:  Idle: 137,  Running: 8,  Completed: 553 [  4h 28m  ] 
INFO:  Idle: 136,  Running: 8,  Completed: 554 [  4h 28m  ] 
INFO:  Idle: 134,  Running: 8,  Completed: 556 [  4h 28m  ] 
INFO:  Idle: 132,  Running: 8,  Completed: 558 [  4h 29m  ] 
INFO:  Idle: 131,  Running: 8,  Completed: 559 [  4h 32m  ] 
INFO:  Idle: 130,  Running: 8,  Completed: 560 [  4h 32m  ] 
INFO:  Idle: 129,  Running: 8,  Completed: 561 [  4h 32m  ] 
INFO:  Idle: 128,  Running: 8,  Completed: 562 [  4h 32m  ] 
INFO:  Idle: 125,  Running: 8,  Completed: 565 [  4h 32m  ] 
INFO:  Idle: 124,  Running: 8,  Completed: 566 [  4h 33m  ] 
INFO:  Idle: 123,  Running: 8,  Completed: 567 [  4h 35m  ] 
INFO:  Idle: 121,  Running: 8,  Completed: 569 [  4h 36m  ] 
INFO:  Idle: 120,  Running: 8,  Completed: 570 [  4h 36m  ] 
INFO:  Idle: 118,  Running: 8,  Completed: 572 [  4h 36m  ] 
INFO:  Idle: 116,  Running: 8,  Completed: 574 [  4h 36m  ] 
INFO:  Idle: 115,  Running: 8,  Completed: 575 [  4h 38m  ] 
INFO:  Idle: 113,  Running: 8,  Completed: 577 [  4h 38m  ] 
INFO:  Idle: 110,  Running: 8,  Completed: 580 [  4h 38m  ] 
INFO:  Idle: 108,  Running: 8,  Completed: 582 [  4h 38m  ] 
INFO:  Idle: 107,  Running: 8,  Completed: 583 [  4h 41m  ] 
INFO:  Idle: 106,  Running: 8,  Completed: 584 [  4h 41m  ] 
INFO:  Idle: 105,  Running: 8,  Completed: 585 [  4h 41m  ] 
INFO:  Idle: 104,  Running: 8,  Completed: 586 [  4h 41m  ] 
INFO:  Idle: 102,  Running: 8,  Completed: 588 [  4h 41m  ] 
INFO:  Idle: 100,  Running: 8,  Completed: 590 [  4h 41m  ] 
INFO:  Idle: 99,  Running: 8,  Completed: 591 [  4h 43m  ] 
INFO:  Idle: 97,  Running: 8,  Completed: 593 [  4h 44m  ] 
INFO:  Idle: 96,  Running: 8,  Completed: 594 [  4h 44m  ] 
INFO:  Idle: 95,  Running: 8,  Completed: 595 [  4h 44m  ] 
INFO:  Idle: 94,  Running: 8,  Completed: 596 [  4h 44m  ] 
INFO:  Idle: 92,  Running: 8,  Completed: 598 [  4h 44m  ] 
INFO:  Idle: 91,  Running: 8,  Completed: 599 [  4h 46m  ] 
INFO:  Idle: 90,  Running: 8,  Completed: 600 [  4h 46m  ] 
INFO:  Idle: 89,  Running: 8,  Completed: 601 [  4h 46m  ] 
INFO:  Idle: 87,  Running: 8,  Completed: 603 [  4h 46m  ] 
INFO:  Idle: 86,  Running: 8,  Completed: 604 [  4h 46m  ] 
INFO:  Idle: 84,  Running: 8,  Completed: 606 [  4h 47m  ] 
INFO:  Idle: 83,  Running: 8,  Completed: 607 [  4h 49m  ] 
INFO:  Idle: 82,  Running: 8,  Completed: 608 [  4h 49m  ] 
INFO:  Idle: 80,  Running: 8,  Completed: 610 [  4h 49m  ] 
INFO:  Idle: 79,  Running: 8,  Completed: 611 [  4h 49m  ] 
INFO:  Idle: 77,  Running: 8,  Completed: 613 [  4h 49m  ] 
INFO:  Idle: 76,  Running: 8,  Completed: 614 [  4h 50m  ] 
INFO:  Idle: 75,  Running: 8,  Completed: 615 [  4h 52m  ] 
INFO:  Idle: 74,  Running: 8,  Completed: 616 [  4h 52m  ] 
INFO:  Idle: 72,  Running: 8,  Completed: 618 [  4h 52m  ] 
INFO:  Idle: 71,  Running: 8,  Completed: 619 [  4h 52m  ] 
INFO:  Idle: 69,  Running: 8,  Completed: 621 [  4h 52m  ] 
INFO:  Idle: 68,  Running: 8,  Completed: 622 [  4h 52m  ] 
INFO:  Idle: 67,  Running: 8,  Completed: 623 [  4h 55m  ] 
INFO:  Idle: 66,  Running: 8,  Completed: 624 [  4h 55m  ] 
INFO:  Idle: 65,  Running: 8,  Completed: 625 [  4h 55m  ] 
INFO:  Idle: 64,  Running: 8,  Completed: 626 [  4h 55m  ] 
INFO:  Idle: 63,  Running: 8,  Completed: 627 [  4h 55m  ] 
INFO:  Idle: 61,  Running: 8,  Completed: 629 [  4h 56m  ] 
INFO:  Idle: 60,  Running: 8,  Completed: 630 [  4h 56m  ] 
INFO:  Idle: 59,  Running: 8,  Completed: 631 [  4h 59m  ] 
INFO:  Idle: 58,  Running: 8,  Completed: 632 [  4h 59m  ] 
INFO:  Idle: 56,  Running: 8,  Completed: 634 [  4h 59m  ] 
INFO:  Idle: 55,  Running: 8,  Completed: 635 [  4h 59m  ] 
INFO:  Idle: 53,  Running: 8,  Completed: 637 [  4h 59m  ] 
INFO:  Idle: 52,  Running: 8,  Completed: 638 [  4h 59m  ] 
INFO:  Idle: 51,  Running: 8,  Completed: 639 [  5h 2m  ] 
INFO:  Idle: 50,  Running: 8,  Completed: 640 [  5h 2m  ] 
INFO:  Idle: 48,  Running: 8,  Completed: 642 [  5h 2m  ] 
INFO:  Idle: 47,  Running: 8,  Completed: 643 [  5h 2m  ] 
INFO:  Idle: 45,  Running: 8,  Completed: 645 [  5h 2m  ] 
INFO:  Idle: 44,  Running: 8,  Completed: 646 [  5h 2m  ] 
INFO:  Idle: 43,  Running: 8,  Completed: 647 [  5h 5m  ] 
INFO:  Idle: 42,  Running: 8,  Completed: 648 [  5h 5m  ] 
INFO:  Idle: 39,  Running: 8,  Completed: 651 [  5h 5m  ] 
INFO:  Idle: 38,  Running: 8,  Completed: 652 [  5h 5m  ] 
INFO:  Idle: 37,  Running: 8,  Completed: 653 [  5h 5m  ] 
INFO:  Idle: 35,  Running: 8,  Completed: 655 [  5h 7m  ] 
INFO:  Idle: 34,  Running: 8,  Completed: 656 [  5h 7m  ] 
INFO:  Idle: 30,  Running: 8,  Completed: 660 [  5h 7m  ] 
INFO:  Idle: 28,  Running: 8,  Completed: 662 [  5h 7m  ] 
INFO:  Idle: 27,  Running: 8,  Completed: 663 [  5h 9m  ] 
INFO:  Idle: 26,  Running: 8,  Completed: 664 [  5h 9m  ] 
INFO:  Idle: 24,  Running: 8,  Completed: 666 [  5h 9m  ] 
INFO:  Idle: 23,  Running: 8,  Completed: 667 [  5h 10m  ] 
INFO:  Idle: 22,  Running: 8,  Completed: 668 [  5h 10m  ] 
INFO:  Idle: 20,  Running: 8,  Completed: 670 [  5h 10m  ] 
INFO:  Idle: 19,  Running: 8,  Completed: 671 [  5h 12m  ] 
INFO:  Idle: 18,  Running: 8,  Completed: 672 [  5h 12m  ] 
INFO:  Idle: 16,  Running: 8,  Completed: 674 [  5h 12m  ] 
INFO:  Idle: 15,  Running: 8,  Completed: 675 [  5h 12m  ] 
INFO:  Idle: 14,  Running: 8,  Completed: 676 [  5h 12m  ] 
INFO:  Idle: 12,  Running: 8,  Completed: 678 [  5h 12m  ] 
INFO:  Idle: 11,  Running: 8,  Completed: 679 [  5h 15m  ] 
INFO:  Idle: 10,  Running: 8,  Completed: 680 [  5h 15m  ] 
INFO:  Idle: 7,  Running: 8,  Completed: 683 [  5h 15m  ] 
INFO:  Idle: 6,  Running: 8,  Completed: 684 [  5h 15m  ] 
INFO:  Idle: 4,  Running: 8,  Completed: 686 [  5h 15m  ] 
INFO:  Idle: 3,  Running: 8,  Completed: 687 [  5h 17m  ] 
INFO:  Idle: 2,  Running: 8,  Completed: 688 [  5h 17m  ] 
INFO:  Idle: 0,  Running: 8,  Completed: 690 [  5h 17m  ] 
INFO:  Idle: 0,  Running: 7,  Completed: 691 [  5h 17m  ] 
INFO:  Idle: 0,  Running: 4,  Completed: 694 [  5h 17m  ] 
INFO:  Idle: 0,  Running: 3,  Completed: 695 [  5h 19m  ] 
INFO:  Idle: 0,  Running: 2,  Completed: 696 [  5h 19m  ] 
INFO: P0_gg_hh/G1 is at 434/1907 ('23%') event. Resubmit 378 job at iteration 7. 
INFO:  Idle: 370,  Running: 8,  Completed: 699 [  5h 20m  ] 
INFO:  Idle: 369,  Running: 8,  Completed: 700 [  5h 23m  ] 
INFO:  Idle: 362,  Running: 8,  Completed: 707 [  5h 23m  ] 
INFO:  Idle: 361,  Running: 8,  Completed: 708 [  5h 26m  ] 
INFO:  Idle: 358,  Running: 8,  Completed: 711 [  5h 26m  ] 
INFO:  Idle: 354,  Running: 8,  Completed: 715 [  5h 26m  ] 
INFO:  Idle: 353,  Running: 8,  Completed: 716 [  5h 29m  ] 
INFO:  Idle: 350,  Running: 8,  Completed: 719 [  5h 29m  ] 
INFO:  Idle: 346,  Running: 8,  Completed: 723 [  5h 30m  ] 
INFO:  Idle: 345,  Running: 8,  Completed: 724 [  5h 32m  ] 
INFO:  Idle: 341,  Running: 8,  Completed: 728 [  5h 32m  ] 
INFO:  Idle: 338,  Running: 8,  Completed: 731 [  5h 33m  ] 
INFO:  Idle: 337,  Running: 8,  Completed: 732 [  5h 35m  ] 
INFO:  Idle: 334,  Running: 8,  Completed: 735 [  5h 35m  ] 
INFO:  Idle: 330,  Running: 8,  Completed: 739 [  5h 35m  ] 
INFO:  Idle: 329,  Running: 8,  Completed: 740 [  5h 38m  ] 
INFO:  Idle: 327,  Running: 8,  Completed: 742 [  5h 38m  ] 
INFO:  Idle: 325,  Running: 8,  Completed: 744 [  5h 38m  ] 
INFO:  Idle: 322,  Running: 8,  Completed: 747 [  5h 38m  ] 
INFO:  Idle: 321,  Running: 8,  Completed: 748 [  5h 40m  ] 
INFO:  Idle: 318,  Running: 8,  Completed: 751 [  5h 41m  ] 
INFO:  Idle: 316,  Running: 8,  Completed: 753 [  5h 41m  ] 
INFO:  Idle: 314,  Running: 8,  Completed: 755 [  5h 41m  ] 
INFO:  Idle: 313,  Running: 8,  Completed: 756 [  5h 44m  ] 
INFO:  Idle: 310,  Running: 8,  Completed: 759 [  5h 44m  ] 
INFO:  Idle: 308,  Running: 8,  Completed: 761 [  5h 44m  ] 
INFO:  Idle: 306,  Running: 8,  Completed: 763 [  5h 44m  ] 
INFO:  Idle: 305,  Running: 8,  Completed: 764 [  5h 47m  ] 
INFO:  Idle: 302,  Running: 8,  Completed: 767 [  5h 47m  ] 
INFO:  Idle: 300,  Running: 8,  Completed: 769 [  5h 47m  ] 
INFO:  Idle: 298,  Running: 8,  Completed: 771 [  5h 47m  ] 
INFO:  Idle: 297,  Running: 8,  Completed: 772 [  5h 49m  ] 
INFO:  Idle: 294,  Running: 8,  Completed: 775 [  5h 50m  ] 
INFO:  Idle: 292,  Running: 8,  Completed: 777 [  5h 50m  ] 
INFO:  Idle: 290,  Running: 8,  Completed: 779 [  5h 50m  ] 
INFO:  Idle: 289,  Running: 8,  Completed: 780 [  5h 52m  ] 
INFO:  Idle: 287,  Running: 8,  Completed: 782 [  5h 52m  ] 
INFO:  Idle: 284,  Running: 8,  Completed: 785 [  5h 53m  ] 
INFO:  Idle: 282,  Running: 8,  Completed: 787 [  5h 53m  ] 
INFO:  Idle: 281,  Running: 8,  Completed: 788 [  5h 56m  ] 
INFO:  Idle: 280,  Running: 8,  Completed: 789 [  5h 56m  ] 
INFO:  Idle: 277,  Running: 8,  Completed: 792 [  5h 56m  ] 
INFO:  Idle: 276,  Running: 8,  Completed: 793 [  5h 56m  ] 
INFO:  Idle: 274,  Running: 8,  Completed: 795 [  5h 56m  ] 
INFO:  Idle: 273,  Running: 8,  Completed: 796 [  5h 59m  ] 
INFO:  Idle: 270,  Running: 8,  Completed: 799 [  5h 59m  ] 
INFO:  Idle: 268,  Running: 8,  Completed: 801 [  5h 59m  ] 
INFO:  Idle: 266,  Running: 8,  Completed: 803 [  5h 59m  ] 
INFO:  Idle: 265,  Running: 8,  Completed: 804 [  6h 2m  ] 
INFO:  Idle: 262,  Running: 8,  Completed: 807 [  6h 2m  ] 
INFO:  Idle: 260,  Running: 8,  Completed: 809 [  6h 2m  ] 
INFO:  Idle: 258,  Running: 8,  Completed: 811 [  6h 2m  ] 
INFO:  Idle: 257,  Running: 8,  Completed: 812 [  6h 5m  ] 
INFO:  Idle: 255,  Running: 8,  Completed: 814 [  6h 5m  ] 
INFO:  Idle: 253,  Running: 8,  Completed: 816 [  6h 5m  ] 
INFO:  Idle: 252,  Running: 8,  Completed: 817 [  6h 5m  ] 
INFO:  Idle: 251,  Running: 8,  Completed: 818 [  6h 5m  ] 
INFO:  Idle: 250,  Running: 8,  Completed: 819 [  6h 5m  ] 
INFO:  Idle: 249,  Running: 8,  Completed: 820 [  6h 7m  ] 
INFO:  Idle: 248,  Running: 8,  Completed: 821 [  6h 8m  ] 
INFO:  Idle: 246,  Running: 8,  Completed: 823 [  6h 8m  ] 
INFO:  Idle: 244,  Running: 8,  Completed: 825 [  6h 8m  ] 
INFO:  Idle: 243,  Running: 8,  Completed: 826 [  6h 8m  ] 
INFO:  Idle: 242,  Running: 8,  Completed: 827 [  6h 8m  ] 
INFO:  Idle: 241,  Running: 8,  Completed: 828 [  6h 10m  ] 
INFO:  Idle: 239,  Running: 8,  Completed: 830 [  6h 10m  ] 
INFO:  Idle: 238,  Running: 8,  Completed: 831 [  6h 10m  ] 
INFO:  Idle: 236,  Running: 8,  Completed: 833 [  6h 11m  ] 
INFO:  Idle: 234,  Running: 8,  Completed: 835 [  6h 11m  ] 
INFO:  Idle: 233,  Running: 8,  Completed: 836 [  6h 13m  ] 
INFO:  Idle: 231,  Running: 8,  Completed: 838 [  6h 13m  ] 
INFO:  Idle: 230,  Running: 8,  Completed: 839 [  6h 13m  ] 
INFO:  Idle: 228,  Running: 8,  Completed: 841 [  6h 13m  ] 
INFO:  Idle: 226,  Running: 8,  Completed: 843 [  6h 13m  ] 
INFO:  Idle: 225,  Running: 8,  Completed: 844 [  6h 15m  ] 
INFO:  Idle: 222,  Running: 8,  Completed: 847 [  6h 15m  ] 
INFO:  Idle: 220,  Running: 8,  Completed: 849 [  6h 16m  ] 
INFO:  Idle: 218,  Running: 8,  Completed: 851 [  6h 16m  ] 
INFO:  Idle: 217,  Running: 8,  Completed: 852 [  6h 18m  ] 
INFO:  Idle: 214,  Running: 8,  Completed: 855 [  6h 18m  ] 
INFO:  Idle: 212,  Running: 8,  Completed: 857 [  6h 18m  ] 
INFO:  Idle: 210,  Running: 8,  Completed: 859 [  6h 18m  ] 
INFO:  Idle: 209,  Running: 8,  Completed: 860 [  6h 20m  ] 
INFO:  Idle: 208,  Running: 8,  Completed: 861 [  6h 20m  ] 
INFO:  Idle: 206,  Running: 8,  Completed: 863 [  6h 20m  ] 
INFO:  Idle: 205,  Running: 8,  Completed: 864 [  6h 20m  ] 
INFO:  Idle: 202,  Running: 8,  Completed: 867 [  6h 20m  ] 
INFO:  Idle: 201,  Running: 8,  Completed: 868 [  6h 23m  ] 
INFO:  Idle: 199,  Running: 8,  Completed: 870 [  6h 23m  ] 
INFO:  Idle: 197,  Running: 8,  Completed: 872 [  6h 23m  ] 
INFO:  Idle: 196,  Running: 8,  Completed: 873 [  6h 23m  ] 
INFO:  Idle: 194,  Running: 8,  Completed: 875 [  6h 23m  ] 
INFO:  Idle: 193,  Running: 8,  Completed: 876 [  6h 26m  ] 
INFO:  Idle: 192,  Running: 8,  Completed: 877 [  6h 26m  ] 
INFO:  Idle: 191,  Running: 8,  Completed: 878 [  6h 26m  ] 
INFO:  Idle: 189,  Running: 8,  Completed: 880 [  6h 26m  ] 
INFO:  Idle: 188,  Running: 8,  Completed: 881 [  6h 26m  ] 
INFO:  Idle: 186,  Running: 8,  Completed: 883 [  6h 26m  ] 
INFO:  Idle: 185,  Running: 8,  Completed: 884 [  6h 29m  ] 
INFO:  Idle: 184,  Running: 8,  Completed: 885 [  6h 29m  ] 
INFO:  Idle: 183,  Running: 8,  Completed: 886 [  6h 29m  ] 
INFO:  Idle: 180,  Running: 8,  Completed: 889 [  6h 29m  ] 
INFO:  Idle: 178,  Running: 8,  Completed: 891 [  6h 29m  ] 
INFO:  Idle: 177,  Running: 8,  Completed: 892 [  6h 31m  ] 
INFO:  Idle: 176,  Running: 8,  Completed: 893 [  6h 31m  ] 
INFO:  Idle: 173,  Running: 8,  Completed: 896 [  6h 31m  ] 
INFO:  Idle: 171,  Running: 8,  Completed: 898 [  6h 31m  ] 
INFO:  Idle: 170,  Running: 8,  Completed: 899 [  6h 32m  ] 
INFO:  Idle: 169,  Running: 8,  Completed: 900 [  6h 33m  ] 
INFO:  Idle: 168,  Running: 8,  Completed: 901 [  6h 34m  ] 
INFO:  Idle: 167,  Running: 8,  Completed: 902 [  6h 34m  ] 
INFO:  Idle: 163,  Running: 8,  Completed: 906 [  6h 34m  ] 
INFO:  Idle: 161,  Running: 8,  Completed: 908 [  6h 36m  ] 
INFO:  Idle: 160,  Running: 8,  Completed: 909 [  6h 36m  ] 
INFO:  Idle: 158,  Running: 8,  Completed: 911 [  6h 36m  ] 
INFO:  Idle: 155,  Running: 8,  Completed: 914 [  6h 36m  ] 
INFO:  Idle: 153,  Running: 8,  Completed: 916 [  6h 39m  ] 
INFO:  Idle: 152,  Running: 8,  Completed: 917 [  6h 39m  ] 
INFO:  Idle: 149,  Running: 8,  Completed: 920 [  6h 39m  ] 
INFO:  Idle: 147,  Running: 8,  Completed: 922 [  6h 39m  ] 
INFO:  Idle: 146,  Running: 8,  Completed: 923 [  6h 39m  ] 
INFO:  Idle: 145,  Running: 8,  Completed: 924 [  6h 42m  ] 
INFO:  Idle: 144,  Running: 8,  Completed: 925 [  6h 42m  ] 
INFO:  Idle: 142,  Running: 8,  Completed: 927 [  6h 42m  ] 
INFO:  Idle: 140,  Running: 8,  Completed: 929 [  6h 42m  ] 
INFO:  Idle: 139,  Running: 8,  Completed: 930 [  6h 42m  ] 
INFO:  Idle: 138,  Running: 8,  Completed: 931 [  6h 42m  ] 
INFO:  Idle: 137,  Running: 8,  Completed: 932 [  6h 45m  ] 
INFO:  Idle: 136,  Running: 8,  Completed: 933 [  6h 45m  ] 
INFO:  Idle: 133,  Running: 8,  Completed: 936 [  6h 45m  ] 
INFO:  Idle: 130,  Running: 8,  Completed: 939 [  6h 45m  ] 
INFO:  Idle: 129,  Running: 8,  Completed: 940 [  6h 48m  ] 
INFO:  Idle: 128,  Running: 8,  Completed: 941 [  6h 48m  ] 
INFO:  Idle: 125,  Running: 8,  Completed: 944 [  6h 48m  ] 
INFO:  Idle: 122,  Running: 8,  Completed: 947 [  6h 48m  ] 
INFO:  Idle: 121,  Running: 8,  Completed: 948 [  6h 50m  ] 
INFO:  Idle: 120,  Running: 8,  Completed: 949 [  6h 51m  ] 
INFO:  Idle: 118,  Running: 8,  Completed: 951 [  6h 51m  ] 
INFO:  Idle: 117,  Running: 8,  Completed: 952 [  6h 51m  ] 
INFO:  Idle: 114,  Running: 8,  Completed: 955 [  6h 51m  ] 
INFO:  Idle: 113,  Running: 8,  Completed: 956 [  6h 53m  ] 
INFO:  Idle: 112,  Running: 8,  Completed: 957 [  6h 53m  ] 
INFO:  Idle: 111,  Running: 8,  Completed: 958 [  6h 53m  ] 
INFO:  Idle: 109,  Running: 8,  Completed: 960 [  6h 53m  ] 
INFO:  Idle: 106,  Running: 8,  Completed: 963 [  6h 54m  ] 
INFO:  Idle: 105,  Running: 8,  Completed: 964 [  6h 56m  ] 
INFO:  Idle: 104,  Running: 8,  Completed: 965 [  6h 56m  ] 
INFO:  Idle: 102,  Running: 8,  Completed: 967 [  6h 56m  ] 
INFO:  Idle: 100,  Running: 8,  Completed: 969 [  6h 56m  ] 
INFO:  Idle: 98,  Running: 8,  Completed: 971 [  6h 56m  ] 
INFO:  Idle: 97,  Running: 8,  Completed: 972 [  6h 58m  ] 
INFO:  Idle: 96,  Running: 8,  Completed: 973 [  6h 58m  ] 
INFO:  Idle: 95,  Running: 8,  Completed: 974 [  6h 58m  ] 
INFO:  Idle: 93,  Running: 8,  Completed: 976 [  6h 58m  ] 
INFO:  Idle: 91,  Running: 8,  Completed: 978 [  6h 59m  ] 
INFO:  Idle: 90,  Running: 8,  Completed: 979 [  6h 59m  ] 
INFO:  Idle: 89,  Running: 8,  Completed: 980 [  7h 1m  ] 
INFO:  Idle: 88,  Running: 8,  Completed: 981 [  7h 1m  ] 
INFO:  Idle: 87,  Running: 8,  Completed: 982 [  7h 1m  ] 
INFO:  Idle: 85,  Running: 8,  Completed: 984 [  7h 1m  ] 
INFO:  Idle: 84,  Running: 8,  Completed: 985 [  7h 1m  ] 
INFO:  Idle: 82,  Running: 8,  Completed: 987 [  7h 1m  ] 
INFO:  Idle: 81,  Running: 8,  Completed: 988 [  7h 3m  ] 
INFO:  Idle: 80,  Running: 8,  Completed: 989 [  7h 3m  ] 
INFO:  Idle: 79,  Running: 8,  Completed: 990 [  7h 3m  ] 
INFO:  Idle: 78,  Running: 8,  Completed: 991 [  7h 4m  ] 
INFO:  Idle: 76,  Running: 8,  Completed: 993 [  7h 4m  ] 
INFO:  Idle: 74,  Running: 8,  Completed: 995 [  7h 4m  ] 
INFO:  Idle: 73,  Running: 8,  Completed: 996 [  7h 6m  ] 
INFO:  Idle: 72,  Running: 8,  Completed: 997 [  7h 6m  ] 
INFO:  Idle: 71,  Running: 8,  Completed: 998 [  7h 6m  ] 
INFO:  Idle: 70,  Running: 8,  Completed: 999 [  7h 6m  ] 
INFO:  Idle: 67,  Running: 8,  Completed: 1002 [  7h 6m  ] 
INFO:  Idle: 66,  Running: 8,  Completed: 1003 [  7h 6m  ] 
INFO:  Idle: 65,  Running: 8,  Completed: 1004 [  7h 8m  ] 
INFO:  Idle: 64,  Running: 8,  Completed: 1005 [  7h 8m  ] 
INFO:  Idle: 63,  Running: 8,  Completed: 1006 [  7h 9m  ] 
INFO:  Idle: 62,  Running: 8,  Completed: 1007 [  7h 9m  ] 
INFO:  Idle: 60,  Running: 8,  Completed: 1009 [  7h 9m  ] 
INFO:  Idle: 58,  Running: 8,  Completed: 1011 [  7h 9m  ] 
INFO:  Idle: 57,  Running: 8,  Completed: 1012 [  7h 11m  ] 
INFO:  Idle: 56,  Running: 8,  Completed: 1013 [  7h 11m  ] 
INFO:  Idle: 55,  Running: 8,  Completed: 1014 [  7h 11m  ] 
INFO:  Idle: 53,  Running: 8,  Completed: 1016 [  7h 11m  ] 
INFO:  Idle: 50,  Running: 8,  Completed: 1019 [  7h 11m  ] 
INFO:  Idle: 49,  Running: 8,  Completed: 1020 [  7h 13m  ] 
INFO:  Idle: 48,  Running: 8,  Completed: 1021 [  7h 13m  ] 
INFO:  Idle: 47,  Running: 8,  Completed: 1022 [  7h 14m  ] 
INFO:  Idle: 45,  Running: 8,  Completed: 1024 [  7h 14m  ] 
INFO:  Idle: 42,  Running: 8,  Completed: 1027 [  7h 14m  ] 
INFO:  Idle: 41,  Running: 8,  Completed: 1028 [  7h 16m  ] 
INFO:  Idle: 39,  Running: 8,  Completed: 1030 [  7h 16m  ] 
INFO:  Idle: 36,  Running: 8,  Completed: 1033 [  7h 16m  ] 
INFO:  Idle: 34,  Running: 8,  Completed: 1035 [  7h 16m  ] 
INFO:  Idle: 33,  Running: 8,  Completed: 1036 [  7h 19m  ] 
INFO:  Idle: 31,  Running: 8,  Completed: 1038 [  7h 19m  ] 
INFO:  Idle: 29,  Running: 8,  Completed: 1040 [  7h 19m  ] 
INFO:  Idle: 27,  Running: 8,  Completed: 1042 [  7h 19m  ] 
INFO:  Idle: 26,  Running: 8,  Completed: 1043 [  7h 19m  ] 
INFO:  Idle: 25,  Running: 8,  Completed: 1044 [  7h 21m  ] 
INFO:  Idle: 24,  Running: 8,  Completed: 1045 [  7h 22m  ] 
INFO:  Idle: 23,  Running: 8,  Completed: 1046 [  7h 22m  ] 
INFO:  Idle: 21,  Running: 8,  Completed: 1048 [  7h 22m  ] 
INFO:  Idle: 18,  Running: 8,  Completed: 1051 [  7h 22m  ] 
INFO:  Idle: 17,  Running: 8,  Completed: 1052 [  7h 24m  ] 
INFO:  Idle: 15,  Running: 8,  Completed: 1054 [  7h 25m  ] 
INFO:  Idle: 13,  Running: 8,  Completed: 1056 [  7h 25m  ] 
INFO:  Idle: 9,  Running: 8,  Completed: 1060 [  7h 27m  ] 
INFO:  Idle: 7,  Running: 8,  Completed: 1062 [  7h 27m  ] 
INFO:  Idle: 5,  Running: 8,  Completed: 1064 [  7h 27m  ] 
INFO:  Idle: 1,  Running: 8,  Completed: 1068 [  7h 29m  ] 
INFO:  Idle: 0,  Running: 8,  Completed: 1069 [  7h 29m  ] 
INFO:  Idle: 0,  Running: 7,  Completed: 1070 [  7h 30m  ] 
INFO:  Idle: 0,  Running: 5,  Completed: 1072 [  7h 30m  ] 
INFO:  Idle: 0,  Running: 3,  Completed: 1074 [  7h 30m  ] 
INFO:  Idle: 0,  Running: 1,  Completed: 1076 [  7h 32m  ] 
INFO:  Idle: 1,  Running: 0,  Completed: 1077 [  7h 32m  ] 
INFO: P0_gg_hh/G1 is at 383/1916 ('20%') event. Resubmit 567 job at iteration 8. 
INFO:  Idle: 559,  Running: 8,  Completed: 1078 [  7h 32m  ] 
INFO:  Idle: 558,  Running: 8,  Completed: 1079 [  7h 35m  ] 
INFO:  Idle: 551,  Running: 8,  Completed: 1086 [  7h 35m  ] 
INFO:  Idle: 550,  Running: 8,  Completed: 1087 [  7h 37m  ] 
INFO:  Idle: 542,  Running: 8,  Completed: 1095 [  7h 39m  ] 
INFO:  Idle: 535,  Running: 8,  Completed: 1102 [  7h 40m  ] 
INFO:  Idle: 534,  Running: 8,  Completed: 1103 [  7h 42m  ] 
INFO:  Idle: 529,  Running: 8,  Completed: 1108 [  7h 42m  ] 
INFO:  Idle: 527,  Running: 8,  Completed: 1110 [  7h 42m  ] 
INFO:  Idle: 526,  Running: 8,  Completed: 1111 [  7h 44m  ] 
INFO:  Idle: 522,  Running: 8,  Completed: 1115 [  7h 44m  ] 
INFO:  Idle: 519,  Running: 8,  Completed: 1118 [  7h 44m  ] 
INFO:  Idle: 518,  Running: 8,  Completed: 1119 [  7h 46m  ] 
INFO:  Idle: 514,  Running: 8,  Completed: 1123 [  7h 46m  ] 
INFO:  Idle: 511,  Running: 8,  Completed: 1126 [  7h 46m  ] 
INFO:  Idle: 510,  Running: 8,  Completed: 1127 [  7h 48m  ] 
INFO:  Idle: 507,  Running: 8,  Completed: 1130 [  7h 48m  ] 
INFO:  Idle: 503,  Running: 8,  Completed: 1134 [  7h 48m  ] 
INFO:  Idle: 502,  Running: 8,  Completed: 1135 [  7h 49m  ] 
INFO:  Idle: 501,  Running: 8,  Completed: 1136 [  7h 49m  ] 
INFO:  Idle: 497,  Running: 8,  Completed: 1140 [  7h 50m  ] 
INFO:  Idle: 494,  Running: 8,  Completed: 1143 [  7h 51m  ] 
INFO:  Idle: 492,  Running: 8,  Completed: 1145 [  7h 51m  ] 
INFO:  Idle: 490,  Running: 8,  Completed: 1147 [  7h 52m  ] 
INFO:  Idle: 486,  Running: 8,  Completed: 1151 [  7h 53m  ] 
INFO:  Idle: 485,  Running: 8,  Completed: 1152 [  7h 53m  ] 
INFO:  Idle: 480,  Running: 8,  Completed: 1157 [  7h 53m  ] 
INFO:  Idle: 478,  Running: 8,  Completed: 1159 [  7h 55m  ] 
INFO:  Idle: 477,  Running: 8,  Completed: 1160 [  7h 55m  ] 
INFO:  Idle: 473,  Running: 8,  Completed: 1164 [  7h 55m  ] 
INFO:  Idle: 471,  Running: 8,  Completed: 1166 [  7h 56m  ] 
INFO:  Idle: 470,  Running: 8,  Completed: 1167 [  7h 57m  ] 
INFO:  Idle: 468,  Running: 8,  Completed: 1169 [  7h 58m  ] 
INFO:  Idle: 465,  Running: 8,  Completed: 1172 [  7h 58m  ] 
INFO:  Idle: 463,  Running: 8,  Completed: 1174 [  7h 58m  ] 
INFO:  Idle: 462,  Running: 8,  Completed: 1175 [  8h 0m  ] 
INFO:  Idle: 459,  Running: 8,  Completed: 1178 [  8h 0m  ] 
INFO:  Idle: 458,  Running: 8,  Completed: 1179 [  8h 0m  ] 
INFO:  Idle: 456,  Running: 8,  Completed: 1181 [  8h 0m  ] 
INFO:  Idle: 455,  Running: 8,  Completed: 1182 [  8h 0m  ] 
INFO:  Idle: 454,  Running: 8,  Completed: 1183 [  8h 2m  ] 
INFO:  Idle: 452,  Running: 8,  Completed: 1185 [  8h 2m  ] 
INFO:  Idle: 450,  Running: 8,  Completed: 1187 [  8h 3m  ] 
INFO:  Idle: 449,  Running: 8,  Completed: 1188 [  8h 3m  ] 
INFO:  Idle: 447,  Running: 8,  Completed: 1190 [  8h 3m  ] 
INFO:  Idle: 446,  Running: 8,  Completed: 1191 [  8h 5m  ] 
INFO:  Idle: 444,  Running: 8,  Completed: 1193 [  8h 5m  ] 
INFO:  Idle: 443,  Running: 8,  Completed: 1194 [  8h 5m  ] 
INFO:  Idle: 441,  Running: 8,  Completed: 1196 [  8h 5m  ] 
INFO:  Idle: 439,  Running: 8,  Completed: 1198 [  8h 5m  ] 
INFO:  Idle: 438,  Running: 8,  Completed: 1199 [  8h 7m  ] 
INFO:  Idle: 436,  Running: 8,  Completed: 1201 [  8h 7m  ] 
INFO:  Idle: 434,  Running: 8,  Completed: 1203 [  8h 8m  ] 
INFO:  Idle: 433,  Running: 8,  Completed: 1204 [  8h 8m  ] 
INFO:  Idle: 431,  Running: 8,  Completed: 1206 [  8h 8m  ] 
INFO:  Idle: 430,  Running: 8,  Completed: 1207 [  8h 10m  ] 
INFO:  Idle: 428,  Running: 8,  Completed: 1209 [  8h 10m  ] 
INFO:  Idle: 425,  Running: 8,  Completed: 1212 [  8h 10m  ] 
INFO:  Idle: 423,  Running: 8,  Completed: 1214 [  8h 10m  ] 
INFO:  Idle: 422,  Running: 8,  Completed: 1215 [  8h 13m  ] 
INFO:  Idle: 420,  Running: 8,  Completed: 1217 [  8h 13m  ] 
INFO:  Idle: 417,  Running: 8,  Completed: 1220 [  8h 13m  ] 
INFO:  Idle: 415,  Running: 8,  Completed: 1222 [  8h 13m  ] 
INFO:  Idle: 414,  Running: 8,  Completed: 1223 [  8h 15m  ] 
INFO:  Idle: 412,  Running: 8,  Completed: 1225 [  8h 16m  ] 
INFO:  Idle: 409,  Running: 8,  Completed: 1228 [  8h 16m  ] 
INFO:  Idle: 407,  Running: 8,  Completed: 1230 [  8h 16m  ] 
INFO:  Idle: 406,  Running: 8,  Completed: 1231 [  8h 18m  ] 
INFO:  Idle: 404,  Running: 8,  Completed: 1233 [  8h 18m  ] 
INFO:  Idle: 400,  Running: 8,  Completed: 1237 [  8h 18m  ] 
INFO:  Idle: 398,  Running: 8,  Completed: 1239 [  8h 20m  ] 
INFO:  Idle: 397,  Running: 8,  Completed: 1240 [  8h 20m  ] 
INFO:  Idle: 396,  Running: 8,  Completed: 1241 [  8h 20m  ] 
INFO:  Idle: 392,  Running: 8,  Completed: 1245 [  8h 20m  ] 
INFO:  Idle: 391,  Running: 8,  Completed: 1246 [  8h 20m  ] 
INFO:  Idle: 390,  Running: 8,  Completed: 1247 [  8h 22m  ] 
INFO:  Idle: 389,  Running: 8,  Completed: 1248 [  8h 22m  ] 
INFO:  Idle: 388,  Running: 8,  Completed: 1249 [  8h 22m  ] 
INFO:  Idle: 386,  Running: 8,  Completed: 1251 [  8h 22m  ] 
INFO:  Idle: 383,  Running: 8,  Completed: 1254 [  8h 23m  ] 
INFO:  Idle: 382,  Running: 8,  Completed: 1255 [  8h 24m  ] 
INFO:  Idle: 381,  Running: 8,  Completed: 1256 [  8h 24m  ] 
INFO:  Idle: 380,  Running: 8,  Completed: 1257 [  8h 24m  ] 
INFO:  Idle: 379,  Running: 8,  Completed: 1258 [  8h 25m  ] 
INFO:  Idle: 376,  Running: 8,  Completed: 1261 [  8h 25m  ] 
INFO:  Idle: 374,  Running: 8,  Completed: 1263 [  8h 26m  ] 
INFO:  Idle: 373,  Running: 8,  Completed: 1264 [  8h 26m  ] 
INFO:  Idle: 372,  Running: 8,  Completed: 1265 [  8h 27m  ] 
INFO:  Idle: 370,  Running: 8,  Completed: 1267 [  8h 27m  ] 
INFO:  Idle: 367,  Running: 8,  Completed: 1270 [  8h 27m  ] 
INFO:  Idle: 366,  Running: 8,  Completed: 1271 [  8h 29m  ] 
INFO:  Idle: 365,  Running: 8,  Completed: 1272 [  8h 29m  ] 
INFO:  Idle: 364,  Running: 8,  Completed: 1273 [  8h 29m  ] 
INFO:  Idle: 362,  Running: 8,  Completed: 1275 [  8h 29m  ] 
INFO:  Idle: 360,  Running: 8,  Completed: 1277 [  8h 29m  ] 
INFO:  Idle: 358,  Running: 8,  Completed: 1279 [  8h 31m  ] 
INFO:  Idle: 357,  Running: 8,  Completed: 1280 [  8h 32m  ] 
INFO:  Idle: 356,  Running: 8,  Completed: 1281 [  8h 32m  ] 
INFO:  Idle: 354,  Running: 8,  Completed: 1283 [  8h 32m  ] 
INFO:  Idle: 351,  Running: 8,  Completed: 1286 [  8h 32m  ] 
INFO:  Idle: 350,  Running: 8,  Completed: 1287 [  8h 34m  ] 
INFO:  Idle: 349,  Running: 8,  Completed: 1288 [  8h 34m  ] 
INFO:  Idle: 348,  Running: 8,  Completed: 1289 [  8h 34m  ] 
INFO:  Idle: 346,  Running: 8,  Completed: 1291 [  8h 34m  ] 
INFO:  Idle: 344,  Running: 8,  Completed: 1293 [  8h 34m  ] 
INFO:  Idle: 342,  Running: 8,  Completed: 1295 [  8h 36m  ] 
INFO:  Idle: 341,  Running: 8,  Completed: 1296 [  8h 36m  ] 
INFO:  Idle: 340,  Running: 8,  Completed: 1297 [  8h 36m  ] 
INFO:  Idle: 338,  Running: 8,  Completed: 1299 [  8h 37m  ] 
INFO:  Idle: 336,  Running: 8,  Completed: 1301 [  8h 37m  ] 
INFO:  Idle: 335,  Running: 8,  Completed: 1302 [  8h 37m  ] 
INFO:  Idle: 334,  Running: 8,  Completed: 1303 [  8h 38m  ] 
INFO:  Idle: 333,  Running: 8,  Completed: 1304 [  8h 38m  ] 
INFO:  Idle: 332,  Running: 8,  Completed: 1305 [  8h 39m  ] 
INFO:  Idle: 329,  Running: 8,  Completed: 1308 [  8h 39m  ] 
INFO:  Idle: 327,  Running: 8,  Completed: 1310 [  8h 39m  ] 
INFO:  Idle: 326,  Running: 8,  Completed: 1311 [  8h 40m  ] 
INFO:  Idle: 325,  Running: 8,  Completed: 1312 [  8h 41m  ] 
INFO:  Idle: 324,  Running: 8,  Completed: 1313 [  8h 41m  ] 
INFO:  Idle: 322,  Running: 8,  Completed: 1315 [  8h 41m  ] 
INFO:  Idle: 319,  Running: 8,  Completed: 1318 [  8h 41m  ] 
INFO:  Idle: 318,  Running: 8,  Completed: 1319 [  8h 43m  ] 
INFO:  Idle: 317,  Running: 8,  Completed: 1320 [  8h 43m  ] 
INFO:  Idle: 316,  Running: 8,  Completed: 1321 [  8h 43m  ] 
INFO:  Idle: 314,  Running: 8,  Completed: 1323 [  8h 43m  ] 
INFO:  Idle: 311,  Running: 8,  Completed: 1326 [  8h 43m  ] 
INFO:  Idle: 310,  Running: 8,  Completed: 1327 [  8h 45m  ] 
INFO:  Idle: 309,  Running: 8,  Completed: 1328 [  8h 45m  ] 
INFO:  Idle: 307,  Running: 8,  Completed: 1330 [  8h 45m  ] 
INFO:  Idle: 304,  Running: 8,  Completed: 1333 [  8h 45m  ] 
INFO:  Idle: 303,  Running: 8,  Completed: 1334 [  8h 46m  ] 
INFO:  Idle: 302,  Running: 8,  Completed: 1335 [  8h 47m  ] 
INFO:  Idle: 301,  Running: 8,  Completed: 1336 [  8h 47m  ] 
INFO:  Idle: 300,  Running: 8,  Completed: 1337 [  8h 47m  ] 
INFO:  Idle: 299,  Running: 8,  Completed: 1338 [  8h 47m  ] 
INFO:  Idle: 295,  Running: 8,  Completed: 1342 [  8h 48m  ] 
INFO:  Idle: 294,  Running: 8,  Completed: 1343 [  8h 49m  ] 
INFO:  Idle: 293,  Running: 8,  Completed: 1344 [  8h 50m  ] 
INFO:  Idle: 291,  Running: 8,  Completed: 1346 [  8h 50m  ] 
INFO:  Idle: 287,  Running: 8,  Completed: 1350 [  8h 50m  ] 
INFO:  Idle: 286,  Running: 8,  Completed: 1351 [  8h 52m  ] 
INFO:  Idle: 285,  Running: 8,  Completed: 1352 [  8h 52m  ] 
INFO:  Idle: 283,  Running: 8,  Completed: 1354 [  8h 52m  ] 
INFO:  Idle: 281,  Running: 8,  Completed: 1356 [  8h 52m  ] 
INFO:  Idle: 279,  Running: 8,  Completed: 1358 [  8h 52m  ] 
INFO:  Idle: 278,  Running: 8,  Completed: 1359 [  8h 54m  ] 
INFO:  Idle: 277,  Running: 8,  Completed: 1360 [  8h 54m  ] 
INFO:  Idle: 275,  Running: 8,  Completed: 1362 [  8h 54m  ] 
INFO:  Idle: 272,  Running: 8,  Completed: 1365 [  8h 54m  ] 
INFO:  Idle: 271,  Running: 8,  Completed: 1366 [  8h 54m  ] 
INFO:  Idle: 270,  Running: 8,  Completed: 1367 [  8h 56m  ] 
INFO:  Idle: 269,  Running: 8,  Completed: 1368 [  8h 56m  ] 
INFO:  Idle: 267,  Running: 8,  Completed: 1370 [  8h 56m  ] 
INFO:  Idle: 263,  Running: 8,  Completed: 1374 [  8h 57m  ] 
INFO:  Idle: 262,  Running: 8,  Completed: 1375 [  8h 58m  ] 
INFO:  Idle: 261,  Running: 8,  Completed: 1376 [  8h 58m  ] 
INFO:  Idle: 259,  Running: 8,  Completed: 1378 [  8h 58m  ] 
INFO:  Idle: 255,  Running: 8,  Completed: 1382 [  8h 59m  ] 
INFO:  Idle: 254,  Running: 8,  Completed: 1383 [  9h 0m  ] 
INFO:  Idle: 253,  Running: 8,  Completed: 1384 [  9h 0m  ] 
INFO:  Idle: 251,  Running: 8,  Completed: 1386 [  9h 0m  ] 
INFO:  Idle: 248,  Running: 8,  Completed: 1389 [  9h 0m  ] 
INFO:  Idle: 247,  Running: 8,  Completed: 1390 [  9h 1m  ] 
INFO:  Idle: 246,  Running: 8,  Completed: 1391 [  9h 2m  ] 
INFO:  Idle: 245,  Running: 8,  Completed: 1392 [  9h 2m  ] 
INFO:  Idle: 244,  Running: 8,  Completed: 1393 [  9h 2m  ] 
INFO:  Idle: 242,  Running: 8,  Completed: 1395 [  9h 2m  ] 
INFO:  Idle: 241,  Running: 8,  Completed: 1396 [  9h 3m  ] 
INFO:  Idle: 239,  Running: 8,  Completed: 1398 [  9h 3m  ] 
INFO:  Idle: 238,  Running: 8,  Completed: 1399 [  9h 4m  ] 
INFO:  Idle: 237,  Running: 8,  Completed: 1400 [  9h 4m  ] 
INFO:  Idle: 236,  Running: 8,  Completed: 1401 [  9h 4m  ] 
INFO:  Idle: 234,  Running: 8,  Completed: 1403 [  9h 5m  ] 
INFO:  Idle: 231,  Running: 8,  Completed: 1406 [  9h 5m  ] 
INFO:  Idle: 230,  Running: 8,  Completed: 1407 [  9h 6m  ] 
INFO:  Idle: 229,  Running: 8,  Completed: 1408 [  9h 7m  ] 
INFO:  Idle: 228,  Running: 8,  Completed: 1409 [  9h 7m  ] 
INFO:  Idle: 226,  Running: 8,  Completed: 1411 [  9h 7m  ] 
INFO:  Idle: 225,  Running: 8,  Completed: 1412 [  9h 7m  ] 
INFO:  Idle: 223,  Running: 8,  Completed: 1414 [  9h 7m  ] 
INFO:  Idle: 222,  Running: 8,  Completed: 1415 [  9h 9m  ] 
INFO:  Idle: 221,  Running: 8,  Completed: 1416 [  9h 9m  ] 
INFO:  Idle: 219,  Running: 8,  Completed: 1418 [  9h 9m  ] 
INFO:  Idle: 217,  Running: 8,  Completed: 1420 [  9h 9m  ] 
INFO:  Idle: 215,  Running: 8,  Completed: 1422 [  9h 9m  ] 
INFO:  Idle: 214,  Running: 8,  Completed: 1423 [  9h 11m  ] 
INFO:  Idle: 213,  Running: 8,  Completed: 1424 [  9h 11m  ] 
INFO:  Idle: 212,  Running: 8,  Completed: 1425 [  9h 11m  ] 
INFO:  Idle: 211,  Running: 8,  Completed: 1426 [  9h 11m  ] 
INFO:  Idle: 209,  Running: 8,  Completed: 1428 [  9h 11m  ] 
INFO:  Idle: 207,  Running: 8,  Completed: 1430 [  9h 11m  ] 
INFO:  Idle: 206,  Running: 8,  Completed: 1431 [  9h 13m  ] 
INFO:  Idle: 205,  Running: 8,  Completed: 1432 [  9h 13m  ] 
INFO:  Idle: 204,  Running: 8,  Completed: 1433 [  9h 13m  ] 
INFO:  Idle: 203,  Running: 8,  Completed: 1434 [  9h 13m  ] 
INFO:  Idle: 200,  Running: 8,  Completed: 1437 [  9h 13m  ] 
INFO:  Idle: 198,  Running: 8,  Completed: 1439 [  9h 15m  ] 
INFO:  Idle: 196,  Running: 8,  Completed: 1441 [  9h 15m  ] 
INFO:  Idle: 195,  Running: 8,  Completed: 1442 [  9h 16m  ] 
INFO:  Idle: 192,  Running: 8,  Completed: 1445 [  9h 16m  ] 
INFO:  Idle: 190,  Running: 8,  Completed: 1447 [  9h 18m  ] 
INFO:  Idle: 189,  Running: 8,  Completed: 1448 [  9h 18m  ] 
INFO:  Idle: 188,  Running: 8,  Completed: 1449 [  9h 18m  ] 
INFO:  Idle: 187,  Running: 8,  Completed: 1450 [  9h 18m  ] 
INFO:  Idle: 185,  Running: 8,  Completed: 1452 [  9h 18m  ] 
INFO:  Idle: 182,  Running: 8,  Completed: 1455 [  9h 19m  ] 
INFO:  Idle: 179,  Running: 8,  Completed: 1458 [  9h 20m  ] 
INFO:  Idle: 178,  Running: 8,  Completed: 1459 [  9h 20m  ] 
INFO:  Idle: 176,  Running: 8,  Completed: 1461 [  9h 20m  ] 
INFO:  Idle: 174,  Running: 8,  Completed: 1463 [  9h 21m  ] 
INFO:  Idle: 171,  Running: 8,  Completed: 1466 [  9h 21m  ] 
INFO:  Idle: 170,  Running: 8,  Completed: 1467 [  9h 21m  ] 
INFO:  Idle: 167,  Running: 8,  Completed: 1470 [  9h 21m  ] 
INFO:  Idle: 166,  Running: 8,  Completed: 1471 [  9h 23m  ] 
INFO:  Idle: 163,  Running: 8,  Completed: 1474 [  9h 23m  ] 
INFO:  Idle: 162,  Running: 8,  Completed: 1475 [  9h 23m  ] 
INFO:  Idle: 158,  Running: 8,  Completed: 1479 [  9h 25m  ] 
INFO:  Idle: 155,  Running: 8,  Completed: 1482 [  9h 25m  ] 
INFO:  Idle: 154,  Running: 8,  Completed: 1483 [  9h 25m  ] 
INFO:  Idle: 150,  Running: 8,  Completed: 1487 [  9h 26m  ] 
INFO:  Idle: 147,  Running: 8,  Completed: 1490 [  9h 27m  ] 
INFO:  Idle: 146,  Running: 8,  Completed: 1491 [  9h 27m  ] 
INFO:  Idle: 143,  Running: 8,  Completed: 1494 [  9h 27m  ] 
INFO:  Idle: 142,  Running: 8,  Completed: 1495 [  9h 28m  ] 
INFO:  Idle: 139,  Running: 8,  Completed: 1498 [  9h 28m  ] 
INFO:  Idle: 138,  Running: 8,  Completed: 1499 [  9h 28m  ] 
INFO:  Idle: 137,  Running: 8,  Completed: 1500 [  9h 28m  ] 
INFO:  Idle: 134,  Running: 8,  Completed: 1503 [  9h 30m  ] 
INFO:  Idle: 133,  Running: 8,  Completed: 1504 [  9h 30m  ] 
INFO:  Idle: 132,  Running: 8,  Completed: 1505 [  9h 30m  ] 
INFO:  Idle: 130,  Running: 8,  Completed: 1507 [  9h 30m  ] 
INFO:  Idle: 129,  Running: 8,  Completed: 1508 [  9h 30m  ] 
INFO:  Idle: 127,  Running: 8,  Completed: 1510 [  9h 30m  ] 
INFO:  Idle: 126,  Running: 8,  Completed: 1511 [  9h 31m  ] 
INFO:  Idle: 125,  Running: 8,  Completed: 1512 [  9h 32m  ] 
INFO:  Idle: 123,  Running: 8,  Completed: 1514 [  9h 32m  ] 
INFO:  Idle: 121,  Running: 8,  Completed: 1516 [  9h 32m  ] 
INFO:  Idle: 118,  Running: 8,  Completed: 1519 [  9h 33m  ] 
INFO:  Idle: 116,  Running: 8,  Completed: 1521 [  9h 33m  ] 
INFO:  Idle: 114,  Running: 8,  Completed: 1523 [  9h 33m  ] 
INFO:  Idle: 112,  Running: 8,  Completed: 1525 [  9h 33m  ] 
INFO:  Idle: 110,  Running: 8,  Completed: 1527 [  9h 35m  ] 
INFO:  Idle: 109,  Running: 8,  Completed: 1528 [  9h 35m  ] 
INFO:  Idle: 104,  Running: 8,  Completed: 1533 [  9h 35m  ] 
INFO:  Idle: 103,  Running: 8,  Completed: 1534 [  9h 35m  ] 
INFO:  Idle: 102,  Running: 8,  Completed: 1535 [  9h 36m  ] 
INFO:  Idle: 101,  Running: 8,  Completed: 1536 [  9h 36m  ] 
INFO:  Idle: 98,  Running: 8,  Completed: 1539 [  9h 36m  ] 
INFO:  Idle: 95,  Running: 8,  Completed: 1542 [  9h 36m  ] 
INFO:  Idle: 94,  Running: 8,  Completed: 1543 [  9h 38m  ] 
INFO:  Idle: 93,  Running: 8,  Completed: 1544 [  9h 38m  ] 
INFO:  Idle: 91,  Running: 8,  Completed: 1546 [  9h 38m  ] 
INFO:  Idle: 89,  Running: 8,  Completed: 1548 [  9h 38m  ] 
INFO:  Idle: 87,  Running: 8,  Completed: 1550 [  9h 38m  ] 
INFO:  Idle: 86,  Running: 8,  Completed: 1551 [  9h 40m  ] 
INFO:  Idle: 85,  Running: 8,  Completed: 1552 [  9h 40m  ] 
INFO:  Idle: 83,  Running: 8,  Completed: 1554 [  9h 40m  ] 
INFO:  Idle: 82,  Running: 8,  Completed: 1555 [  9h 40m  ] 
INFO:  Idle: 79,  Running: 8,  Completed: 1558 [  9h 41m  ] 
INFO:  Idle: 78,  Running: 8,  Completed: 1559 [  9h 42m  ] 
INFO:  Idle: 77,  Running: 8,  Completed: 1560 [  9h 43m  ] 
INFO:  Idle: 75,  Running: 8,  Completed: 1562 [  9h 43m  ] 
INFO:  Idle: 73,  Running: 8,  Completed: 1564 [  9h 43m  ] 
INFO:  Idle: 71,  Running: 8,  Completed: 1566 [  9h 43m  ] 
INFO:  Idle: 70,  Running: 8,  Completed: 1567 [  9h 45m  ] 
INFO:  Idle: 69,  Running: 8,  Completed: 1568 [  9h 45m  ] 
INFO:  Idle: 67,  Running: 8,  Completed: 1570 [  9h 45m  ] 
INFO:  Idle: 63,  Running: 8,  Completed: 1574 [  9h 45m  ] 
INFO:  Idle: 62,  Running: 8,  Completed: 1575 [  9h 47m  ] 
INFO:  Idle: 61,  Running: 8,  Completed: 1576 [  9h 47m  ] 
INFO:  Idle: 56,  Running: 8,  Completed: 1581 [  9h 47m  ] 
INFO:  Idle: 55,  Running: 8,  Completed: 1582 [  9h 47m  ] 
INFO:  Idle: 54,  Running: 8,  Completed: 1583 [  9h 49m  ] 
INFO:  Idle: 53,  Running: 8,  Completed: 1584 [  9h 49m  ] 
INFO:  Idle: 50,  Running: 8,  Completed: 1587 [  9h 49m  ] 
INFO:  Idle: 47,  Running: 8,  Completed: 1590 [  9h 50m  ] 
INFO:  Idle: 46,  Running: 8,  Completed: 1591 [  9h 51m  ] 
INFO:  Idle: 45,  Running: 8,  Completed: 1592 [  9h 51m  ] 
INFO:  Idle: 43,  Running: 8,  Completed: 1594 [  9h 51m  ] 
INFO:  Idle: 40,  Running: 8,  Completed: 1597 [  9h 51m  ] 
INFO:  Idle: 39,  Running: 8,  Completed: 1598 [  9h 52m  ] 
INFO:  Idle: 38,  Running: 8,  Completed: 1599 [  9h 54m  ] 
INFO:  Idle: 37,  Running: 8,  Completed: 1600 [  9h 54m  ] 
INFO:  Idle: 36,  Running: 8,  Completed: 1601 [  9h 54m  ] 
INFO:  Idle: 32,  Running: 8,  Completed: 1605 [  9h 54m  ] 
INFO:  Idle: 31,  Running: 8,  Completed: 1606 [  9h 54m  ] 
INFO:  Idle: 30,  Running: 8,  Completed: 1607 [  9h 56m  ] 
INFO:  Idle: 29,  Running: 8,  Completed: 1608 [  9h 56m  ] 
INFO:  Idle: 28,  Running: 8,  Completed: 1609 [  9h 56m  ] 
INFO:  Idle: 23,  Running: 8,  Completed: 1614 [  9h 56m  ] 
INFO:  Idle: 22,  Running: 8,  Completed: 1615 [  9h 58m  ] 
INFO:  Idle: 21,  Running: 8,  Completed: 1616 [  9h 58m  ] 
INFO:  Idle: 20,  Running: 8,  Completed: 1617 [  9h 58m  ] 
INFO:  Idle: 16,  Running: 8,  Completed: 1621 [  9h 58m  ] 
INFO:  Idle: 15,  Running: 8,  Completed: 1622 [  9h 58m  ] 
INFO:  Idle: 14,  Running: 8,  Completed: 1623 [  10h 0m  ] 
INFO:  Idle: 12,  Running: 8,  Completed: 1625 [  10h 0m  ] 
INFO:  Idle: 7,  Running: 8,  Completed: 1630 [  10h 1m  ] 
INFO:  Idle: 6,  Running: 8,  Completed: 1631 [  10h 2m  ] 
INFO:  Idle: 5,  Running: 8,  Completed: 1632 [  10h 2m  ] 
INFO:  Idle: 4,  Running: 8,  Completed: 1633 [  10h 3m  ] 
INFO:  Idle: 0,  Running: 8,  Completed: 1637 [  10h 3m  ] 
INFO:  Idle: 0,  Running: 7,  Completed: 1638 [  10h 3m  ] 
INFO:  Idle: 0,  Running: 6,  Completed: 1639 [  10h 5m  ] 
INFO:  Idle: 0,  Running: 5,  Completed: 1640 [  10h 5m  ] 
INFO:  Idle: 0,  Running: 4,  Completed: 1641 [  10h 5m  ] 
INFO:  Idle: 0,  Running: 1,  Completed: 1644 [  10h 5m  ] 
INFO:  Idle: 0,  Running: 0,  Completed: 1646 [  10h 6m  ] 
INFO:  Idle: 0,  Running: 0,  Completed: 1646 [  10h 6m  ] 
INFO: Combining runs 
sum of cpu time of last step: 0 second
INFO: finish refine 
refine 10000 --treshold=0.9
No need for second refine due to stability of cross-section
INFO: Combining Events 
 
 
 
  === Results Summary for run: run_03 tag: tag_1 ===

     Cumulative sequential time for this run: 16h07m03s
     Cross-section :   0.01538 +- 3.593e-05 pb
     Nb of events :  10000
 
INFO: No version of lhapdf. Can not run systematics computation 
store_events
INFO: Storing parton level results 
INFO: End Parton 
reweight -from_cards
decay_events -from_cards
INFO: storing files of previous run 
INFO: Done 
quit
INFO:  
