************************************************************
*                                                          *
*                      W E L C O M E to                    *
*             M A D G R A P H 5 _ a M C @ N L O            *
*                      M A D E V E N T                     *
*                                                          *
*                 *                       *                *
*                   *        * *        *                  *
*                     * * * * 5 * * * *                    *
*                   *        * *        *                  *
*                 *                       *                *
*                                                          *
*         VERSION 2.9.7                 20xx-xx-xx         *
*                                                          *
*    The MadGraph5_aMC@NLO Development Team - Find us at   *
*    https://server06.fynu.ucl.ac.be/projects/madgraph     *
*                                                          *
*               Type 'help' for in-line help.              *
*                                                          *
************************************************************
INFO: load configuration from /home/bruno/NewScalars/Work/MG5_aMC_v2_9_7/gg_eta_s3/Cards/me5_configuration.txt  
INFO: load configuration from /home/bruno/NewScalars/Work/MG5_aMC_v2_9_7/input/mg5_configuration.txt  
INFO: load configuration from /home/bruno/NewScalars/Work/MG5_aMC_v2_9_7/gg_eta_s3/Cards/me5_configuration.txt  
No valid eps viewer found. Please set in ./input/mg5_configuration.txt
Using default web browser "firefox". Set another one in ./input/mg5_configuration.txt
generate_events 
stty: 'standard input': Inappropriate ioctl for device
The following switches determine which programs are run:
/===========================================================================\
| 1. Choose the shower/hadronization program   [1m  shower[0m = [01mNot Avail.[0m        |
| 2. Choose the detector simulation program    [1mdetector[0m = [01mNot Avail.[0m        |
| 3. Choose an analysis package (plot/convert) [1manalysis[0m = [01mNot Avail.[0m        |
| 4. Decay onshell particles                   [1m madspin[0m = [31mOFF[0m               |
| 5. Add weights to events for new hypp.       [1mreweight[0m = [31mOFF[0m               |
\===========================================================================/
Either type the switch number (1 to 5) to change its setting,
Set any switch explicitly (e.g. type 'madspin=ON' at the prompt)
Type 'help' for the list of all valid option
Type '0', 'auto', 'done' or just press enter when you are done.[60s to answer] 
>stty: 'standard input': Inappropriate ioctl for device
Do you want to edit a card (press enter to bypass editing)?
/------------------------------------------------------------\
|  [31m1[0m. param         : [32mparam_card.dat[0m                         |
|  [31m2[0m. run           : [32mrun_card.dat[0m                           |
|  [31m3[0m. MadLoopParams : [32mMadLoopParams.dat[0m                      |
\------------------------------------------------------------/
 you can also
   - enter the path to a valid card or banner.
   - use the 'set' command to modify a parameter directly.
     The set option works only for param_card and run_card.
     Type 'help set' for more information on this command.
   - call an external program (ASperGE/MadWidth/...).
     Type 'help' for the list of available command
 [[4m0[0m, done, 1, param, 2, run, 3, MadLoopParams, enter path][90s to answer] 
>INFO: Update the dependent parameter of the param_card.dat 
Generating 10000 events with run name run_05
survey  run_05 
INFO: compile directory 
initMadLoop -r -f
Initializing MadLoop loop-induced matrix elements (this can take some time)...
MadLoop initialization finished.
compile Source Directory
Using random number seed offset = 45
INFO: Running Survey 
Creating Jobs
Working on SubProcesses
INFO:     P0_gg_hh  
INFO:  Idle: 1,  Running: 3,  Completed: 0 [ current time: 21h44 ] 
INFO:  Idle: 0,  Running: 3,  Completed: 1 [  37.9s  ] 
INFO: P0_gg_hh/G1 is at 0.0121 +- 0.000675 pb. Now submitting iteration #2. 
INFO: P0_gg_hh/G2 is at 0.0118 +- 0.000457 pb. Now submitting iteration #2. 
INFO:  Idle: 0,  Running: 3,  Completed: 7 [  1m 29s  ] 
INFO: P0_gg_hh/G1 is at 0.0116 +- 0.000283 pb. Now submitting iteration #3. 
INFO:  Idle: 0,  Running: 3,  Completed: 10 [  1m 33s  ] 
INFO: P0_gg_hh/G2 is at 0.01152 +- 0.000102 pb. Now submitting iteration #3. 
INFO:  Idle: 0,  Running: 3,  Completed: 13 [  3m 45s  ] 
INFO: Survey finished for P0_gg_hh/G2 at 0.01152 +- 3.22e-05 pb 
INFO:  Idle: 1,  Running: 0,  Completed: 17 [  3m 49s  ] 
INFO: Survey finished for P0_gg_hh/G1 at 0.01155 +- 7.93e-05 pb 
INFO:  Idle: 0,  Running: 0,  Completed: 18 [  3m 49s  ] 
INFO: End survey 
refine 10000
Creating Jobs
INFO: Refine results to 10000 
INFO: Generating 10000.0 unweighted events. 
sum of cpu time of last step: 0 second
INFO: Effective Luminosity 498418.0644042821 pb^-1 
INFO: need to improve 2 channels 
- Current estimate of cross-section: 0.023073 +- 8.556735572050827e-05
INFO:  Idle: 1,  Running: 8,  Completed: 0 [ current time: 21h48 ] 
INFO:  Idle: 1,  Running: 8,  Completed: 1 [  2m 3s  ] 
INFO:  Idle: 0,  Running: 8,  Completed: 2 [  4m 32s  ] 
INFO: P0_gg_hh/G2 is at 2006/5811 (35%) event. Resubmit 1 job at iteration 1. 
INFO:  Idle: 0,  Running: 3,  Completed: 8 [  4m 36s  ] 
INFO:  Idle: 1,  Running: 1,  Completed: 10 [  6m 33s  ] 
INFO: P0_gg_hh/G2 is at 3777/5799 (65%) event. Resubmit 2 job at iteration 2. 
INFO: P0_gg_hh/G1 is at 190/5861 (3.3%) event. Resubmit 20 job at iteration 1. 
INFO:  Idle: 13,  Running: 8,  Completed: 14 [  8m 22s  ] 
INFO:  Idle: 12,  Running: 8,  Completed: 16 [  10m 46s  ] 
INFO:  Idle: 7,  Running: 8,  Completed: 21 [  10m 50s  ] 
INFO:  Idle: 6,  Running: 8,  Completed: 22 [  13m 11s  ] 
INFO:  Idle: 5,  Running: 8,  Completed: 23 [  13m 16s  ] 
INFO:  Idle: 4,  Running: 8,  Completed: 24 [  15m 6s  ] 
INFO:  Idle: 0,  Running: 8,  Completed: 28 [  15m 10s  ] 
INFO: found enough event for P0_gg_hh/G2 
INFO:  Idle: 0,  Running: 5,  Completed: 31 [  17m 27s  ] 
INFO:  Idle: 0,  Running: 4,  Completed: 32 [  17m 39s  ] 
INFO:  Idle: 0,  Running: 3,  Completed: 33 [  20m 19s  ] 
INFO:  Idle: 0,  Running: 1,  Completed: 35 [  20m 22s  ] 
INFO: P0_gg_hh/G1 is at 334/5887 (5.7%) event. Resubmit 50 job at iteration 2. 
INFO:  Idle: 41,  Running: 8,  Completed: 38 [  25m 10s  ] 
INFO:  Idle: 36,  Running: 8,  Completed: 43 [  25m 13s  ] 
INFO:  Idle: 33,  Running: 8,  Completed: 46 [  29m 49s  ] 
INFO:  Idle: 30,  Running: 8,  Completed: 49 [  29m 52s  ] 
INFO:  Idle: 26,  Running: 8,  Completed: 53 [  29m 57s  ] 
INFO:  Idle: 25,  Running: 8,  Completed: 54 [  35m 29s  ] 
INFO:  Idle: 21,  Running: 8,  Completed: 58 [  35m 32s  ] 
INFO:  Idle: 17,  Running: 8,  Completed: 62 [  39m 55s  ] 
INFO:  Idle: 16,  Running: 8,  Completed: 63 [  39m 59s  ] 
INFO:  Idle: 12,  Running: 8,  Completed: 67 [  40m 4s  ] 
INFO:  Idle: 9,  Running: 8,  Completed: 70 [  45m 43s  ] 
INFO:  Idle: 6,  Running: 8,  Completed: 73 [  45m 47s  ] 
INFO:  Idle: 3,  Running: 8,  Completed: 76 [  45m 50s  ] 
INFO:  Idle: 1,  Running: 8,  Completed: 78 [  51m 22s  ] 
INFO:  Idle: 0,  Running: 5,  Completed: 82 [  51m 26s  ] 
INFO:  Idle: 0,  Running: 1,  Completed: 86 [  55m 51s  ] 
INFO:  Idle: 1,  Running: 0,  Completed: 87 [  55m 57s  ] 
INFO: P0_gg_hh/G1 is at 879/5863 ('15%') event. Resubmit 75 job at iteration 3. 
INFO:  Idle: 66,  Running: 8,  Completed: 89 [  1h 0m  ] 
INFO:  Idle: 65,  Running: 8,  Completed: 90 [  1h 0m  ] 
INFO:  Idle: 64,  Running: 8,  Completed: 91 [  1h 1m  ] 
INFO:  Idle: 61,  Running: 8,  Completed: 94 [  1h 1m  ] 
INFO:  Idle: 59,  Running: 8,  Completed: 96 [  1h 1m  ] 
INFO:  Idle: 58,  Running: 8,  Completed: 97 [  1h 6m  ] 
INFO:  Idle: 57,  Running: 8,  Completed: 98 [  1h 6m  ] 
INFO:  Idle: 55,  Running: 8,  Completed: 100 [  1h 6m  ] 
INFO:  Idle: 52,  Running: 8,  Completed: 103 [  1h 6m  ] 
INFO:  Idle: 50,  Running: 8,  Completed: 105 [  1h 10m  ] 
INFO:  Idle: 49,  Running: 8,  Completed: 106 [  1h 11m  ] 
INFO:  Idle: 45,  Running: 8,  Completed: 110 [  1h 11m  ] 
INFO:  Idle: 43,  Running: 8,  Completed: 112 [  1h 11m  ] 
INFO:  Idle: 42,  Running: 8,  Completed: 113 [  1h 15m  ] 
INFO:  Idle: 41,  Running: 8,  Completed: 114 [  1h 15m  ] 
INFO:  Idle: 37,  Running: 8,  Completed: 118 [  1h 15m  ] 
INFO:  Idle: 34,  Running: 8,  Completed: 121 [  1h 20m  ] 
INFO:  Idle: 33,  Running: 8,  Completed: 122 [  1h 20m  ] 
INFO:  Idle: 32,  Running: 8,  Completed: 123 [  1h 20m  ] 
INFO:  Idle: 29,  Running: 8,  Completed: 126 [  1h 20m  ] 
INFO:  Idle: 26,  Running: 8,  Completed: 129 [  1h 25m  ] 
INFO:  Idle: 25,  Running: 8,  Completed: 130 [  1h 25m  ] 
INFO:  Idle: 23,  Running: 8,  Completed: 132 [  1h 25m  ] 
INFO:  Idle: 21,  Running: 8,  Completed: 134 [  1h 25m  ] 
INFO:  Idle: 18,  Running: 8,  Completed: 137 [  1h 30m  ] 
INFO:  Idle: 17,  Running: 8,  Completed: 138 [  1h 30m  ] 
INFO:  Idle: 16,  Running: 8,  Completed: 139 [  1h 30m  ] 
INFO:  Idle: 15,  Running: 8,  Completed: 140 [  1h 30m  ] 
INFO:  Idle: 13,  Running: 8,  Completed: 142 [  1h 30m  ] 
INFO:  Idle: 11,  Running: 8,  Completed: 144 [  1h 30m  ] 
INFO:  Idle: 10,  Running: 8,  Completed: 145 [  1h 35m  ] 
INFO:  Idle: 9,  Running: 8,  Completed: 146 [  1h 35m  ] 
INFO:  Idle: 8,  Running: 8,  Completed: 147 [  1h 35m  ] 
INFO:  Idle: 6,  Running: 8,  Completed: 149 [  1h 35m  ] 
INFO:  Idle: 4,  Running: 8,  Completed: 151 [  1h 35m  ] 
INFO:  Idle: 2,  Running: 8,  Completed: 153 [  1h 39m  ] 
INFO:  Idle: 1,  Running: 8,  Completed: 154 [  1h 39m  ] 
INFO:  Idle: 0,  Running: 8,  Completed: 155 [  1h 39m  ] 
INFO:  Idle: 0,  Running: 6,  Completed: 157 [  1h 39m  ] 
INFO:  Idle: 0,  Running: 5,  Completed: 158 [  1h 39m  ] 
INFO:  Idle: 0,  Running: 2,  Completed: 161 [  1h 43m  ] 
INFO:  Idle: 0,  Running: 1,  Completed: 162 [  1h 43m  ] 
INFO:  Idle: 1,  Running: 0,  Completed: 163 [  1h 43m  ] 
INFO: found enough event for P0_gg_hh/G1 
INFO:  Idle: 0,  Running: 0,  Completed: 164 [  1h 44m  ] 
INFO:  Idle: 0,  Running: 0,  Completed: 164 [  1h 44m  ] 
INFO: Combining runs 
sum of cpu time of last step: 0 second
INFO: finish refine 
refine 10000 --treshold=0.9
No need for second refine due to stability of cross-section
INFO: Combining Events 
 
 
 
  === Results Summary for run: run_05 tag: tag_1 ===

     Cumulative sequential time for this run: 2h08m10s
     Cross-section :   0.02326 +- 4.895e-05 pb
     Nb of events :  10000
 
INFO: No version of lhapdf. Can not run systematics computation 
store_events
INFO: Storing parton level results 
INFO: End Parton 
reweight -from_cards
decay_events -from_cards
INFO: storing files of previous run 
INFO: Done 
quit
INFO:  
