************************************************************
*                                                          *
*                      W E L C O M E to                    *
*             M A D G R A P H 5 _ a M C @ N L O            *
*                      M A D E V E N T                     *
*                                                          *
*                 *                       *                *
*                   *        * *        *                  *
*                     * * * * 5 * * * *                    *
*                   *        * *        *                  *
*                 *                       *                *
*                                                          *
*         VERSION 2.9.7                 20xx-xx-xx         *
*                                                          *
*    The MadGraph5_aMC@NLO Development Team - Find us at   *
*    https://server06.fynu.ucl.ac.be/projects/madgraph     *
*                                                          *
*               Type 'help' for in-line help.              *
*                                                          *
************************************************************
INFO: load configuration from /home/bruno/NewScalars/Work/MG5_aMC_v2_9_7/gg_eta_s7/Cards/me5_configuration.txt  
INFO: load configuration from /home/bruno/NewScalars/Work/MG5_aMC_v2_9_7/input/mg5_configuration.txt  
INFO: load configuration from /home/bruno/NewScalars/Work/MG5_aMC_v2_9_7/gg_eta_s7/Cards/me5_configuration.txt  
No valid eps viewer found. Please set in ./input/mg5_configuration.txt
Using default web browser "firefox". Set another one in ./input/mg5_configuration.txt
generate_events 
stty: 'standard input': Inappropriate ioctl for device
The following switches determine which programs are run:
/===========================================================================\
| 1. Choose the shower/hadronization program   [1m  shower[0m = [01mNot Avail.[0m        |
| 2. Choose the detector simulation program    [1mdetector[0m = [01mNot Avail.[0m        |
| 3. Choose an analysis package (plot/convert) [1manalysis[0m = [01mNot Avail.[0m        |
| 4. Decay onshell particles                   [1m madspin[0m = [31mOFF[0m               |
| 5. Add weights to events for new hypp.       [1mreweight[0m = [31mOFF[0m               |
\===========================================================================/
Either type the switch number (1 to 5) to change its setting,
Set any switch explicitly (e.g. type 'madspin=ON' at the prompt)
Type 'help' for the list of all valid option
Type '0', 'auto', 'done' or just press enter when you are done.[60s to answer] 
>stty: 'standard input': Inappropriate ioctl for device
Do you want to edit a card (press enter to bypass editing)?
/------------------------------------------------------------\
|  [31m1[0m. param         : [32mparam_card.dat[0m                         |
|  [31m2[0m. run           : [32mrun_card.dat[0m                           |
|  [31m3[0m. MadLoopParams : [32mMadLoopParams.dat[0m                      |
\------------------------------------------------------------/
 you can also
   - enter the path to a valid card or banner.
   - use the 'set' command to modify a parameter directly.
     The set option works only for param_card and run_card.
     Type 'help set' for more information on this command.
   - call an external program (ASperGE/MadWidth/...).
     Type 'help' for the list of available command
 [[4m0[0m, done, 1, param, 2, run, 3, MadLoopParams, enter path][90s to answer] 
>INFO: Update the dependent parameter of the param_card.dat 
Generating 10000 events with run name run_08
survey  run_08 
INFO: compile directory 
initMadLoop -r -f
Initializing MadLoop loop-induced matrix elements (this can take some time)...
MadLoop initialization finished.
compile Source Directory
Using random number seed offset = 63
INFO: Running Survey 
Creating Jobs
Working on SubProcesses
INFO:     P0_gg_hh  
INFO:  Idle: 4,  Running: 0,  Completed: 0 [ current time: 19h41 ] 
INFO:  Idle: 0,  Running: 3,  Completed: 1 [  1m 2s  ] 
INFO: P0_gg_hh/G1 is at 0.00995 +- 0.000191 pb. Now submitting iteration #2. 
INFO:  Idle: 0,  Running: 3,  Completed: 4 [  1m 9s  ] 
INFO:  Idle: 1,  Running: 2,  Completed: 5 [  1m 14s  ] 
INFO: P0_gg_hh/G2 is at 0.000254 +- 1.73e-05 pb. Now submitting iteration #2. 
INFO:  Idle: 0,  Running: 3,  Completed: 7 [  3m 16s  ] 
INFO:  Idle: 1,  Running: 2,  Completed: 8 [  3m 24s  ] 
INFO: P0_gg_hh/G1 is at 0.00978 +- 0.000104 pb. Now submitting iteration #3. 
INFO:  Idle: 0,  Running: 3,  Completed: 10 [  3m 29s  ] 
INFO:  Idle: 1,  Running: 2,  Completed: 11 [  3m 33s  ] 
INFO: P0_gg_hh/G2 is at 0.0002611 +- 2.15e-06 pb. Now submitting iteration #3. 
INFO:  Idle: 0,  Running: 3,  Completed: 13 [  7m 11s  ] 
INFO:  Idle: 0,  Running: 2,  Completed: 14 [  7m 22s  ] 
INFO:  Idle: 1,  Running: 1,  Completed: 15 [  7m 26s  ] 
INFO: Survey finished for P0_gg_hh/G2 at 0.0002567 +- 1.82e-06 pb 
INFO: Survey finished for P0_gg_hh/G1 at 0.00963 +- 5.05e-05 pb 
INFO:  Idle: 0,  Running: 0,  Completed: 18 [  7m 27s  ] 
INFO: End survey 
refine 10000
Creating Jobs
INFO: Refine results to 10000 
INFO: Generating 10000.0 unweighted events. 
sum of cpu time of last step: 0 second
INFO: Effective Luminosity 1163194.1107987906 pb^-1 
INFO: need to improve 1 channels 
- Current estimate of cross-section: 0.00988657 +- 5.051490164703877e-05
INFO:  Idle: 0,  Running: 8,  Completed: 0 [ current time: 19h48 ] 
INFO:  Idle: 0,  Running: 7,  Completed: 1 [  1m 8s  ] 
INFO: P0_gg_hh/G1 is at 614/11158 (5.5%) event. Resubmit 20 job at iteration 1. 
INFO:  Idle: 11,  Running: 8,  Completed: 10 [  2m 21s  ] 
INFO:  Idle: 5,  Running: 8,  Completed: 16 [  2m 25s  ] 
INFO:  Idle: 3,  Running: 8,  Completed: 18 [  3m 34s  ] 
INFO:  Idle: 0,  Running: 6,  Completed: 23 [  3m 37s  ] 
INFO:  Idle: 0,  Running: 4,  Completed: 25 [  3m 40s  ] 
INFO:  Idle: 0,  Running: 3,  Completed: 26 [  4m 45s  ] 
INFO:  Idle: 0,  Running: 1,  Completed: 28 [  4m 49s  ] 
INFO: P0_gg_hh/G1 is at 8428/11112 (76%) event. Resubmit 7 job at iteration 2. 
INFO:  Idle: 0,  Running: 6,  Completed: 31 [  6m 0s  ] 
INFO: P0_gg_hh/G1 is at 969/11119 ('8.7%') event. Resubmit 10 job at iteration 3. 
INFO:  Idle: 3,  Running: 7,  Completed: 38 [  6m 3s  ] 
INFO:  Idle: 1,  Running: 8,  Completed: 39 [  7m 18s  ] 
INFO:  Idle: 0,  Running: 7,  Completed: 41 [  7m 22s  ] 
INFO:  Idle: 0,  Running: 1,  Completed: 47 [  8m 35s  ] 
INFO:  Idle: 1,  Running: 0,  Completed: 48 [  8m 45s  ] 
INFO: P0_gg_hh/G1 is at 10170/11112 ('92%') event. Resubmit 15 job at iteration 4. 
INFO:  Idle: 7,  Running: 8,  Completed: 49 [  9m 6s  ] 
INFO:  Idle: 6,  Running: 8,  Completed: 50 [  10m 24s  ] 
INFO:  Idle: 4,  Running: 8,  Completed: 52 [  10m 29s  ] 
INFO:  Idle: 1,  Running: 8,  Completed: 55 [  10m 32s  ] 
INFO:  Idle: 0,  Running: 8,  Completed: 56 [  10m 36s  ] 
INFO:  Idle: 0,  Running: 6,  Completed: 58 [  11m 48s  ] 
INFO:  Idle: 0,  Running: 4,  Completed: 60 [  11m 55s  ] 
INFO:  Idle: 1,  Running: 0,  Completed: 64 [  12m 0s  ] 
INFO: P0_gg_hh/G1 is at 8382/11124 ('75%') event. Resubmit 22 job at iteration 5. 
INFO:  Idle: 13,  Running: 8,  Completed: 66 [  13m 26s  ] 
INFO:  Idle: 5,  Running: 8,  Completed: 74 [  14m 53s  ] 
INFO:  Idle: 0,  Running: 5,  Completed: 82 [  16m 7s  ] 
INFO:  Idle: 0,  Running: 2,  Completed: 85 [  16m 14s  ] 
INFO: P0_gg_hh/G1 is at 9299/11131 ('84%') event. Resubmit 33 job at iteration 6. 
INFO:  Idle: 24,  Running: 8,  Completed: 89 [  17m 37s  ] 
INFO:  Idle: 17,  Running: 8,  Completed: 96 [  17m 40s  ] 
INFO:  Idle: 16,  Running: 8,  Completed: 97 [  19m 1s  ] 
INFO:  Idle: 12,  Running: 8,  Completed: 101 [  19m 4s  ] 
INFO:  Idle: 8,  Running: 8,  Completed: 105 [  20m 32s  ] 
INFO:  Idle: 3,  Running: 8,  Completed: 110 [  20m 36s  ] 
INFO:  Idle: 0,  Running: 8,  Completed: 113 [  22m 8s  ] 
INFO:  Idle: 0,  Running: 3,  Completed: 118 [  22m 12s  ] 
INFO:  Idle: 1,  Running: 0,  Completed: 121 [  23m 22s  ] 
INFO: P0_gg_hh/G1 is at 10673/11133 ('96%') event. Resubmit 12 job at iteration 7. 
INFO:  Idle: 3,  Running: 8,  Completed: 123 [  24m 38s  ] 
INFO:  Idle: 0,  Running: 3,  Completed: 131 [  25m 46s  ] 
INFO: found enough event for P0_gg_hh/G1 
INFO:  Idle: 0,  Running: 0,  Completed: 135 [  25m 48s  ] 
INFO: Combining runs 
sum of cpu time of last step: 0 second
INFO: finish refine 
refine 10000 --treshold=0.9
No need for second refine due to stability of cross-section
INFO: Combining Events 
 
 
 
  === Results Summary for run: run_08 tag: tag_1 ===

     Cumulative sequential time for this run: 27m09s
     Cross-section :   0.009826 +- 9.136e-06 pb
     Nb of events :  10000
 
INFO: No version of lhapdf. Can not run systematics computation 
store_events
INFO: Storing parton level results 
INFO: End Parton 
reweight -from_cards
decay_events -from_cards
INFO: storing files of previous run 
INFO: Done 
quit
INFO:  
