************************************************************
*                                                          *
*                      W E L C O M E to                    *
*             M A D G R A P H 5 _ a M C @ N L O            *
*                      M A D E V E N T                     *
*                                                          *
*                 *                       *                *
*                   *        * *        *                  *
*                     * * * * 5 * * * *                    *
*                   *        * *        *                  *
*                 *                       *                *
*                                                          *
*         VERSION 2.9.7                 20xx-xx-xx         *
*                                                          *
*    The MadGraph5_aMC@NLO Development Team - Find us at   *
*    https://server06.fynu.ucl.ac.be/projects/madgraph     *
*                                                          *
*               Type 'help' for in-line help.              *
*                                                          *
************************************************************
INFO: load configuration from /home/bruno/NewScalars/Work/MG5_aMC_v2_9_7/gg_eta_s5/Cards/me5_configuration.txt  
INFO: load configuration from /home/bruno/NewScalars/Work/MG5_aMC_v2_9_7/input/mg5_configuration.txt  
INFO: load configuration from /home/bruno/NewScalars/Work/MG5_aMC_v2_9_7/gg_eta_s5/Cards/me5_configuration.txt  
No valid eps viewer found. Please set in ./input/mg5_configuration.txt
Using default web browser "firefox". Set another one in ./input/mg5_configuration.txt
generate_events 
stty: 'standard input': Inappropriate ioctl for device
The following switches determine which programs are run:
/===========================================================================\
| 1. Choose the shower/hadronization program   [1m  shower[0m = [01mNot Avail.[0m        |
| 2. Choose the detector simulation program    [1mdetector[0m = [01mNot Avail.[0m        |
| 3. Choose an analysis package (plot/convert) [1manalysis[0m = [01mNot Avail.[0m        |
| 4. Decay onshell particles                   [1m madspin[0m = [31mOFF[0m               |
| 5. Add weights to events for new hypp.       [1mreweight[0m = [31mOFF[0m               |
\===========================================================================/
Either type the switch number (1 to 5) to change its setting,
Set any switch explicitly (e.g. type 'madspin=ON' at the prompt)
Type 'help' for the list of all valid option
Type '0', 'auto', 'done' or just press enter when you are done.[60s to answer] 
>stty: 'standard input': Inappropriate ioctl for device
Do you want to edit a card (press enter to bypass editing)?
/------------------------------------------------------------\
|  [31m1[0m. param         : [32mparam_card.dat[0m                         |
|  [31m2[0m. run           : [32mrun_card.dat[0m                           |
|  [31m3[0m. MadLoopParams : [32mMadLoopParams.dat[0m                      |
\------------------------------------------------------------/
 you can also
   - enter the path to a valid card or banner.
   - use the 'set' command to modify a parameter directly.
     The set option works only for param_card and run_card.
     Type 'help set' for more information on this command.
   - call an external program (ASperGE/MadWidth/...).
     Type 'help' for the list of available command
 [[4m0[0m, done, 1, param, 2, run, 3, MadLoopParams, enter path][90s to answer] 
>INFO: Update the dependent parameter of the param_card.dat 
Generating 10000 events with run name run_05
survey  run_05 
INFO: compile directory 
initMadLoop -r -f
Initializing MadLoop loop-induced matrix elements (this can take some time)...
MadLoop initialization finished.
compile Source Directory
Using random number seed offset = 45
INFO: Running Survey 
Creating Jobs
Working on SubProcesses
INFO:     P0_gg_hh  
INFO:  Idle: 2,  Running: 2,  Completed: 0 [ current time: 19h42 ] 
INFO:  Idle: 0,  Running: 3,  Completed: 1 [  1m 8s  ] 
INFO:  Idle: 0,  Running: 2,  Completed: 2 [  1m 13s  ] 
INFO:  Idle: 1,  Running: 1,  Completed: 3 [  1m 20s  ] 
INFO: P0_gg_hh/G1 is at 0.018 +- 0.00105 pb. Now submitting iteration #2. 
INFO:  Idle: 1,  Running: 2,  Completed: 5 [  1m 23s  ] 
INFO: P0_gg_hh/G2 is at 0.00749 +- 0.000296 pb. Now submitting iteration #2. 
INFO:  Idle: 0,  Running: 3,  Completed: 7 [  3m 18s  ] 
INFO:  Idle: 1,  Running: 1,  Completed: 9 [  3m 22s  ] 
INFO: P0_gg_hh/G1 is at 0.0168 +- 0.000507 pb. Now submitting iteration #3. 
INFO:  Idle: 1,  Running: 2,  Completed: 11 [  3m 25s  ] 
INFO: P0_gg_hh/G2 is at 0.007296 +- 6.88e-05 pb. Now submitting iteration #3. 
INFO:  Idle: 0,  Running: 3,  Completed: 13 [  7m 5s  ] 
INFO:  Idle: 1,  Running: 1,  Completed: 15 [  7m 9s  ] 
INFO: Survey finished for P0_gg_hh/G2 at 0.007298 +- 2.14e-05 pb 
INFO:  Idle: 1,  Running: 0,  Completed: 17 [  7m 13s  ] 
INFO: Survey finished for P0_gg_hh/G1 at 0.01671 +- 0.000141 pb 
INFO:  Idle: 0,  Running: 0,  Completed: 18 [  7m 13s  ] 
INFO: End survey 
refine 10000
Creating Jobs
INFO: Refine results to 10000 
INFO: Generating 10000.0 unweighted events. 
sum of cpu time of last step: 0 second
INFO: Effective Luminosity 479058.87841902237 pb^-1 
INFO: need to improve 2 channels 
- Current estimate of cross-section: 0.0240054 +- 0.00014238553102053592
INFO:  Idle: 4,  Running: 5,  Completed: 0 [ current time: 19h49 ] 
INFO:  Idle: 1,  Running: 8,  Completed: 1 [  2m 40s  ] 
INFO:  Idle: 0,  Running: 8,  Completed: 2 [  3m 37s  ] 
INFO: P0_gg_hh/G2 is at 1999/3525 (57%) event. Resubmit 1 job at iteration 1. 
INFO:  Idle: 0,  Running: 3,  Completed: 8 [  3m 41s  ] 
INFO:  Idle: 1,  Running: 1,  Completed: 10 [  6m 17s  ] 
INFO: P0_gg_hh/G1 is at 366/8142 (4.5%) event. Resubmit 20 job at iteration 1. 
INFO:  Idle: 12,  Running: 8,  Completed: 13 [  10m 12s  ] 
INFO:  Idle: 11,  Running: 8,  Completed: 14 [  10m 24s  ] 
INFO:  Idle: 8,  Running: 8,  Completed: 17 [  10m 28s  ] 
INFO:  Idle: 5,  Running: 8,  Completed: 20 [  10m 32s  ] 
INFO:  Idle: 4,  Running: 8,  Completed: 21 [  14m 18s  ] 
INFO:  Idle: 3,  Running: 8,  Completed: 22 [  14m 30s  ] 
INFO:  Idle: 0,  Running: 8,  Completed: 25 [  14m 35s  ] 
INFO: found enough event for P0_gg_hh/G2 
INFO:  Idle: 0,  Running: 4,  Completed: 29 [  14m 41s  ] 
INFO:  Idle: 0,  Running: 3,  Completed: 30 [  18m 29s  ] 
INFO:  Idle: 0,  Running: 2,  Completed: 31 [  18m 38s  ] 
INFO:  Idle: 0,  Running: 1,  Completed: 32 [  18m 46s  ] 
INFO: P0_gg_hh/G1 is at 464/8134 (5.7%) event. Resubmit 50 job at iteration 2. 
INFO:  Idle: 41,  Running: 8,  Completed: 35 [  22m 57s  ] 
INFO:  Idle: 34,  Running: 8,  Completed: 42 [  23m 1s  ] 
INFO:  Idle: 33,  Running: 8,  Completed: 43 [  26m 19s  ] 
INFO:  Idle: 29,  Running: 8,  Completed: 47 [  26m 23s  ] 
INFO:  Idle: 25,  Running: 8,  Completed: 51 [  29m 58s  ] 
INFO:  Idle: 24,  Running: 8,  Completed: 52 [  30m 3s  ] 
INFO:  Idle: 18,  Running: 8,  Completed: 58 [  30m 6s  ] 
INFO:  Idle: 17,  Running: 8,  Completed: 59 [  34m 11s  ] 
INFO:  Idle: 16,  Running: 8,  Completed: 60 [  34m 15s  ] 
INFO:  Idle: 11,  Running: 8,  Completed: 65 [  34m 19s  ] 
INFO:  Idle: 9,  Running: 8,  Completed: 67 [  38m 20s  ] 
INFO:  Idle: 7,  Running: 8,  Completed: 69 [  38m 24s  ] 
INFO:  Idle: 5,  Running: 8,  Completed: 71 [  38m 27s  ] 
INFO:  Idle: 1,  Running: 8,  Completed: 75 [  43m 12s  ] 
INFO:  Idle: 0,  Running: 6,  Completed: 78 [  43m 16s  ] 
INFO:  Idle: 0,  Running: 2,  Completed: 82 [  43m 20s  ] 
INFO:  Idle: 0,  Running: 1,  Completed: 83 [  46m 50s  ] 
INFO: P0_gg_hh/G1 is at 1525/8113 ('19%') event. Resubmit 75 job at iteration 3. 
INFO:  Idle: 67,  Running: 8,  Completed: 85 [  46m 53s  ] 
INFO:  Idle: 66,  Running: 8,  Completed: 86 [  51m 30s  ] 
INFO:  Idle: 65,  Running: 8,  Completed: 87 [  51m 34s  ] 
INFO:  Idle: 63,  Running: 8,  Completed: 89 [  51m 37s  ] 
INFO:  Idle: 58,  Running: 8,  Completed: 94 [  56m 26s  ] 
INFO:  Idle: 57,  Running: 8,  Completed: 95 [  56m 31s  ] 
INFO:  Idle: 53,  Running: 8,  Completed: 99 [  56m 34s  ] 
INFO:  Idle: 50,  Running: 8,  Completed: 102 [  1h 0m  ] 
INFO:  Idle: 47,  Running: 8,  Completed: 105 [  1h 0m  ] 
INFO:  Idle: 42,  Running: 8,  Completed: 110 [  1h 4m  ] 
INFO:  Idle: 39,  Running: 8,  Completed: 113 [  1h 4m  ] 
INFO:  Idle: 36,  Running: 8,  Completed: 116 [  1h 4m  ] 
INFO:  Idle: 35,  Running: 8,  Completed: 117 [  1h 5m  ] 
INFO:  Idle: 34,  Running: 8,  Completed: 118 [  1h 9m  ] 
INFO:  Idle: 31,  Running: 8,  Completed: 121 [  1h 9m  ] 
INFO:  Idle: 27,  Running: 8,  Completed: 125 [  1h 9m  ] 
INFO:  Idle: 26,  Running: 8,  Completed: 126 [  1h 13m  ] 
INFO:  Idle: 23,  Running: 8,  Completed: 129 [  1h 14m  ] 
INFO:  Idle: 19,  Running: 8,  Completed: 133 [  1h 14m  ] 
INFO:  Idle: 18,  Running: 8,  Completed: 134 [  1h 18m  ] 
INFO:  Idle: 14,  Running: 8,  Completed: 138 [  1h 19m  ] 
INFO:  Idle: 11,  Running: 8,  Completed: 141 [  1h 19m  ] 
INFO:  Idle: 10,  Running: 8,  Completed: 142 [  1h 22m  ] 
INFO:  Idle: 7,  Running: 8,  Completed: 145 [  1h 22m  ] 
INFO:  Idle: 5,  Running: 8,  Completed: 147 [  1h 22m  ] 
INFO:  Idle: 2,  Running: 8,  Completed: 150 [  1h 26m  ] 
INFO:  Idle: 0,  Running: 8,  Completed: 152 [  1h 26m  ] 
INFO:  Idle: 0,  Running: 7,  Completed: 153 [  1h 26m  ] 
INFO:  Idle: 0,  Running: 3,  Completed: 157 [  1h 26m  ] 
INFO:  Idle: 0,  Running: 2,  Completed: 158 [  1h 29m  ] 
INFO: found enough event for P0_gg_hh/G1 
INFO:  Idle: 0,  Running: 0,  Completed: 161 [  1h 30m  ] 
INFO:  Idle: 0,  Running: 0,  Completed: 161 [  1h 30m  ] 
INFO: Combining runs 
sum of cpu time of last step: 0 second
INFO: finish refine 
refine 10000 --treshold=0.9
No need for second refine due to stability of cross-section
INFO: Combining Events 
 
 
 
  === Results Summary for run: run_05 tag: tag_1 ===

     Cumulative sequential time for this run: 1h27m23s
     Cross-section :   0.02425 +- 2.151e-05 pb
     Nb of events :  10000
 
INFO: No version of lhapdf. Can not run systematics computation 
store_events
INFO: Storing parton level results 
INFO: End Parton 
reweight -from_cards
decay_events -from_cards
INFO: storing files of previous run 
INFO: Done 
quit
INFO:  
